Build started 1/4/2015 3:17:10 AM.
     1>Project "C:\Users\Samantha\Documents\CIS 497 DMD Senior Project\GranularMatSim\PositionBasedDynamics\PositionBasedDynamics.vcxproj" on node 2 (build target(s)).
     1>InitializeBuildStatus:
         Creating "Debug\WaterSim.unsuccessfulbuild" because "AlwaysCreate" was specified.
       ClCompile:
         C:\Program Files (x86)\Microsoft Visual Studio 10.0\VC\bin\CL.exe /c /I../tinyxml /I../glm /I../glew/include /I../glfw/include /ZI /nologo /W3 /WX- /Od /Oy- /D WIN32 /D _DEBUG /D _CONSOLE /D _UNICODE /D UNICODE /Gm /EHsc /RTC1 /MDd /GS /fp:precise /Zc:wchar_t /Zc:forScope /Fo"Debug\\" /Fd"Debug\vc100.pdb" /Gd /TP /analyze- /errorReport:prompt Source\WaterSim.cpp
         WaterSim.cpp
     1>c:\users\samantha\documents\cis 497 dmd senior project\granularmatsim\positionbaseddynamics\source\watersim.cpp(82): warning C4244: '=' : conversion from 'float' to 'int', possible loss of data
     1>c:\users\samantha\documents\cis 497 dmd senior project\granularmatsim\positionbaseddynamics\source\watersim.cpp(83): warning C4244: '=' : conversion from 'float' to 'int', possible loss of data
     1>c:\users\samantha\documents\cis 497 dmd senior project\granularmatsim\positionbaseddynamics\source\watersim.cpp(84): warning C4244: '=' : conversion from 'float' to 'int', possible loss of data
     1>c:\users\samantha\documents\cis 497 dmd senior project\granularmatsim\positionbaseddynamics\source\watersim.cpp(573): warning C4244: 'argument' : conversion from 'double' to 'float', possible loss of data
     1>c:\users\samantha\documents\cis 497 dmd senior project\granularmatsim\positionbaseddynamics\source\watersim.cpp(609): warning C4244: 'initializing' : conversion from 'float' to 'int', possible loss of data
     1>c:\users\samantha\documents\cis 497 dmd senior project\granularmatsim\positionbaseddynamics\source\watersim.cpp(610): warning C4244: 'initializing' : conversion from 'float' to 'int', possible loss of data
     1>c:\users\samantha\documents\cis 497 dmd senior project\granularmatsim\positionbaseddynamics\source\watersim.cpp(622): warning C4244: 'initializing' : conversion from 'float' to 'int', possible loss of data
     1>c:\users\samantha\documents\cis 497 dmd senior project\granularmatsim\positionbaseddynamics\source\watersim.cpp(623): warning C4244: 'initializing' : conversion from 'float' to 'int', possible loss of data
     1>c:\users\samantha\documents\cis 497 dmd senior project\granularmatsim\positionbaseddynamics\source\watersim.cpp(635): warning C4244: 'initializing' : conversion from 'float' to 'int', possible loss of data
     1>c:\users\samantha\documents\cis 497 dmd senior project\granularmatsim\positionbaseddynamics\source\watersim.cpp(636): warning C4244: 'initializing' : conversion from 'float' to 'int', possible loss of data
     1>c:\users\samantha\documents\cis 497 dmd senior project\granularmatsim\positionbaseddynamics\source\watersim.cpp(663): warning C4018: '<' : signed/unsigned mismatch
     1>c:\users\samantha\documents\cis 497 dmd senior project\granularmatsim\positionbaseddynamics\source\watersim.cpp(693): warning C4018: '<' : signed/unsigned mismatch
     1>c:\users\samantha\documents\cis 497 dmd senior project\granularmatsim\positionbaseddynamics\source\watersim.cpp(909): warning C4018: '<' : signed/unsigned mismatch
     1>c:\users\samantha\documents\cis 497 dmd senior project\granularmatsim\positionbaseddynamics\source\watersim.cpp(1046): warning C4018: '<' : signed/unsigned mismatch
     1>c:\users\samantha\documents\cis 497 dmd senior project\granularmatsim\positionbaseddynamics\source\watersim.cpp(1049): warning C4018: '<' : signed/unsigned mismatch
     1>c:\users\samantha\documents\cis 497 dmd senior project\granularmatsim\positionbaseddynamics\source\watersim.cpp(1061): warning C4018: '<' : signed/unsigned mismatch
     1>c:\users\samantha\documents\cis 497 dmd senior project\granularmatsim\positionbaseddynamics\source\watersim.cpp(1154): warning C4018: '<' : signed/unsigned mismatch
     1>c:\users\samantha\documents\cis 497 dmd senior project\granularmatsim\positionbaseddynamics\source\watersim.cpp(1243): warning C4018: '<' : signed/unsigned mismatch
     1>c:\users\samantha\documents\cis 497 dmd senior project\granularmatsim\positionbaseddynamics\source\watersim.cpp(1283): warning C4018: '<' : signed/unsigned mismatch
     1>c:\users\samantha\documents\cis 497 dmd senior project\granularmatsim\positionbaseddynamics\source\watersim.cpp(1290): warning C4244: '=' : conversion from 'double' to 'float', possible loss of data
     1>c:\users\samantha\documents\cis 497 dmd senior project\granularmatsim\positionbaseddynamics\source\watersim.cpp(1300): warning C4018: '<' : signed/unsigned mismatch
     1>c:\users\samantha\documents\cis 497 dmd senior project\granularmatsim\positionbaseddynamics\source\watersim.cpp(1312): warning C4244: 'return' : conversion from 'double' to 'float', possible loss of data
     1>c:\users\samantha\documents\cis 497 dmd senior project\granularmatsim\positionbaseddynamics\source\watersim.cpp(1320): warning C4244: 'return' : conversion from 'double' to 'float', possible loss of data
     1>c:\users\samantha\documents\cis 497 dmd senior project\granularmatsim\positionbaseddynamics\source\watersim.cpp(1328): warning C4244: 'return' : conversion from 'double' to 'float', possible loss of data
     1>c:\users\samantha\documents\cis 497 dmd senior project\granularmatsim\positionbaseddynamics\source\watersim.cpp(1338): warning C4018: '<' : signed/unsigned mismatch
     1>c:\users\samantha\documents\cis 497 dmd senior project\granularmatsim\positionbaseddynamics\source\watersim.cpp(1352): warning C4018: '<' : signed/unsigned mismatch
     1>c:\users\samantha\documents\cis 497 dmd senior project\granularmatsim\positionbaseddynamics\source\watersim.cpp(1368): warning C4018: '<' : signed/unsigned mismatch
     1>c:\users\samantha\documents\cis 497 dmd senior project\granularmatsim\positionbaseddynamics\source\watersim.cpp(1387): warning C4305: 'initializing' : truncation from 'double' to 'float'
     1>c:\users\samantha\documents\cis 497 dmd senior project\granularmatsim\positionbaseddynamics\source\watersim.cpp(1389): warning C4018: '<' : signed/unsigned mismatch
     1>c:\users\samantha\documents\cis 497 dmd senior project\granularmatsim\positionbaseddynamics\source\watersim.cpp(1402): warning C4244: '=' : conversion from 'double' to 'float', possible loss of data
     1>c:\users\samantha\documents\cis 497 dmd senior project\granularmatsim\positionbaseddynamics\source\watersim.cpp(1416): warning C4018: '<' : signed/unsigned mismatch
     1>c:\users\samantha\documents\cis 497 dmd senior project\granularmatsim\positionbaseddynamics\source\watersim.cpp(1431): warning C4018: '<' : signed/unsigned mismatch
     1>c:\users\samantha\documents\cis 497 dmd senior project\granularmatsim\positionbaseddynamics\source\watersim.cpp(1467): warning C4018: '<' : signed/unsigned mismatch
     1>c:\users\samantha\documents\cis 497 dmd senior project\granularmatsim\positionbaseddynamics\source\watersim.cpp(1507): warning C4018: '<' : signed/unsigned mismatch
     1>c:\users\samantha\documents\cis 497 dmd senior project\granularmatsim\positionbaseddynamics\source\watersim.cpp(1520): warning C4018: '<' : signed/unsigned mismatch
     1>c:\users\samantha\documents\cis 497 dmd senior project\granularmatsim\positionbaseddynamics\source\watersim.cpp(1534): warning C4018: '<' : signed/unsigned mismatch
     1>c:\users\samantha\documents\cis 497 dmd senior project\granularmatsim\positionbaseddynamics\source\watersim.cpp(1549): warning C4244: 'initializing' : conversion from 'glm::detail::tvec3<T>::size_type' to 'float', possible loss of data
                 with
                 [
                     T=glm::mediump_float
                 ]
     1>c:\users\samantha\documents\cis 497 dmd senior project\granularmatsim\positionbaseddynamics\source\watersim.cpp(1550): warning C4244: 'initializing' : conversion from 'glm::detail::tvec3<T>::size_type' to 'float', possible loss of data
                 with
                 [
                     T=glm::mediump_float
                 ]
     1>c:\users\samantha\documents\cis 497 dmd senior project\granularmatsim\positionbaseddynamics\source\watersim.cpp(1555): warning C4244: '=' : conversion from 'glm::detail::tvec3<T>::size_type' to 'float', possible loss of data
                 with
                 [
                     T=glm::mediump_float
                 ]
     1>c:\users\samantha\documents\cis 497 dmd senior project\granularmatsim\positionbaseddynamics\source\watersim.cpp(1569): warning C4305: 'initializing' : truncation from 'double' to 'float'
     1>c:\users\samantha\documents\cis 497 dmd senior project\granularmatsim\positionbaseddynamics\source\watersim.cpp(1571): warning C4018: '<' : signed/unsigned mismatch
     1>c:\users\samantha\documents\cis 497 dmd senior project\granularmatsim\positionbaseddynamics\source\watersim.cpp(1581): warning C4305: 'initializing' : truncation from 'double' to 'float'
     1>c:\users\samantha\documents\cis 497 dmd senior project\granularmatsim\positionbaseddynamics\source\watersim.cpp(1582): warning C4018: '<' : signed/unsigned mismatch
     1>c:\users\samantha\documents\cis 497 dmd senior project\granularmatsim\positionbaseddynamics\source\watersim.cpp(1590): warning C4018: '<' : signed/unsigned mismatch
     1>c:\users\samantha\documents\cis 497 dmd senior project\granularmatsim\positionbaseddynamics\source\watersim.cpp(1613): warning C4018: '<' : signed/unsigned mismatch
     1>c:\users\samantha\documents\cis 497 dmd senior project\granularmatsim\positionbaseddynamics\source\watersim.cpp(1701): warning C4018: '<' : signed/unsigned mismatch
     1>c:\users\samantha\documents\cis 497 dmd senior project\granularmatsim\positionbaseddynamics\source\watersim.cpp(1706): warning C4018: '<' : signed/unsigned mismatch
     1>c:\users\samantha\documents\cis 497 dmd senior project\granularmatsim\positionbaseddynamics\source\watersim.cpp(1720): warning C4018: '<' : signed/unsigned mismatch
     1>c:\users\samantha\documents\cis 497 dmd senior project\granularmatsim\positionbaseddynamics\source\watersim.cpp(1755): warning C4018: '<' : signed/unsigned mismatch
     1>c:\users\samantha\documents\cis 497 dmd senior project\granularmatsim\positionbaseddynamics\source\watersim.cpp(1773): warning C4018: '<' : signed/unsigned mismatch
     1>c:\users\samantha\documents\cis 497 dmd senior project\granularmatsim\positionbaseddynamics\source\watersim.cpp(1788): warning C4018: '<' : signed/unsigned mismatch
     1>c:\users\samantha\documents\cis 497 dmd senior project\granularmatsim\positionbaseddynamics\source\watersim.cpp(1798): warning C4018: '<' : signed/unsigned mismatch
     1>c:\users\samantha\documents\cis 497 dmd senior project\granularmatsim\positionbaseddynamics\source\watersim.cpp(1803): warning C4018: '<' : signed/unsigned mismatch
     1>c:\users\samantha\documents\cis 497 dmd senior project\granularmatsim\positionbaseddynamics\source\watersim.cpp(1826): warning C4018: '<' : signed/unsigned mismatch
     1>c:\users\samantha\documents\cis 497 dmd senior project\granularmatsim\positionbaseddynamics\source\watersim.cpp(1834): warning C4018: '<' : signed/unsigned mismatch
     1>c:\users\samantha\documents\cis 497 dmd senior project\granularmatsim\positionbaseddynamics\source\watersim.cpp(1836): warning C4018: '<' : signed/unsigned mismatch
     1>c:\users\samantha\documents\cis 497 dmd senior project\granularmatsim\positionbaseddynamics\source\watersim.cpp(1842): warning C4018: '<' : signed/unsigned mismatch
     1>c:\users\samantha\documents\cis 497 dmd senior project\granularmatsim\positionbaseddynamics\source\watersim.cpp(1857): warning C4018: '<' : signed/unsigned mismatch
     1>c:\users\samantha\documents\cis 497 dmd senior project\granularmatsim\positionbaseddynamics\source\watersim.cpp(1867): warning C4244: 'return' : conversion from 'double' to 'float', possible loss of data
     1>c:\users\samantha\documents\cis 497 dmd senior project\granularmatsim\positionbaseddynamics\source\watersim.cpp(1872): warning C4244: 'initializing' : conversion from 'double' to 'float', possible loss of data
     1>c:\users\samantha\documents\cis 497 dmd senior project\granularmatsim\positionbaseddynamics\source\watersim.cpp(1883): warning C4244: 'initializing' : conversion from 'double' to 'float', possible loss of data
     1>c:\users\samantha\documents\cis 497 dmd senior project\granularmatsim\positionbaseddynamics\source\watersim.cpp(1889): warning C4244: 'return' : conversion from 'double' to 'float', possible loss of data
     1>c:\users\samantha\documents\cis 497 dmd senior project\granularmatsim\positionbaseddynamics\source\watersim.cpp(1896): warning C4305: 'initializing' : truncation from 'double' to 'float'
     1>c:\users\samantha\documents\cis 497 dmd senior project\granularmatsim\positionbaseddynamics\source\watersim.cpp(1897): warning C4018: '<' : signed/unsigned mismatch
     1>c:\users\samantha\documents\cis 497 dmd senior project\granularmatsim\positionbaseddynamics\source\watersim.cpp(1987): warning C4018: '<' : signed/unsigned mismatch
     1>c:\users\samantha\documents\cis 497 dmd senior project\granularmatsim\positionbaseddynamics\source\watersim.cpp(2023): warning C4018: '<' : signed/unsigned mismatch
     1>c:\users\samantha\documents\cis 497 dmd senior project\granularmatsim\positionbaseddynamics\source\watersim.cpp(2056): warning C4244: 'argument' : conversion from 'float' to 'const int', possible loss of data
     1>c:\users\samantha\documents\cis 497 dmd senior project\granularmatsim\positionbaseddynamics\source\watersim.cpp(2057): warning C4018: '<' : signed/unsigned mismatch
     1>c:\users\samantha\documents\cis 497 dmd senior project\granularmatsim\positionbaseddynamics\source\watersim.cpp(2060): warning C4244: '/=' : conversion from 'double' to 'float', possible loss of data
     1>c:\users\samantha\documents\cis 497 dmd senior project\granularmatsim\positionbaseddynamics\source\watersim.cpp(2132): warning C4244: 'initializing' : conversion from 'double' to 'float', possible loss of data
     1>c:\users\samantha\documents\cis 497 dmd senior project\granularmatsim\positionbaseddynamics\source\watersim.cpp(2181): warning C4305: 'initializing' : truncation from 'double' to 'float'
         All outputs are up-to-date.
       ManifestResourceCompile:
         All outputs are up-to-date.
       Link:
         C:\Program Files (x86)\Microsoft Visual Studio 10.0\VC\bin\link.exe /ERRORREPORT:PROMPT /OUT:"C:\Users\Samantha\Documents\CIS 497 DMD Senior Project\GranularMatSim\Debug\WaterSim.exe" /INCREMENTAL /NOLOGO /LIBPATH:../glew/lib /LIBPATH:../glfw/lib /LIBPATH:../tinyxml tinyxmld_STL.lib glew32.lib glu32.lib opengl32.lib glfw.lib glfwdll.lib kernel32.lib user32.lib gdi32.lib winspool.lib comdlg32.lib advapi32.lib shell32.lib ole32.lib oleaut32.lib uuid.lib odbc32.lib odbccp32.lib /MANIFEST /ManifestFile:"Debug\WaterSim.exe.intermediate.manifest" /MANIFESTUAC:"level='asInvoker' uiAccess='false'" /DEBUG /PDB:"C:\Users\Samantha\Documents\CIS 497 DMD Senior Project\GranularMatSim\Debug\WaterSim.pdb" /SUBSYSTEM:CONSOLE /TLBID:1 /DYNAMICBASE /NXCOMPAT /IMPLIB:"C:\Users\Samantha\Documents\CIS 497 DMD Senior Project\GranularMatSim\Debug\WaterSim.lib" /MACHINE:X86 Debug\WaterSim.exe.embed.manifest.res
         Debug\constraint.obj
         Debug\main.obj
         Debug\point.obj
         Debug\scene.obj
         Debug\sphere.obj
         Debug\stb_image.obj
         Debug\stb_image_write.obj
         Debug\triangle.obj
         Debug\vec.obj
         Debug\WaterSim.obj
       Manifest:
         C:\Program Files (x86)\Microsoft SDKs\Windows\v7.0A\bin\mt.exe /nologo /verbose /out:"Debug\WaterSim.exe.embed.manifest" /manifest Debug\WaterSim.exe.intermediate.manifest
         All outputs are up-to-date.
       LinkEmbedManifest:
         All outputs are up-to-date.
         PositionBasedDynamics.vcxproj -> C:\Users\Samantha\Documents\CIS 497 DMD Senior Project\GranularMatSim\Debug\WaterSim.exe
       FinalizeBuildStatus:
         Deleting file "Debug\WaterSim.unsuccessfulbuild".
         Touching "Debug\WaterSim.lastbuildstate".
     1>Done Building Project "C:\Users\Samantha\Documents\CIS 497 DMD Senior Project\GranularMatSim\PositionBasedDynamics\PositionBasedDynamics.vcxproj" (build target(s)).

Build succeeded.

Time Elapsed 00:00:01.78
