Build started 3/28/2015 2:16:11 AM.
     1>Project "C:\Users\Samantha\Documents\CIS 497 DMD Senior Project\GranularMatSim_Version11\PositionBasedDynamics\PositionBasedDynamics.vcxproj" on node 2 (build target(s)).
     1>InitializeBuildStatus:
         Creating "Release\WaterSim.unsuccessfulbuild" because "AlwaysCreate" was specified.
       ClCompile:
         C:\Program Files (x86)\Microsoft Visual Studio 10.0\VC\bin\CL.exe /c /I../tinyxml /I../glm /I../glew/include /I../glfw/include /Zi /nologo /W3 /WX- /O2 /Oi /Oy- /GL /D WIN32 /D NDEBUG /D _CONSOLE /D _UNICODE /D UNICODE /Gm- /EHsc /MD /GS /Gy /fp:precise /Zc:wchar_t /Zc:forScope /Fo"Release\\" /Fd"Release\vc100.pdb" /Gd /TP /analyze- /errorReport:prompt Source\WaterSim.cpp
         WaterSim.cpp
     1>Source\WaterSim.cpp(84): warning C4244: '=' : conversion from 'float' to 'int', possible loss of data
     1>Source\WaterSim.cpp(85): warning C4244: '=' : conversion from 'float' to 'int', possible loss of data
     1>Source\WaterSim.cpp(86): warning C4244: '=' : conversion from 'float' to 'int', possible loss of data
     1>Source\WaterSim.cpp(575): warning C4244: 'argument' : conversion from 'double' to 'float', possible loss of data
     1>Source\WaterSim.cpp(612): warning C4244: 'initializing' : conversion from 'float' to 'int', possible loss of data
     1>Source\WaterSim.cpp(613): warning C4244: 'initializing' : conversion from 'float' to 'int', possible loss of data
     1>Source\WaterSim.cpp(625): warning C4244: 'initializing' : conversion from 'float' to 'int', possible loss of data
     1>Source\WaterSim.cpp(626): warning C4244: 'initializing' : conversion from 'float' to 'int', possible loss of data
     1>Source\WaterSim.cpp(638): warning C4244: 'initializing' : conversion from 'float' to 'int', possible loss of data
     1>Source\WaterSim.cpp(639): warning C4244: 'initializing' : conversion from 'float' to 'int', possible loss of data
     1>Source\WaterSim.cpp(666): warning C4018: '<' : signed/unsigned mismatch
     1>Source\WaterSim.cpp(696): warning C4018: '<' : signed/unsigned mismatch
     1>Source\WaterSim.cpp(912): warning C4018: '<' : signed/unsigned mismatch
     1>Source\WaterSim.cpp(1049): warning C4018: '<' : signed/unsigned mismatch
     1>Source\WaterSim.cpp(1052): warning C4018: '<' : signed/unsigned mismatch
     1>Source\WaterSim.cpp(1064): warning C4018: '<' : signed/unsigned mismatch
     1>Source\WaterSim.cpp(1157): warning C4018: '<' : signed/unsigned mismatch
     1>Source\WaterSim.cpp(1246): warning C4018: '<' : signed/unsigned mismatch
     1>Source\WaterSim.cpp(1286): warning C4018: '<' : signed/unsigned mismatch
     1>Source\WaterSim.cpp(1293): warning C4244: '=' : conversion from 'double' to 'float', possible loss of data
     1>Source\WaterSim.cpp(1303): warning C4018: '<' : signed/unsigned mismatch
     1>Source\WaterSim.cpp(1315): warning C4244: 'return' : conversion from 'double' to 'float', possible loss of data
     1>Source\WaterSim.cpp(1323): warning C4244: 'return' : conversion from 'double' to 'float', possible loss of data
     1>Source\WaterSim.cpp(1331): warning C4244: 'return' : conversion from 'double' to 'float', possible loss of data
     1>Source\WaterSim.cpp(1341): warning C4018: '<' : signed/unsigned mismatch
     1>Source\WaterSim.cpp(1355): warning C4018: '<' : signed/unsigned mismatch
     1>Source\WaterSim.cpp(1376): warning C4018: '<' : signed/unsigned mismatch
     1>Source\WaterSim.cpp(1396): warning C4305: 'initializing' : truncation from 'double' to 'float'
     1>Source\WaterSim.cpp(1398): warning C4018: '<' : signed/unsigned mismatch
     1>Source\WaterSim.cpp(1411): warning C4244: '=' : conversion from 'double' to 'float', possible loss of data
     1>Source\WaterSim.cpp(1426): warning C4018: '<' : signed/unsigned mismatch
     1>Source\WaterSim.cpp(1442): warning C4018: '<' : signed/unsigned mismatch
     1>Source\WaterSim.cpp(1478): warning C4018: '<' : signed/unsigned mismatch
     1>Source\WaterSim.cpp(1511): warning C4018: '<' : signed/unsigned mismatch
     1>Source\WaterSim.cpp(1524): warning C4018: '<' : signed/unsigned mismatch
     1>Source\WaterSim.cpp(1541): warning C4018: '<' : signed/unsigned mismatch
     1>Source\WaterSim.cpp(1586): warning C4018: '<' : signed/unsigned mismatch
     1>Source\WaterSim.cpp(1590): warning C4018: '<' : signed/unsigned mismatch
     1>Source\WaterSim.cpp(1592): warning C4244: 'argument' : conversion from 'float' to 'const int', possible loss of data
     1>Source\WaterSim.cpp(1598): warning C4244: '=' : conversion from 'unsigned int' to 'float', possible loss of data
     1>Source\WaterSim.cpp(1600): warning C4018: '<' : signed/unsigned mismatch
     1>Source\WaterSim.cpp(1602): warning C4018: '<' : signed/unsigned mismatch
     1>Source\WaterSim.cpp(1603): warning C4244: '=' : conversion from 'unsigned int' to 'float', possible loss of data
     1>Source\WaterSim.cpp(1614): warning C4244: '=' : conversion from 'unsigned int' to 'float', possible loss of data
     1>Source\WaterSim.cpp(1616): warning C4018: '<' : signed/unsigned mismatch
     1>Source\WaterSim.cpp(1619): warning C4244: '=' : conversion from 'unsigned int' to 'float', possible loss of data
     1>Source\WaterSim.cpp(1628): warning C4018: '<' : signed/unsigned mismatch
     1>Source\WaterSim.cpp(1630): warning C4244: 'argument' : conversion from 'float' to 'const int', possible loss of data
     1>Source\WaterSim.cpp(1636): warning C4244: '=' : conversion from 'unsigned int' to 'float', possible loss of data
     1>Source\WaterSim.cpp(1638): warning C4018: '<' : signed/unsigned mismatch
     1>Source\WaterSim.cpp(1640): warning C4018: '<' : signed/unsigned mismatch
     1>Source\WaterSim.cpp(1641): warning C4244: '=' : conversion from 'unsigned int' to 'float', possible loss of data
     1>Source\WaterSim.cpp(1661): warning C4018: '<' : signed/unsigned mismatch
     1>Source\WaterSim.cpp(1669): warning C4018: '<' : signed/unsigned mismatch
     1>Source\WaterSim.cpp(1684): warning C4244: 'argument' : conversion from 'int' to 'const float', possible loss of data
     1>Source\WaterSim.cpp(1686): warning C4018: '<' : signed/unsigned mismatch
     1>Source\WaterSim.cpp(1687): warning C4018: '<' : signed/unsigned mismatch
     1>Source\WaterSim.cpp(1740): warning C4018: '<' : signed/unsigned mismatch
     1>Source\WaterSim.cpp(1752): warning C4018: '<' : signed/unsigned mismatch
     1>Source\WaterSim.cpp(1757): warning C4018: '<' : signed/unsigned mismatch
     1>Source\WaterSim.cpp(1775): warning C4018: '<' : signed/unsigned mismatch
     1>Source\WaterSim.cpp(1780): warning C4018: '<' : signed/unsigned mismatch
     1>Source\WaterSim.cpp(1790): warning C4305: 'initializing' : truncation from 'double' to 'float'
     1>Source\WaterSim.cpp(1792): warning C4018: '<' : signed/unsigned mismatch
     1>Source\WaterSim.cpp(1802): warning C4305: 'initializing' : truncation from 'double' to 'float'
     1>Source\WaterSim.cpp(1803): warning C4018: '<' : signed/unsigned mismatch
     1>Source\WaterSim.cpp(1811): warning C4018: '<' : signed/unsigned mismatch
     1>Source\WaterSim.cpp(1834): warning C4018: '<' : signed/unsigned mismatch
     1>Source\WaterSim.cpp(1848): warning C4018: '<' : signed/unsigned mismatch
     1>Source\WaterSim.cpp(1861): warning C4018: '<' : signed/unsigned mismatch
     1>Source\WaterSim.cpp(1873): warning C4018: '<' : signed/unsigned mismatch
     1>Source\WaterSim.cpp(1900): warning C4244: 'return' : conversion from 'double' to 'float', possible loss of data
     1>Source\WaterSim.cpp(1905): warning C4018: '<' : signed/unsigned mismatch
     1>Source\WaterSim.cpp(1923): warning C4018: '<' : signed/unsigned mismatch
     1>Source\WaterSim.cpp(1942): warning C4244: 'return' : conversion from 'double' to 'float', possible loss of data
     1>Source\WaterSim.cpp(1950): warning C4018: '<' : signed/unsigned mismatch
     1>Source\WaterSim.cpp(2079): warning C4018: '<' : signed/unsigned mismatch
     1>Source\WaterSim.cpp(2107): warning C4018: '<' : signed/unsigned mismatch
     1>Source\WaterSim.cpp(2115): warning C4018: '<' : signed/unsigned mismatch
     1>Source\WaterSim.cpp(2148): warning C4244: 'return' : conversion from 'double' to 'float', possible loss of data
     1>Source\WaterSim.cpp(2153): warning C4244: 'initializing' : conversion from 'double' to 'float', possible loss of data
     1>Source\WaterSim.cpp(2166): warning C4244: 'initializing' : conversion from 'double' to 'float', possible loss of data
     1>Source\WaterSim.cpp(2169): warning C4244: '=' : conversion from 'double' to 'float', possible loss of data
     1>Source\WaterSim.cpp(2175): warning C4244: 'return' : conversion from 'double' to 'float', possible loss of data
     1>Source\WaterSim.cpp(2182): warning C4305: 'initializing' : truncation from 'double' to 'float'
     1>Source\WaterSim.cpp(2183): warning C4018: '<' : signed/unsigned mismatch
     1>Source\WaterSim.cpp(2197): warning C4018: '<' : signed/unsigned mismatch
         All outputs are up-to-date.
       Link:
         C:\Program Files (x86)\Microsoft Visual Studio 10.0\VC\bin\link.exe /ERRORREPORT:PROMPT /OUT:"C:\Users\Samantha\Documents\CIS 497 DMD Senior Project\GranularMatSim_Version11\Release\WaterSim.exe" /INCREMENTAL:NO /NOLOGO /LIBPATH:../glew/lib /LIBPATH:../glfw/lib /LIBPATH:../tinyxml tinyxml_STL.lib glew32.lib glu32.lib opengl32.lib glfw.lib glfwdll.lib kernel32.lib user32.lib gdi32.lib winspool.lib comdlg32.lib advapi32.lib shell32.lib ole32.lib oleaut32.lib uuid.lib odbc32.lib odbccp32.lib /MANIFEST /ManifestFile:"Release\WaterSim.exe.intermediate.manifest" /MANIFESTUAC:"level='asInvoker' uiAccess='false'" /DEBUG /PDB:"C:\Users\Samantha\Documents\CIS 497 DMD Senior Project\GranularMatSim_Version11\Release\WaterSim.pdb" /SUBSYSTEM:CONSOLE /OPT:REF /OPT:ICF /LTCG /TLBID:1 /DYNAMICBASE /NXCOMPAT /IMPLIB:"C:\Users\Samantha\Documents\CIS 497 DMD Senior Project\GranularMatSim_Version11\Release\WaterSim.lib" /MACHINE:X86 Release\constraint.obj
         Release\main.obj
         Release\point.obj
         Release\scene.obj
         Release\sphere.obj
         Release\stb_image.obj
         Release\stb_image_write.obj
         Release\triangle.obj
         Release\vec.obj
         Release\WaterSim.obj
         Generating code
     1>c:\users\samantha\documents\cis 497 dmd senior project\granularmatsim_version11\positionbaseddynamics\source\watersim.cpp(1676): warning C4700: uninitialized local variable 'num' used
     1>c:\users\samantha\documents\cis 497 dmd senior project\granularmatsim_version11\positionbaseddynamics\source\watersim.cpp(1590): warning C4700: uninitialized local variable 'j' used
     1>c:\users\samantha\documents\cis 497 dmd senior project\granularmatsim_version11\positionbaseddynamics\source\watersim.cpp(1616): warning C4700: uninitialized local variable 'j' used
     1>c:\users\samantha\documents\cis 497 dmd senior project\granularmatsim_version11\positionbaseddynamics\source\watersim.cpp(1628): warning C4700: uninitialized local variable 'j' used
         Finished generating code
     1>tinyxml_STL.lib(tinyxml.obj) : warning LNK4099: PDB 'vc100.pdb' was not found with 'tinyxml_STL.lib(tinyxml.obj)' or at 'C:\Users\Samantha\Documents\CIS 497 DMD Senior Project\GranularMatSim_Version11\Release\vc100.pdb'; linking object as if no debug info
     1>tinyxml_STL.lib(tinyxmlerror.obj) : warning LNK4099: PDB 'vc100.pdb' was not found with 'tinyxml_STL.lib(tinyxmlerror.obj)' or at 'C:\Users\Samantha\Documents\CIS 497 DMD Senior Project\GranularMatSim_Version11\Release\vc100.pdb'; linking object as if no debug info
     1>tinyxml_STL.lib(tinyxmlparser.obj) : warning LNK4099: PDB 'vc100.pdb' was not found with 'tinyxml_STL.lib(tinyxmlparser.obj)' or at 'C:\Users\Samantha\Documents\CIS 497 DMD Senior Project\GranularMatSim_Version11\Release\vc100.pdb'; linking object as if no debug info
         PositionBasedDynamics.vcxproj -> C:\Users\Samantha\Documents\CIS 497 DMD Senior Project\GranularMatSim_Version11\Release\WaterSim.exe
       Manifest:
         C:\Program Files (x86)\Microsoft SDKs\Windows\v7.0A\bin\mt.exe /nologo /verbose /outputresource:"C:\Users\Samantha\Documents\CIS 497 DMD Senior Project\GranularMatSim_Version11\Release\WaterSim.exe;#1" /manifest Release\WaterSim.exe.intermediate.manifest
       FinalizeBuildStatus:
         Deleting file "Release\WaterSim.unsuccessfulbuild".
         Touching "Release\WaterSim.lastbuildstate".
     1>Done Building Project "C:\Users\Samantha\Documents\CIS 497 DMD Senior Project\GranularMatSim_Version11\PositionBasedDynamics\PositionBasedDynamics.vcxproj" (build target(s)).

Build succeeded.

Time Elapsed 00:00:05.04
