C:\Users\User\Documents\CIS 563\hw2\PBD_starterkit\PBD_starterkit\tinyxml\Debug_STL\BscMake.command.1.tlog
C:\Users\User\Documents\CIS 563\hw2\PBD_starterkit\PBD_starterkit\tinyxml\Debug_STL\bscmake.read.1.tlog
C:\Users\User\Documents\CIS 563\hw2\PBD_starterkit\PBD_starterkit\tinyxml\Debug_STL\bscmake.write.1.tlog
C:\Users\User\Documents\CIS 563\hw2\PBD_starterkit\PBD_starterkit\tinyxml\Debug_STL\cl.command.1.tlog
C:\Users\User\Documents\CIS 563\hw2\PBD_starterkit\PBD_starterkit\tinyxml\Debug_STL\CL.read.1.tlog
C:\Users\User\Documents\CIS 563\hw2\PBD_starterkit\PBD_starterkit\tinyxml\Debug_STL\CL.write.1.tlog
C:\Users\User\Documents\CIS 563\hw2\PBD_starterkit\PBD_starterkit\tinyxml\Debug_STL\lib.command.1.tlog
C:\Users\User\Documents\CIS 563\hw2\PBD_starterkit\PBD_starterkit\tinyxml\Debug_STL\Lib-link.read.1.tlog
C:\Users\User\Documents\CIS 563\hw2\PBD_starterkit\PBD_starterkit\tinyxml\Debug_STL\Lib-link.write.1.tlog
C:\USERS\USER\DOCUMENTS\CIS 563\HW2\PBD_STARTERKIT\PBD_STARTERKIT\TINYXML\DEBUG_STL\TINYSTR.OBJ
C:\USERS\USER\DOCUMENTS\CIS 563\HW2\PBD_STARTERKIT\PBD_STARTERKIT\TINYXML\DEBUG_STL\TINYSTR.SBR
C:\USERS\USER\DOCUMENTS\CIS 563\HW2\PBD_STARTERKIT\PBD_STARTERKIT\TINYXML\DEBUG_STL\TINYXML.OBJ
C:\USERS\USER\DOCUMENTS\CIS 563\HW2\PBD_STARTERKIT\PBD_STARTERKIT\TINYXML\DEBUG_STL\TINYXML.SBR
C:\USERS\USER\DOCUMENTS\CIS 563\HW2\PBD_STARTERKIT\PBD_STARTERKIT\TINYXML\DEBUG_STL\TINYXMLERROR.OBJ
C:\USERS\USER\DOCUMENTS\CIS 563\HW2\PBD_STARTERKIT\PBD_STARTERKIT\TINYXML\DEBUG_STL\TINYXMLERROR.SBR
C:\USERS\USER\DOCUMENTS\CIS 563\HW2\PBD_STARTERKIT\PBD_STARTERKIT\TINYXML\DEBUG_STL\TINYXMLPARSER.OBJ
C:\USERS\USER\DOCUMENTS\CIS 563\HW2\PBD_STARTERKIT\PBD_STARTERKIT\TINYXML\DEBUG_STL\TINYXMLPARSER.SBR
C:\USERS\USER\DOCUMENTS\CIS 563\HW2\PBD_STARTERKIT\PBD_STARTERKIT\TINYXML\DEBUG_STL\TINYXMLSTL.BSC
C:\Users\User\Documents\CIS 563\hw2\PBD_starterkit\PBD_starterkit\tinyxml\Debug_STL\tinyxmlSTL.vcxprojResolveAssemblyReference.cache
C:\Users\User\Documents\CIS 563\hw2\PBD_starterkit\PBD_starterkit\tinyxml\Debug_STL\tinyxmlSTL.write.1.tlog
C:\Users\User\Documents\CIS 563\hw2\PBD_starterkit\PBD_starterkit\tinyxml\Debug_STL\vc100.idb
C:\USERS\USER\DOCUMENTS\CIS 563\HW2\PBD_STARTERKIT\PBD_STARTERKIT\TINYXML\DEBUG_STL\VC100.PDB
C:\USERS\USER\DOCUMENTS\CIS 563\HW2\PBD_STARTERKIT\PBD_STARTERKIT\TINYXML\TINYXMLD_STL.LIB
