Build started 1/31/2015 6:35:12 PM.
     1>Project "C:\Users\Samantha\Documents\CIS 497 DMD Senior Project\GranularMatSim_Version1\PositionBasedDynamics\PositionBasedDynamics.vcxproj" on node 2 (build target(s)).
     1>InitializeBuildStatus:
         Creating "Release\WaterSim.unsuccessfulbuild" because "AlwaysCreate" was specified.
       ClCompile:
         C:\Program Files (x86)\Microsoft Visual Studio 10.0\VC\bin\CL.exe /c /I../tinyxml /I../glm /I../glew/include /I../glfw/include /Zi /nologo /W3 /WX- /O2 /Oi /Oy- /GL /D WIN32 /D NDEBUG /D _CONSOLE /D _UNICODE /D UNICODE /Gm- /EHsc /MD /GS /Gy /fp:precise /Zc:wchar_t /Zc:forScope /Fo"Release\\" /Fd"Release\vc100.pdb" /Gd /TP /analyze- /errorReport:prompt Source\constraint.cpp Source\main.cpp Source\point.cpp Source\scene.cpp Source\sphere.cpp Source\triangle.cpp Source\vec.cpp Source\WaterSim.cpp
         constraint.cpp
         main.cpp
     1>Source\main.cpp(381): warning C4018: '<' : signed/unsigned mismatch
     1>Source\main.cpp(384): warning C4018: '<' : signed/unsigned mismatch
     1>Source\main.cpp(397): warning C4018: '<' : signed/unsigned mismatch
     1>Source\main.cpp(432): warning C4018: '<' : signed/unsigned mismatch
     1>Source\main.cpp(447): warning C4996: 'sprintf': This function or variable may be unsafe. Consider using sprintf_s instead. To disable deprecation, use _CRT_SECURE_NO_WARNINGS. See online help for details.
                 C:\Program Files (x86)\Microsoft Visual Studio 10.0\VC\include\stdio.h(371) : see declaration of 'sprintf'
     1>Source\main.cpp(468): warning C4996: 'fopen': This function or variable may be unsafe. Consider using fopen_s instead. To disable deprecation, use _CRT_SECURE_NO_WARNINGS. See online help for details.
                 C:\Program Files (x86)\Microsoft Visual Studio 10.0\VC\include\stdio.h(234) : see declaration of 'fopen'
         point.cpp
         scene.cpp
     1>Source\scene.cpp(326): warning C4244: '=' : conversion from 'double' to 'float', possible loss of data
     1>Source\scene.cpp(314): warning C4101: 'a' : unreferenced local variable
     1>Source\scene.cpp(572): warning C4244: 'argument' : conversion from 'double' to 'float', possible loss of data
     1>Source\scene.cpp(589): warning C4244: 'argument' : conversion from 'double' to 'float', possible loss of data
         sphere.cpp
     1>Source\sphere.cpp(197): warning C4018: '<' : signed/unsigned mismatch
         triangle.cpp
         vec.cpp
         WaterSim.cpp
     1>Source\WaterSim.cpp(82): warning C4244: '=' : conversion from 'float' to 'int', possible loss of data
     1>Source\WaterSim.cpp(83): warning C4244: '=' : conversion from 'float' to 'int', possible loss of data
     1>Source\WaterSim.cpp(84): warning C4244: '=' : conversion from 'float' to 'int', possible loss of data
     1>Source\WaterSim.cpp(573): warning C4244: 'argument' : conversion from 'double' to 'float', possible loss of data
     1>Source\WaterSim.cpp(609): warning C4244: 'initializing' : conversion from 'float' to 'int', possible loss of data
     1>Source\WaterSim.cpp(610): warning C4244: 'initializing' : conversion from 'float' to 'int', possible loss of data
     1>Source\WaterSim.cpp(622): warning C4244: 'initializing' : conversion from 'float' to 'int', possible loss of data
     1>Source\WaterSim.cpp(623): warning C4244: 'initializing' : conversion from 'float' to 'int', possible loss of data
     1>Source\WaterSim.cpp(635): warning C4244: 'initializing' : conversion from 'float' to 'int', possible loss of data
     1>Source\WaterSim.cpp(636): warning C4244: 'initializing' : conversion from 'float' to 'int', possible loss of data
     1>Source\WaterSim.cpp(663): warning C4018: '<' : signed/unsigned mismatch
     1>Source\WaterSim.cpp(693): warning C4018: '<' : signed/unsigned mismatch
     1>Source\WaterSim.cpp(909): warning C4018: '<' : signed/unsigned mismatch
     1>Source\WaterSim.cpp(1046): warning C4018: '<' : signed/unsigned mismatch
     1>Source\WaterSim.cpp(1049): warning C4018: '<' : signed/unsigned mismatch
     1>Source\WaterSim.cpp(1061): warning C4018: '<' : signed/unsigned mismatch
     1>Source\WaterSim.cpp(1154): warning C4018: '<' : signed/unsigned mismatch
     1>Source\WaterSim.cpp(1243): warning C4018: '<' : signed/unsigned mismatch
     1>Source\WaterSim.cpp(1283): warning C4018: '<' : signed/unsigned mismatch
     1>Source\WaterSim.cpp(1290): warning C4244: '=' : conversion from 'double' to 'float', possible loss of data
     1>Source\WaterSim.cpp(1300): warning C4018: '<' : signed/unsigned mismatch
     1>Source\WaterSim.cpp(1312): warning C4244: 'return' : conversion from 'double' to 'float', possible loss of data
     1>Source\WaterSim.cpp(1320): warning C4244: 'return' : conversion from 'double' to 'float', possible loss of data
     1>Source\WaterSim.cpp(1328): warning C4244: 'return' : conversion from 'double' to 'float', possible loss of data
     1>Source\WaterSim.cpp(1338): warning C4018: '<' : signed/unsigned mismatch
     1>Source\WaterSim.cpp(1352): warning C4018: '<' : signed/unsigned mismatch
     1>Source\WaterSim.cpp(1368): warning C4018: '<' : signed/unsigned mismatch
     1>Source\WaterSim.cpp(1387): warning C4305: 'initializing' : truncation from 'double' to 'float'
     1>Source\WaterSim.cpp(1389): warning C4018: '<' : signed/unsigned mismatch
     1>Source\WaterSim.cpp(1402): warning C4244: '=' : conversion from 'double' to 'float', possible loss of data
     1>Source\WaterSim.cpp(1416): warning C4018: '<' : signed/unsigned mismatch
     1>Source\WaterSim.cpp(1431): warning C4018: '<' : signed/unsigned mismatch
     1>Source\WaterSim.cpp(1467): warning C4018: '<' : signed/unsigned mismatch
     1>Source\WaterSim.cpp(1507): warning C4018: '<' : signed/unsigned mismatch
     1>Source\WaterSim.cpp(1520): warning C4018: '<' : signed/unsigned mismatch
     1>Source\WaterSim.cpp(1534): warning C4018: '<' : signed/unsigned mismatch
     1>Source\WaterSim.cpp(1549): warning C4244: 'initializing' : conversion from 'glm::detail::tvec3<T>::size_type' to 'float', possible loss of data
                 with
                 [
                     T=glm::mediump_float
                 ]
     1>Source\WaterSim.cpp(1550): warning C4244: 'initializing' : conversion from 'glm::detail::tvec3<T>::size_type' to 'float', possible loss of data
                 with
                 [
                     T=glm::mediump_float
                 ]
     1>Source\WaterSim.cpp(1555): warning C4244: '=' : conversion from 'glm::detail::tvec3<T>::size_type' to 'float', possible loss of data
                 with
                 [
                     T=glm::mediump_float
                 ]
     1>Source\WaterSim.cpp(1569): warning C4305: 'initializing' : truncation from 'double' to 'float'
     1>Source\WaterSim.cpp(1571): warning C4018: '<' : signed/unsigned mismatch
     1>Source\WaterSim.cpp(1581): warning C4305: 'initializing' : truncation from 'double' to 'float'
     1>Source\WaterSim.cpp(1582): warning C4018: '<' : signed/unsigned mismatch
     1>Source\WaterSim.cpp(1590): warning C4018: '<' : signed/unsigned mismatch
     1>Source\WaterSim.cpp(1613): warning C4018: '<' : signed/unsigned mismatch
     1>Source\WaterSim.cpp(1701): warning C4018: '<' : signed/unsigned mismatch
     1>Source\WaterSim.cpp(1706): warning C4018: '<' : signed/unsigned mismatch
     1>Source\WaterSim.cpp(1720): warning C4018: '<' : signed/unsigned mismatch
     1>Source\WaterSim.cpp(1755): warning C4018: '<' : signed/unsigned mismatch
     1>Source\WaterSim.cpp(1773): warning C4018: '<' : signed/unsigned mismatch
     1>Source\WaterSim.cpp(1798): warning C4018: '<' : signed/unsigned mismatch
     1>Source\WaterSim.cpp(1826): warning C4018: '<' : signed/unsigned mismatch
     1>Source\WaterSim.cpp(1834): warning C4018: '<' : signed/unsigned mismatch
     1>Source\WaterSim.cpp(1867): warning C4244: 'return' : conversion from 'double' to 'float', possible loss of data
     1>Source\WaterSim.cpp(1872): warning C4244: 'initializing' : conversion from 'double' to 'float', possible loss of data
     1>Source\WaterSim.cpp(1883): warning C4244: 'initializing' : conversion from 'double' to 'float', possible loss of data
     1>Source\WaterSim.cpp(1889): warning C4244: 'return' : conversion from 'double' to 'float', possible loss of data
     1>Source\WaterSim.cpp(1896): warning C4305: 'initializing' : truncation from 'double' to 'float'
     1>Source\WaterSim.cpp(1897): warning C4018: '<' : signed/unsigned mismatch
     1>Source\WaterSim.cpp(1989): warning C4018: '<' : signed/unsigned mismatch
     1>Source\WaterSim.cpp(2025): warning C4018: '<' : signed/unsigned mismatch
     1>Source\WaterSim.cpp(2058): warning C4244: 'argument' : conversion from 'float' to 'const int', possible loss of data
     1>Source\WaterSim.cpp(2059): warning C4018: '<' : signed/unsigned mismatch
     1>Source\WaterSim.cpp(2062): warning C4244: '/=' : conversion from 'double' to 'float', possible loss of data
     1>Source\WaterSim.cpp(2134): warning C4244: 'initializing' : conversion from 'double' to 'float', possible loss of data
     1>Source\WaterSim.cpp(2183): warning C4305: 'initializing' : truncation from 'double' to 'float'
         C:\Program Files (x86)\Microsoft Visual Studio 10.0\VC\bin\CL.exe /c /I../tinyxml /I../glm /I../glew/include /I../glfw/include /Zi /nologo /W3 /WX- /O2 /Oi /Oy- /GL /D WIN32 /D NDEBUG /D _CONSOLE /D _UNICODE /D UNICODE /Gm- /EHsc /MD /GS /Gy /fp:precise /Zc:wchar_t /Zc:forScope /Fo"Release\\" /Fd"Release\vc100.pdb" /Gd /TC /analyze- /errorReport:prompt Source\stb_image.c Source\stb_image_write.c
         stb_image.c
         stb_image_write.c
       Link:
         C:\Program Files (x86)\Microsoft Visual Studio 10.0\VC\bin\link.exe /ERRORREPORT:PROMPT /OUT:"C:\Users\Samantha\Documents\CIS 497 DMD Senior Project\GranularMatSim_Version1\Release\WaterSim.exe" /INCREMENTAL:NO /NOLOGO /LIBPATH:../glew/lib /LIBPATH:../glfw/lib /LIBPATH:../tinyxml tinyxml_STL.lib glew32.lib glu32.lib opengl32.lib glfw.lib glfwdll.lib kernel32.lib user32.lib gdi32.lib winspool.lib comdlg32.lib advapi32.lib shell32.lib ole32.lib oleaut32.lib uuid.lib odbc32.lib odbccp32.lib /MANIFEST /ManifestFile:"Release\WaterSim.exe.intermediate.manifest" /MANIFESTUAC:"level='asInvoker' uiAccess='false'" /DEBUG /PDB:"C:\Users\Samantha\Documents\CIS 497 DMD Senior Project\GranularMatSim_Version1\Release\WaterSim.pdb" /SUBSYSTEM:CONSOLE /OPT:REF /OPT:ICF /LTCG /TLBID:1 /DYNAMICBASE /NXCOMPAT /IMPLIB:"C:\Users\Samantha\Documents\CIS 497 DMD Senior Project\GranularMatSim_Version1\Release\WaterSim.lib" /MACHINE:X86 Release\constraint.obj
         Release\main.obj
         Release\point.obj
         Release\scene.obj
         Release\sphere.obj
         Release\stb_image.obj
         Release\stb_image_write.obj
         Release\triangle.obj
         Release\vec.obj
         Release\WaterSim.obj
         Generating code
         Finished generating code
     1>tinyxml_STL.lib(tinyxml.obj) : warning LNK4099: PDB 'vc100.pdb' was not found with 'tinyxml_STL.lib(tinyxml.obj)' or at 'C:\Users\Samantha\Documents\CIS 497 DMD Senior Project\GranularMatSim_Version1\Release\vc100.pdb'; linking object as if no debug info
     1>tinyxml_STL.lib(tinyxmlerror.obj) : warning LNK4099: PDB 'vc100.pdb' was not found with 'tinyxml_STL.lib(tinyxmlerror.obj)' or at 'C:\Users\Samantha\Documents\CIS 497 DMD Senior Project\GranularMatSim_Version1\Release\vc100.pdb'; linking object as if no debug info
     1>tinyxml_STL.lib(tinyxmlparser.obj) : warning LNK4099: PDB 'vc100.pdb' was not found with 'tinyxml_STL.lib(tinyxmlparser.obj)' or at 'C:\Users\Samantha\Documents\CIS 497 DMD Senior Project\GranularMatSim_Version1\Release\vc100.pdb'; linking object as if no debug info
         PositionBasedDynamics.vcxproj -> C:\Users\Samantha\Documents\CIS 497 DMD Senior Project\GranularMatSim_Version1\Release\WaterSim.exe
       Manifest:
         C:\Program Files (x86)\Microsoft SDKs\Windows\v7.0A\bin\mt.exe /nologo /verbose /outputresource:"C:\Users\Samantha\Documents\CIS 497 DMD Senior Project\GranularMatSim_Version1\Release\WaterSim.exe;#1" /manifest Release\WaterSim.exe.intermediate.manifest
       FinalizeBuildStatus:
         Deleting file "Release\WaterSim.unsuccessfulbuild".
         Touching "Release\WaterSim.lastbuildstate".
     1>Done Building Project "C:\Users\Samantha\Documents\CIS 497 DMD Senior Project\GranularMatSim_Version1\PositionBasedDynamics\PositionBasedDynamics.vcxproj" (build target(s)).

Build succeeded.

Time Elapsed 00:00:08.58
