Build started 4/17/2014 2:36:34 AM.
     1>Project "C:\Users\sar\Dropbox\CIS 563 Final Project\FinalProject\PBD_starterkit\cohensam_PBD_starterkit\PBD_starterkit\PositionBasedDynamics\PositionBasedDynamics.vcxproj" on node 2 (build target(s)).
     1>InitializeBuildStatus:
         Creating "Release\WaterSim.unsuccessfulbuild" because "AlwaysCreate" was specified.
       ClCompile:
         c:\Program Files (x86)\Microsoft Visual Studio 10.0\VC\bin\CL.exe /c /I../tinyxml /I../glm /I../glew/include /I../glfw/include /Zi /nologo /W3 /WX- /O2 /Oi /Oy- /GL /D WIN32 /D NDEBUG /D _CONSOLE /D _UNICODE /D UNICODE /Gm- /EHsc /MD /GS /Gy /fp:precise /Zc:wchar_t /Zc:forScope /Fo"Release\\" /Fd"Release\vc100.pdb" /Gd /TP /analyze- /errorReport:prompt Source\WaterSim.cpp
         WaterSim.cpp
     1>Source\WaterSim.cpp(58): warning C4018: '<' : signed/unsigned mismatch
     1>Source\WaterSim.cpp(169): warning C4018: '<' : signed/unsigned mismatch
     1>Source\WaterSim.cpp(172): warning C4018: '<' : signed/unsigned mismatch
     1>Source\WaterSim.cpp(186): warning C4018: '<' : signed/unsigned mismatch
     1>Source\WaterSim.cpp(242): warning C4018: '<' : signed/unsigned mismatch
     1>Source\WaterSim.cpp(251): warning C4018: '<' : signed/unsigned mismatch
     1>Source\WaterSim.cpp(265): warning C4018: '<' : signed/unsigned mismatch
     1>Source\WaterSim.cpp(275): warning C4018: '<' : signed/unsigned mismatch
     1>Source\WaterSim.cpp(297): warning C4018: '<' : signed/unsigned mismatch
     1>Source\WaterSim.cpp(309): warning C4018: '<' : signed/unsigned mismatch
     1>Source\WaterSim.cpp(318): warning C4018: '<' : signed/unsigned mismatch
     1>Source\WaterSim.cpp(328): warning C4018: '<' : signed/unsigned mismatch
     1>Source\WaterSim.cpp(339): warning C4244: 'return' : conversion from 'double' to 'float', possible loss of data
     1>Source\WaterSim.cpp(347): warning C4244: 'return' : conversion from 'double' to 'float', possible loss of data
     1>Source\WaterSim.cpp(355): warning C4244: 'return' : conversion from 'double' to 'float', possible loss of data
     1>Source\WaterSim.cpp(365): warning C4018: '<' : signed/unsigned mismatch
     1>Source\WaterSim.cpp(376): warning C4018: '<' : signed/unsigned mismatch
     1>Source\WaterSim.cpp(387): warning C4018: '<' : signed/unsigned mismatch
     1>Source\WaterSim.cpp(405): warning C4305: 'initializing' : truncation from 'double' to 'float'
     1>Source\WaterSim.cpp(406): warning C4018: '<' : signed/unsigned mismatch
     1>Source\WaterSim.cpp(418): warning C4244: 'initializing' : conversion from 'double' to 'float', possible loss of data
     1>Source\WaterSim.cpp(430): warning C4018: '<' : signed/unsigned mismatch
     1>Source\WaterSim.cpp(439): warning C4018: '<' : signed/unsigned mismatch
     1>Source\WaterSim.cpp(444): warning C4018: '<' : signed/unsigned mismatch
     1>Source\WaterSim.cpp(465): warning C4018: '<' : signed/unsigned mismatch
     1>Source\WaterSim.cpp(471): warning C4018: '<' : signed/unsigned mismatch
     1>Source\WaterSim.cpp(473): warning C4018: '<' : signed/unsigned mismatch
     1>Source\WaterSim.cpp(478): warning C4018: '<' : signed/unsigned mismatch
     1>Source\WaterSim.cpp(493): warning C4018: '<' : signed/unsigned mismatch
     1>Source\WaterSim.cpp(502): warning C4244: 'return' : conversion from 'double' to 'float', possible loss of data
     1>Source\WaterSim.cpp(507): warning C4244: 'initializing' : conversion from 'double' to 'float', possible loss of data
     1>Source\WaterSim.cpp(518): warning C4244: 'initializing' : conversion from 'double' to 'float', possible loss of data
     1>Source\WaterSim.cpp(524): warning C4244: 'return' : conversion from 'double' to 'float', possible loss of data
     1>Source\WaterSim.cpp(531): warning C4305: 'initializing' : truncation from 'double' to 'float'
     1>Source\WaterSim.cpp(532): warning C4018: '<' : signed/unsigned mismatch
         All outputs are up-to-date.
       Link:
         c:\Program Files (x86)\Microsoft Visual Studio 10.0\VC\bin\link.exe /ERRORREPORT:PROMPT /OUT:"C:\Users\sar\Dropbox\CIS 563 Final Project\FinalProject\PBD_starterkit\cohensam_PBD_starterkit\PBD_starterkit\Release\WaterSim.exe" /INCREMENTAL:NO /NOLOGO /LIBPATH:../glew/lib /LIBPATH:../glfw/lib /LIBPATH:../tinyxml tinyxml_STL.lib glew32.lib glu32.lib opengl32.lib glfw.lib glfwdll.lib kernel32.lib user32.lib gdi32.lib winspool.lib comdlg32.lib advapi32.lib shell32.lib ole32.lib oleaut32.lib uuid.lib odbc32.lib odbccp32.lib /MANIFEST /ManifestFile:"Release\WaterSim.exe.intermediate.manifest" /MANIFESTUAC:"level='asInvoker' uiAccess='false'" /DEBUG /PDB:"C:\Users\sar\Dropbox\CIS 563 Final Project\FinalProject\PBD_starterkit\cohensam_PBD_starterkit\PBD_starterkit\Release\WaterSim.pdb" /SUBSYSTEM:CONSOLE /OPT:REF /OPT:ICF /LTCG /TLBID:1 /DYNAMICBASE /NXCOMPAT /IMPLIB:"C:\Users\sar\Dropbox\CIS 563 Final Project\FinalProject\PBD_starterkit\cohensam_PBD_starterkit\PBD_starterkit\Release\WaterSim.lib" /MACHINE:X86 Release\constraint.obj
         Release\main.obj
         Release\point.obj
         Release\scene.obj
         Release\sphere.obj
         Release\stb_image.obj
         Release\stb_image_write.obj
         Release\triangle.obj
         Release\vec.obj
         Release\WaterSim.obj
         Generating code
         Finished generating code
         PositionBasedDynamics.vcxproj -> C:\Users\sar\Dropbox\CIS 563 Final Project\FinalProject\PBD_starterkit\cohensam_PBD_starterkit\PBD_starterkit\Release\WaterSim.exe
       Manifest:
         c:\Program Files (x86)\Microsoft SDKs\Windows\v7.0A\bin\mt.exe /nologo /verbose /outputresource:"C:\Users\sar\Dropbox\CIS 563 Final Project\FinalProject\PBD_starterkit\cohensam_PBD_starterkit\PBD_starterkit\Release\WaterSim.exe;#1" /manifest Release\WaterSim.exe.intermediate.manifest
       FinalizeBuildStatus:
         Deleting file "Release\WaterSim.unsuccessfulbuild".
         Touching "Release\WaterSim.lastbuildstate".
     1>Done Building Project "C:\Users\sar\Dropbox\CIS 563 Final Project\FinalProject\PBD_starterkit\cohensam_PBD_starterkit\PBD_starterkit\PositionBasedDynamics\PositionBasedDynamics.vcxproj" (build target(s)).

Build succeeded.

Time Elapsed 00:00:06.24
