Build started 4/3/2015 3:22:45 AM.
     1>Project "C:\Users\Samantha\Documents\CIS 497 DMD Senior Project\GranularMatSim_Version12\PositionBasedDynamics\PositionBasedDynamics.vcxproj" on node 2 (build target(s)).
     1>InitializeBuildStatus:
         Creating "Debug\WaterSim.unsuccessfulbuild" because "AlwaysCreate" was specified.
       ClCompile:
         C:\Program Files (x86)\Microsoft Visual Studio 10.0\VC\bin\CL.exe /c /I../tinyxml /I../glm /I../glew/include /I../glfw/include /ZI /nologo /W3 /WX- /Od /Oy- /D WIN32 /D _DEBUG /D _CONSOLE /D _UNICODE /D UNICODE /Gm /EHsc /RTC1 /MDd /GS /fp:precise /Zc:wchar_t /Zc:forScope /Fo"Debug\\" /Fd"Debug\vc100.pdb" /Gd /TP /analyze- /errorReport:prompt Source\WaterSim.cpp
         WaterSim.cpp
     1>c:\users\samantha\documents\cis 497 dmd senior project\granularmatsim_version12\positionbaseddynamics\source\watersim.cpp(85): warning C4244: '=' : conversion from 'float' to 'int', possible loss of data
     1>c:\users\samantha\documents\cis 497 dmd senior project\granularmatsim_version12\positionbaseddynamics\source\watersim.cpp(86): warning C4244: '=' : conversion from 'float' to 'int', possible loss of data
     1>c:\users\samantha\documents\cis 497 dmd senior project\granularmatsim_version12\positionbaseddynamics\source\watersim.cpp(87): warning C4244: '=' : conversion from 'float' to 'int', possible loss of data
     1>c:\users\samantha\documents\cis 497 dmd senior project\granularmatsim_version12\positionbaseddynamics\source\watersim.cpp(116): warning C4244: 'argument' : conversion from 'double' to 'float', possible loss of data
     1>c:\users\samantha\documents\cis 497 dmd senior project\granularmatsim_version12\positionbaseddynamics\source\watersim.cpp(120): warning C4244: 'argument' : conversion from 'double' to 'float', possible loss of data
     1>c:\users\samantha\documents\cis 497 dmd senior project\granularmatsim_version12\positionbaseddynamics\source\watersim.cpp(222): warning C4018: '<' : signed/unsigned mismatch
     1>c:\users\samantha\documents\cis 497 dmd senior project\granularmatsim_version12\positionbaseddynamics\source\watersim.cpp(252): warning C4018: '<' : signed/unsigned mismatch
     1>c:\users\samantha\documents\cis 497 dmd senior project\granularmatsim_version12\positionbaseddynamics\source\watersim.cpp(468): warning C4018: '<' : signed/unsigned mismatch
     1>c:\users\samantha\documents\cis 497 dmd senior project\granularmatsim_version12\positionbaseddynamics\source\watersim.cpp(605): warning C4018: '<' : signed/unsigned mismatch
     1>c:\users\samantha\documents\cis 497 dmd senior project\granularmatsim_version12\positionbaseddynamics\source\watersim.cpp(608): warning C4018: '<' : signed/unsigned mismatch
     1>c:\users\samantha\documents\cis 497 dmd senior project\granularmatsim_version12\positionbaseddynamics\source\watersim.cpp(620): warning C4018: '<' : signed/unsigned mismatch
     1>c:\users\samantha\documents\cis 497 dmd senior project\granularmatsim_version12\positionbaseddynamics\source\watersim.cpp(719): warning C4018: '<' : signed/unsigned mismatch
     1>c:\users\samantha\documents\cis 497 dmd senior project\granularmatsim_version12\positionbaseddynamics\source\watersim.cpp(814): warning C4018: '<' : signed/unsigned mismatch
     1>c:\users\samantha\documents\cis 497 dmd senior project\granularmatsim_version12\positionbaseddynamics\source\watersim.cpp(859): warning C4018: '<' : signed/unsigned mismatch
     1>c:\users\samantha\documents\cis 497 dmd senior project\granularmatsim_version12\positionbaseddynamics\source\watersim.cpp(866): warning C4244: '=' : conversion from 'double' to 'float', possible loss of data
     1>c:\users\samantha\documents\cis 497 dmd senior project\granularmatsim_version12\positionbaseddynamics\source\watersim.cpp(876): warning C4018: '<' : signed/unsigned mismatch
     1>c:\users\samantha\documents\cis 497 dmd senior project\granularmatsim_version12\positionbaseddynamics\source\watersim.cpp(888): warning C4244: 'return' : conversion from 'double' to 'float', possible loss of data
     1>c:\users\samantha\documents\cis 497 dmd senior project\granularmatsim_version12\positionbaseddynamics\source\watersim.cpp(896): warning C4244: 'return' : conversion from 'double' to 'float', possible loss of data
     1>c:\users\samantha\documents\cis 497 dmd senior project\granularmatsim_version12\positionbaseddynamics\source\watersim.cpp(904): warning C4244: 'return' : conversion from 'double' to 'float', possible loss of data
     1>c:\users\samantha\documents\cis 497 dmd senior project\granularmatsim_version12\positionbaseddynamics\source\watersim.cpp(914): warning C4018: '<' : signed/unsigned mismatch
     1>c:\users\samantha\documents\cis 497 dmd senior project\granularmatsim_version12\positionbaseddynamics\source\watersim.cpp(928): warning C4018: '<' : signed/unsigned mismatch
     1>c:\users\samantha\documents\cis 497 dmd senior project\granularmatsim_version12\positionbaseddynamics\source\watersim.cpp(965): warning C4018: '<' : signed/unsigned mismatch
     1>c:\users\samantha\documents\cis 497 dmd senior project\granularmatsim_version12\positionbaseddynamics\source\watersim.cpp(993): warning C4305: 'initializing' : truncation from 'double' to 'float'
     1>c:\users\samantha\documents\cis 497 dmd senior project\granularmatsim_version12\positionbaseddynamics\source\watersim.cpp(995): warning C4018: '<' : signed/unsigned mismatch
     1>c:\users\samantha\documents\cis 497 dmd senior project\granularmatsim_version12\positionbaseddynamics\source\watersim.cpp(1008): warning C4244: '=' : conversion from 'double' to 'float', possible loss of data
     1>c:\users\samantha\documents\cis 497 dmd senior project\granularmatsim_version12\positionbaseddynamics\source\watersim.cpp(1023): warning C4018: '<' : signed/unsigned mismatch
     1>c:\users\samantha\documents\cis 497 dmd senior project\granularmatsim_version12\positionbaseddynamics\source\watersim.cpp(1044): warning C4018: '<' : signed/unsigned mismatch
     1>c:\users\samantha\documents\cis 497 dmd senior project\granularmatsim_version12\positionbaseddynamics\source\watersim.cpp(1089): warning C4018: '<' : signed/unsigned mismatch
     1>c:\users\samantha\documents\cis 497 dmd senior project\granularmatsim_version12\positionbaseddynamics\source\watersim.cpp(1138): warning C4018: '<' : signed/unsigned mismatch
     1>c:\users\samantha\documents\cis 497 dmd senior project\granularmatsim_version12\positionbaseddynamics\source\watersim.cpp(1151): warning C4018: '<' : signed/unsigned mismatch
     1>c:\users\samantha\documents\cis 497 dmd senior project\granularmatsim_version12\positionbaseddynamics\source\watersim.cpp(1168): warning C4018: '<' : signed/unsigned mismatch
     1>c:\users\samantha\documents\cis 497 dmd senior project\granularmatsim_version12\positionbaseddynamics\source\watersim.cpp(1217): warning C4018: '<' : signed/unsigned mismatch
     1>c:\users\samantha\documents\cis 497 dmd senior project\granularmatsim_version12\positionbaseddynamics\source\watersim.cpp(1222): warning C4018: '<' : signed/unsigned mismatch
     1>c:\users\samantha\documents\cis 497 dmd senior project\granularmatsim_version12\positionbaseddynamics\source\watersim.cpp(1225): warning C4244: 'argument' : conversion from 'float' to 'const int', possible loss of data
     1>c:\users\samantha\documents\cis 497 dmd senior project\granularmatsim_version12\positionbaseddynamics\source\watersim.cpp(1230): warning C4018: '<' : signed/unsigned mismatch
     1>c:\users\samantha\documents\cis 497 dmd senior project\granularmatsim_version12\positionbaseddynamics\source\watersim.cpp(1239): warning C4244: '=' : conversion from 'unsigned int' to 'float', possible loss of data
     1>c:\users\samantha\documents\cis 497 dmd senior project\granularmatsim_version12\positionbaseddynamics\source\watersim.cpp(1241): warning C4244: '=' : conversion from 'int' to 'float', possible loss of data
     1>c:\users\samantha\documents\cis 497 dmd senior project\granularmatsim_version12\positionbaseddynamics\source\watersim.cpp(1244): warning C4018: '<' : signed/unsigned mismatch
     1>c:\users\samantha\documents\cis 497 dmd senior project\granularmatsim_version12\positionbaseddynamics\source\watersim.cpp(1247): warning C4018: '<' : signed/unsigned mismatch
     1>c:\users\samantha\documents\cis 497 dmd senior project\granularmatsim_version12\positionbaseddynamics\source\watersim.cpp(1249): warning C4244: '=' : conversion from 'unsigned int' to 'float', possible loss of data
     1>c:\users\samantha\documents\cis 497 dmd senior project\granularmatsim_version12\positionbaseddynamics\source\watersim.cpp(1251): warning C4244: '=' : conversion from 'int' to 'float', possible loss of data
     1>c:\users\samantha\documents\cis 497 dmd senior project\granularmatsim_version12\positionbaseddynamics\source\watersim.cpp(1268): warning C4018: '<' : signed/unsigned mismatch
     1>c:\users\samantha\documents\cis 497 dmd senior project\granularmatsim_version12\positionbaseddynamics\source\watersim.cpp(1277): warning C4244: '=' : conversion from 'unsigned int' to 'float', possible loss of data
     1>c:\users\samantha\documents\cis 497 dmd senior project\granularmatsim_version12\positionbaseddynamics\source\watersim.cpp(1279): warning C4244: '=' : conversion from 'int' to 'float', possible loss of data
     1>c:\users\samantha\documents\cis 497 dmd senior project\granularmatsim_version12\positionbaseddynamics\source\watersim.cpp(1282): warning C4018: '<' : signed/unsigned mismatch
     1>c:\users\samantha\documents\cis 497 dmd senior project\granularmatsim_version12\positionbaseddynamics\source\watersim.cpp(1286): warning C4244: '=' : conversion from 'unsigned int' to 'float', possible loss of data
     1>c:\users\samantha\documents\cis 497 dmd senior project\granularmatsim_version12\positionbaseddynamics\source\watersim.cpp(1288): warning C4244: '=' : conversion from 'int' to 'float', possible loss of data
     1>c:\users\samantha\documents\cis 497 dmd senior project\granularmatsim_version12\positionbaseddynamics\source\watersim.cpp(1303): warning C4018: '<' : signed/unsigned mismatch
     1>c:\users\samantha\documents\cis 497 dmd senior project\granularmatsim_version12\positionbaseddynamics\source\watersim.cpp(1307): warning C4244: 'argument' : conversion from 'float' to 'const int', possible loss of data
     1>c:\users\samantha\documents\cis 497 dmd senior project\granularmatsim_version12\positionbaseddynamics\source\watersim.cpp(1312): warning C4018: '<' : signed/unsigned mismatch
     1>c:\users\samantha\documents\cis 497 dmd senior project\granularmatsim_version12\positionbaseddynamics\source\watersim.cpp(1321): warning C4244: '=' : conversion from 'unsigned int' to 'float', possible loss of data
     1>c:\users\samantha\documents\cis 497 dmd senior project\granularmatsim_version12\positionbaseddynamics\source\watersim.cpp(1323): warning C4244: '=' : conversion from 'int' to 'float', possible loss of data
     1>c:\users\samantha\documents\cis 497 dmd senior project\granularmatsim_version12\positionbaseddynamics\source\watersim.cpp(1325): warning C4018: '<' : signed/unsigned mismatch
     1>c:\users\samantha\documents\cis 497 dmd senior project\granularmatsim_version12\positionbaseddynamics\source\watersim.cpp(1328): warning C4018: '<' : signed/unsigned mismatch
     1>c:\users\samantha\documents\cis 497 dmd senior project\granularmatsim_version12\positionbaseddynamics\source\watersim.cpp(1330): warning C4244: '=' : conversion from 'unsigned int' to 'float', possible loss of data
     1>c:\users\samantha\documents\cis 497 dmd senior project\granularmatsim_version12\positionbaseddynamics\source\watersim.cpp(1332): warning C4244: '=' : conversion from 'int' to 'float', possible loss of data
     1>c:\users\samantha\documents\cis 497 dmd senior project\granularmatsim_version12\positionbaseddynamics\source\watersim.cpp(1358): warning C4018: '<' : signed/unsigned mismatch
     1>c:\users\samantha\documents\cis 497 dmd senior project\granularmatsim_version12\positionbaseddynamics\source\watersim.cpp(1366): warning C4018: '<' : signed/unsigned mismatch
     1>c:\users\samantha\documents\cis 497 dmd senior project\granularmatsim_version12\positionbaseddynamics\source\watersim.cpp(1381): warning C4244: 'argument' : conversion from 'int' to 'const float', possible loss of data
     1>c:\users\samantha\documents\cis 497 dmd senior project\granularmatsim_version12\positionbaseddynamics\source\watersim.cpp(1383): warning C4018: '<' : signed/unsigned mismatch
     1>c:\users\samantha\documents\cis 497 dmd senior project\granularmatsim_version12\positionbaseddynamics\source\watersim.cpp(1384): warning C4018: '<' : signed/unsigned mismatch
     1>c:\users\samantha\documents\cis 497 dmd senior project\granularmatsim_version12\positionbaseddynamics\source\watersim.cpp(1398): warning C4018: '<' : signed/unsigned mismatch
     1>c:\users\samantha\documents\cis 497 dmd senior project\granularmatsim_version12\positionbaseddynamics\source\watersim.cpp(1410): warning C4018: '<' : signed/unsigned mismatch
     1>c:\users\samantha\documents\cis 497 dmd senior project\granularmatsim_version12\positionbaseddynamics\source\watersim.cpp(1415): warning C4018: '<' : signed/unsigned mismatch
     1>c:\users\samantha\documents\cis 497 dmd senior project\granularmatsim_version12\positionbaseddynamics\source\watersim.cpp(1434): warning C4018: '<' : signed/unsigned mismatch
     1>c:\users\samantha\documents\cis 497 dmd senior project\granularmatsim_version12\positionbaseddynamics\source\watersim.cpp(1439): warning C4018: '<' : signed/unsigned mismatch
     1>c:\users\samantha\documents\cis 497 dmd senior project\granularmatsim_version12\positionbaseddynamics\source\watersim.cpp(1449): warning C4305: 'initializing' : truncation from 'double' to 'float'
     1>c:\users\samantha\documents\cis 497 dmd senior project\granularmatsim_version12\positionbaseddynamics\source\watersim.cpp(1451): warning C4018: '<' : signed/unsigned mismatch
     1>c:\users\samantha\documents\cis 497 dmd senior project\granularmatsim_version12\positionbaseddynamics\source\watersim.cpp(1461): warning C4305: 'initializing' : truncation from 'double' to 'float'
     1>c:\users\samantha\documents\cis 497 dmd senior project\granularmatsim_version12\positionbaseddynamics\source\watersim.cpp(1462): warning C4018: '<' : signed/unsigned mismatch
     1>c:\users\samantha\documents\cis 497 dmd senior project\granularmatsim_version12\positionbaseddynamics\source\watersim.cpp(1470): warning C4018: '<' : signed/unsigned mismatch
     1>c:\users\samantha\documents\cis 497 dmd senior project\granularmatsim_version12\positionbaseddynamics\source\watersim.cpp(1493): warning C4018: '<' : signed/unsigned mismatch
     1>c:\users\samantha\documents\cis 497 dmd senior project\granularmatsim_version12\positionbaseddynamics\source\watersim.cpp(1507): warning C4018: '<' : signed/unsigned mismatch
     1>c:\users\samantha\documents\cis 497 dmd senior project\granularmatsim_version12\positionbaseddynamics\source\watersim.cpp(1520): warning C4018: '<' : signed/unsigned mismatch
     1>c:\users\samantha\documents\cis 497 dmd senior project\granularmatsim_version12\positionbaseddynamics\source\watersim.cpp(1532): warning C4018: '<' : signed/unsigned mismatch
     1>c:\users\samantha\documents\cis 497 dmd senior project\granularmatsim_version12\positionbaseddynamics\source\watersim.cpp(1559): warning C4244: 'return' : conversion from 'double' to 'float', possible loss of data
     1>c:\users\samantha\documents\cis 497 dmd senior project\granularmatsim_version12\positionbaseddynamics\source\watersim.cpp(1564): warning C4018: '<' : signed/unsigned mismatch
     1>c:\users\samantha\documents\cis 497 dmd senior project\granularmatsim_version12\positionbaseddynamics\source\watersim.cpp(1582): warning C4018: '<' : signed/unsigned mismatch
     1>c:\users\samantha\documents\cis 497 dmd senior project\granularmatsim_version12\positionbaseddynamics\source\watersim.cpp(1601): warning C4244: 'return' : conversion from 'double' to 'float', possible loss of data
     1>c:\users\samantha\documents\cis 497 dmd senior project\granularmatsim_version12\positionbaseddynamics\source\watersim.cpp(1609): warning C4018: '<' : signed/unsigned mismatch
     1>c:\users\samantha\documents\cis 497 dmd senior project\granularmatsim_version12\positionbaseddynamics\source\watersim.cpp(1615): warning C4018: '<' : signed/unsigned mismatch
     1>c:\users\samantha\documents\cis 497 dmd senior project\granularmatsim_version12\positionbaseddynamics\source\watersim.cpp(1633): warning C4018: '<' : signed/unsigned mismatch
     1>c:\users\samantha\documents\cis 497 dmd senior project\granularmatsim_version12\positionbaseddynamics\source\watersim.cpp(1649): warning C4018: '<' : signed/unsigned mismatch
     1>c:\users\samantha\documents\cis 497 dmd senior project\granularmatsim_version12\positionbaseddynamics\source\watersim.cpp(1692): warning C4018: '<' : signed/unsigned mismatch
     1>c:\users\samantha\documents\cis 497 dmd senior project\granularmatsim_version12\positionbaseddynamics\source\watersim.cpp(1730): warning C4018: '<' : signed/unsigned mismatch
     1>c:\users\samantha\documents\cis 497 dmd senior project\granularmatsim_version12\positionbaseddynamics\source\watersim.cpp(1758): warning C4018: '<' : signed/unsigned mismatch
     1>c:\users\samantha\documents\cis 497 dmd senior project\granularmatsim_version12\positionbaseddynamics\source\watersim.cpp(1766): warning C4018: '<' : signed/unsigned mismatch
     1>c:\users\samantha\documents\cis 497 dmd senior project\granularmatsim_version12\positionbaseddynamics\source\watersim.cpp(1799): warning C4244: 'return' : conversion from 'double' to 'float', possible loss of data
     1>c:\users\samantha\documents\cis 497 dmd senior project\granularmatsim_version12\positionbaseddynamics\source\watersim.cpp(1804): warning C4244: 'initializing' : conversion from 'double' to 'float', possible loss of data
     1>c:\users\samantha\documents\cis 497 dmd senior project\granularmatsim_version12\positionbaseddynamics\source\watersim.cpp(1817): warning C4244: 'initializing' : conversion from 'double' to 'float', possible loss of data
     1>c:\users\samantha\documents\cis 497 dmd senior project\granularmatsim_version12\positionbaseddynamics\source\watersim.cpp(1820): warning C4244: '=' : conversion from 'double' to 'float', possible loss of data
     1>c:\users\samantha\documents\cis 497 dmd senior project\granularmatsim_version12\positionbaseddynamics\source\watersim.cpp(1826): warning C4244: 'return' : conversion from 'double' to 'float', possible loss of data
     1>c:\users\samantha\documents\cis 497 dmd senior project\granularmatsim_version12\positionbaseddynamics\source\watersim.cpp(1834): warning C4018: '<' : signed/unsigned mismatch
     1>c:\users\samantha\documents\cis 497 dmd senior project\granularmatsim_version12\positionbaseddynamics\source\watersim.cpp(1934): warning C4018: '<' : signed/unsigned mismatch
     1>c:\users\samantha\documents\cis 497 dmd senior project\granularmatsim_version12\positionbaseddynamics\source\watersim.cpp(1970): warning C4018: '<' : signed/unsigned mismatch
     1>c:\users\samantha\documents\cis 497 dmd senior project\granularmatsim_version12\positionbaseddynamics\source\watersim.cpp(2003): warning C4244: 'argument' : conversion from 'float' to 'const int', possible loss of data
     1>c:\users\samantha\documents\cis 497 dmd senior project\granularmatsim_version12\positionbaseddynamics\source\watersim.cpp(2004): warning C4018: '<' : signed/unsigned mismatch
     1>c:\users\samantha\documents\cis 497 dmd senior project\granularmatsim_version12\positionbaseddynamics\source\watersim.cpp(2007): warning C4244: '/=' : conversion from 'double' to 'float', possible loss of data
     1>c:\users\samantha\documents\cis 497 dmd senior project\granularmatsim_version12\positionbaseddynamics\source\watersim.cpp(2079): warning C4244: 'initializing' : conversion from 'double' to 'float', possible loss of data
     1>c:\users\samantha\documents\cis 497 dmd senior project\granularmatsim_version12\positionbaseddynamics\source\watersim.cpp(2128): warning C4305: 'initializing' : truncation from 'double' to 'float'
         All outputs are up-to-date.
       ManifestResourceCompile:
         All outputs are up-to-date.
       Link:
         C:\Program Files (x86)\Microsoft Visual Studio 10.0\VC\bin\link.exe /ERRORREPORT:PROMPT /OUT:"C:\Users\Samantha\Documents\CIS 497 DMD Senior Project\GranularMatSim_Version12\Debug\WaterSim.exe" /INCREMENTAL /NOLOGO /LIBPATH:../glew/lib /LIBPATH:../glfw/lib /LIBPATH:../tinyxml tinyxmld_STL.lib glew32.lib glu32.lib opengl32.lib glfw.lib glfwdll.lib kernel32.lib user32.lib gdi32.lib winspool.lib comdlg32.lib advapi32.lib shell32.lib ole32.lib oleaut32.lib uuid.lib odbc32.lib odbccp32.lib /MANIFEST /ManifestFile:"Debug\WaterSim.exe.intermediate.manifest" /MANIFESTUAC:"level='asInvoker' uiAccess='false'" /DEBUG /PDB:"C:\Users\Samantha\Documents\CIS 497 DMD Senior Project\GranularMatSim_Version12\Debug\WaterSim.pdb" /SUBSYSTEM:CONSOLE /TLBID:1 /DYNAMICBASE /NXCOMPAT /IMPLIB:"C:\Users\Samantha\Documents\CIS 497 DMD Senior Project\GranularMatSim_Version12\Debug\WaterSim.lib" /MACHINE:X86 Debug\WaterSim.exe.embed.manifest.res
         Debug\constraint.obj
         Debug\main.obj
         Debug\point.obj
         Debug\scene.obj
         Debug\sphere.obj
         Debug\stb_image.obj
         Debug\stb_image_write.obj
         Debug\triangle.obj
         Debug\vec.obj
         Debug\WaterSim.obj
     1>LINK : warning LNK4098: defaultlib 'MSVCRT' conflicts with use of other libs; use /NODEFAULTLIB:library
     1>tinyxmld_STL.lib(tinyxml.obj) : warning LNK4099: PDB 'vc100.pdb' was not found with 'tinyxmld_STL.lib(tinyxml.obj)' or at 'C:\Users\Samantha\Documents\CIS 497 DMD Senior Project\GranularMatSim_Version12\Debug\vc100.pdb'; linking object as if no debug info
     1>tinyxmld_STL.lib(tinyxmlerror.obj) : warning LNK4099: PDB 'vc100.pdb' was not found with 'tinyxmld_STL.lib(tinyxmlerror.obj)' or at 'C:\Users\Samantha\Documents\CIS 497 DMD Senior Project\GranularMatSim_Version12\Debug\vc100.pdb'; linking object as if no debug info
     1>tinyxmld_STL.lib(tinyxmlparser.obj) : warning LNK4099: PDB 'vc100.pdb' was not found with 'tinyxmld_STL.lib(tinyxmlparser.obj)' or at 'C:\Users\Samantha\Documents\CIS 497 DMD Senior Project\GranularMatSim_Version12\Debug\vc100.pdb'; linking object as if no debug info
       Manifest:
         C:\Program Files (x86)\Microsoft SDKs\Windows\v7.0A\bin\mt.exe /nologo /verbose /out:"Debug\WaterSim.exe.embed.manifest" /manifest Debug\WaterSim.exe.intermediate.manifest
         All outputs are up-to-date.
       LinkEmbedManifest:
         All outputs are up-to-date.
         PositionBasedDynamics.vcxproj -> C:\Users\Samantha\Documents\CIS 497 DMD Senior Project\GranularMatSim_Version12\Debug\WaterSim.exe
       FinalizeBuildStatus:
         Deleting file "Debug\WaterSim.unsuccessfulbuild".
         Touching "Debug\WaterSim.lastbuildstate".
     1>Done Building Project "C:\Users\Samantha\Documents\CIS 497 DMD Senior Project\GranularMatSim_Version12\PositionBasedDynamics\PositionBasedDynamics.vcxproj" (build target(s)).

Build succeeded.

Time Elapsed 00:00:02.24
