C:\Users\User\Documents\CIS 563\hw2\PBD_starterkit\PBD_starterkit\PositionBasedDynamics\Release\cl.command.1.tlog
C:\Users\User\Documents\CIS 563\hw2\PBD_starterkit\PBD_starterkit\PositionBasedDynamics\Release\CL.read.1.tlog
C:\Users\User\Documents\CIS 563\hw2\PBD_starterkit\PBD_starterkit\PositionBasedDynamics\Release\CL.write.1.tlog
C:\USERS\USER\DOCUMENTS\CIS 563\HW2\PBD_STARTERKIT\PBD_STARTERKIT\POSITIONBASEDDYNAMICS\RELEASE\CLOTH_SIM.OBJ
C:\USERS\USER\DOCUMENTS\CIS 563\HW2\PBD_STARTERKIT\PBD_STARTERKIT\POSITIONBASEDDYNAMICS\RELEASE\CONSTRAINT.OBJ
C:\Users\User\Documents\CIS 563\hw2\PBD_starterkit\PBD_starterkit\PositionBasedDynamics\Release\link.command.1.tlog
C:\Users\User\Documents\CIS 563\hw2\PBD_starterkit\PBD_starterkit\PositionBasedDynamics\Release\link.read.1.tlog
C:\Users\User\Documents\CIS 563\hw2\PBD_starterkit\PBD_starterkit\PositionBasedDynamics\Release\link.write.1.tlog
C:\USERS\USER\DOCUMENTS\CIS 563\HW2\PBD_STARTERKIT\PBD_STARTERKIT\POSITIONBASEDDYNAMICS\RELEASE\MAIN.OBJ
C:\Users\User\Documents\CIS 563\hw2\PBD_starterkit\PBD_starterkit\PositionBasedDynamics\Release\mt.command.1.tlog
C:\Users\User\Documents\CIS 563\hw2\PBD_starterkit\PBD_starterkit\PositionBasedDynamics\Release\mt.read.1.tlog
C:\Users\User\Documents\CIS 563\hw2\PBD_starterkit\PBD_starterkit\PositionBasedDynamics\Release\mt.write.1.tlog
C:\USERS\USER\DOCUMENTS\CIS 563\HW2\PBD_STARTERKIT\PBD_STARTERKIT\POSITIONBASEDDYNAMICS\RELEASE\POSITIONBASEDDYNAMICS.EXE.INTERMEDIATE.MANIFEST
C:\Users\User\Documents\CIS 563\hw2\PBD_starterkit\PBD_starterkit\PositionBasedDynamics\Release\PositionBasedDynamics.write.1.tlog
C:\USERS\USER\DOCUMENTS\CIS 563\HW2\PBD_STARTERKIT\PBD_STARTERKIT\POSITIONBASEDDYNAMICS\RELEASE\SCENE.OBJ
C:\USERS\USER\DOCUMENTS\CIS 563\HW2\PBD_STARTERKIT\PBD_STARTERKIT\POSITIONBASEDDYNAMICS\RELEASE\STB_IMAGE.OBJ
C:\USERS\USER\DOCUMENTS\CIS 563\HW2\PBD_STARTERKIT\PBD_STARTERKIT\POSITIONBASEDDYNAMICS\RELEASE\STB_IMAGE_WRITE.OBJ
C:\USERS\USER\DOCUMENTS\CIS 563\HW2\PBD_STARTERKIT\PBD_STARTERKIT\POSITIONBASEDDYNAMICS\RELEASE\VC100.PDB
C:\USERS\USER\DOCUMENTS\CIS 563\HW2\PBD_STARTERKIT\PBD_STARTERKIT\RELEASE\POSITIONBASEDDYNAMICS.EXE
C:\USERS\USER\DOCUMENTS\CIS 563\HW2\PBD_STARTERKIT\PBD_STARTERKIT\RELEASE\POSITIONBASEDDYNAMICS.PDB
