Build started 4/6/2015 4:17:04 AM.
     1>Project "C:\Users\Samantha\Documents\CIS 497 DMD Senior Project\GranularMatSim_Version14\PositionBasedDynamics\PositionBasedDynamics.vcxproj" on node 2 (build target(s)).
     1>InitializeBuildStatus:
         Creating "Release\WaterSim.unsuccessfulbuild" because "AlwaysCreate" was specified.
       ClCompile:
         C:\Program Files (x86)\Microsoft Visual Studio 10.0\VC\bin\CL.exe /c /I../tinyxml /I../glm /I../glew/include /I../glfw/include /Zi /nologo /W3 /WX- /O2 /Oi /Oy- /GL /D WIN32 /D NDEBUG /D _CONSOLE /D _UNICODE /D UNICODE /Gm- /EHsc /MD /GS /Gy /fp:precise /Zc:wchar_t /Zc:forScope /Fo"Release\\" /Fd"Release\vc100.pdb" /Gd /TP /analyze- /errorReport:prompt Source\WaterSim.cpp
         WaterSim.cpp
     1>Source\WaterSim.cpp(103): warning C4244: 'argument' : conversion from 'double' to 'float', possible loss of data
     1>Source\WaterSim.cpp(107): warning C4244: 'argument' : conversion from 'double' to 'float', possible loss of data
     1>Source\WaterSim.cpp(211): warning C4018: '<' : signed/unsigned mismatch
     1>Source\WaterSim.cpp(404): warning C4018: '<' : signed/unsigned mismatch
     1>Source\WaterSim.cpp(541): warning C4018: '<' : signed/unsigned mismatch
     1>Source\WaterSim.cpp(544): warning C4018: '<' : signed/unsigned mismatch
     1>Source\WaterSim.cpp(556): warning C4018: '<' : signed/unsigned mismatch
     1>Source\WaterSim.cpp(648): warning C4018: '<' : signed/unsigned mismatch
     1>Source\WaterSim.cpp(721): warning C4018: '<' : signed/unsigned mismatch
     1>Source\WaterSim.cpp(766): warning C4018: '<' : signed/unsigned mismatch
     1>Source\WaterSim.cpp(773): warning C4244: '=' : conversion from 'double' to 'float', possible loss of data
     1>Source\WaterSim.cpp(783): warning C4018: '<' : signed/unsigned mismatch
     1>Source\WaterSim.cpp(795): warning C4244: 'return' : conversion from 'double' to 'float', possible loss of data
     1>Source\WaterSim.cpp(803): warning C4244: 'return' : conversion from 'double' to 'float', possible loss of data
     1>Source\WaterSim.cpp(811): warning C4244: 'return' : conversion from 'double' to 'float', possible loss of data
     1>Source\WaterSim.cpp(821): warning C4018: '<' : signed/unsigned mismatch
     1>Source\WaterSim.cpp(835): warning C4018: '<' : signed/unsigned mismatch
     1>Source\WaterSim.cpp(872): warning C4018: '<' : signed/unsigned mismatch
     1>Source\WaterSim.cpp(894): warning C4018: '<' : signed/unsigned mismatch
     1>Source\WaterSim.cpp(915): warning C4018: '<' : signed/unsigned mismatch
     1>Source\WaterSim.cpp(960): warning C4018: '<' : signed/unsigned mismatch
     1>Source\WaterSim.cpp(1010): warning C4018: '<' : signed/unsigned mismatch
     1>Source\WaterSim.cpp(1027): warning C4018: '<' : signed/unsigned mismatch
     1>Source\WaterSim.cpp(1076): warning C4018: '<' : signed/unsigned mismatch
     1>Source\WaterSim.cpp(1081): warning C4018: '<' : signed/unsigned mismatch
     1>Source\WaterSim.cpp(1084): warning C4244: 'argument' : conversion from 'float' to 'const int', possible loss of data
     1>Source\WaterSim.cpp(1089): warning C4018: '<' : signed/unsigned mismatch
     1>Source\WaterSim.cpp(1098): warning C4244: '=' : conversion from 'unsigned int' to 'float', possible loss of data
     1>Source\WaterSim.cpp(1100): warning C4244: '=' : conversion from 'int' to 'float', possible loss of data
     1>Source\WaterSim.cpp(1103): warning C4018: '<' : signed/unsigned mismatch
     1>Source\WaterSim.cpp(1106): warning C4018: '<' : signed/unsigned mismatch
     1>Source\WaterSim.cpp(1108): warning C4244: '=' : conversion from 'unsigned int' to 'float', possible loss of data
     1>Source\WaterSim.cpp(1110): warning C4244: '=' : conversion from 'int' to 'float', possible loss of data
     1>Source\WaterSim.cpp(1127): warning C4018: '<' : signed/unsigned mismatch
     1>Source\WaterSim.cpp(1136): warning C4244: '=' : conversion from 'unsigned int' to 'float', possible loss of data
     1>Source\WaterSim.cpp(1138): warning C4244: '=' : conversion from 'int' to 'float', possible loss of data
     1>Source\WaterSim.cpp(1141): warning C4018: '<' : signed/unsigned mismatch
     1>Source\WaterSim.cpp(1145): warning C4244: '=' : conversion from 'unsigned int' to 'float', possible loss of data
     1>Source\WaterSim.cpp(1147): warning C4244: '=' : conversion from 'int' to 'float', possible loss of data
     1>Source\WaterSim.cpp(1162): warning C4018: '<' : signed/unsigned mismatch
     1>Source\WaterSim.cpp(1166): warning C4244: 'argument' : conversion from 'float' to 'const int', possible loss of data
     1>Source\WaterSim.cpp(1171): warning C4018: '<' : signed/unsigned mismatch
     1>Source\WaterSim.cpp(1180): warning C4244: '=' : conversion from 'unsigned int' to 'float', possible loss of data
     1>Source\WaterSim.cpp(1182): warning C4244: '=' : conversion from 'int' to 'float', possible loss of data
     1>Source\WaterSim.cpp(1184): warning C4018: '<' : signed/unsigned mismatch
     1>Source\WaterSim.cpp(1187): warning C4018: '<' : signed/unsigned mismatch
     1>Source\WaterSim.cpp(1189): warning C4244: '=' : conversion from 'unsigned int' to 'float', possible loss of data
     1>Source\WaterSim.cpp(1191): warning C4244: '=' : conversion from 'int' to 'float', possible loss of data
     1>Source\WaterSim.cpp(1217): warning C4018: '<' : signed/unsigned mismatch
     1>Source\WaterSim.cpp(1225): warning C4018: '<' : signed/unsigned mismatch
     1>Source\WaterSim.cpp(1240): warning C4244: 'argument' : conversion from 'int' to 'const float', possible loss of data
     1>Source\WaterSim.cpp(1242): warning C4018: '<' : signed/unsigned mismatch
     1>Source\WaterSim.cpp(1243): warning C4018: '<' : signed/unsigned mismatch
     1>Source\WaterSim.cpp(1257): warning C4018: '<' : signed/unsigned mismatch
     1>Source\WaterSim.cpp(1269): warning C4018: '<' : signed/unsigned mismatch
     1>Source\WaterSim.cpp(1274): warning C4018: '<' : signed/unsigned mismatch
     1>Source\WaterSim.cpp(1293): warning C4018: '<' : signed/unsigned mismatch
     1>Source\WaterSim.cpp(1298): warning C4018: '<' : signed/unsigned mismatch
     1>Source\WaterSim.cpp(1312): warning C4018: '<' : signed/unsigned mismatch
     1>Source\WaterSim.cpp(1318): warning C4018: '<' : signed/unsigned mismatch
     1>Source\WaterSim.cpp(1336): warning C4018: '<' : signed/unsigned mismatch
     1>Source\WaterSim.cpp(1352): warning C4018: '<' : signed/unsigned mismatch
     1>Source\WaterSim.cpp(1419): warning C4018: '<' : signed/unsigned mismatch
     1>Source\WaterSim.cpp(1432): warning C4018: '<' : signed/unsigned mismatch
     1>Source\WaterSim.cpp(1465): warning C4244: 'return' : conversion from 'double' to 'float', possible loss of data
     1>Source\WaterSim.cpp(1470): warning C4244: 'initializing' : conversion from 'double' to 'float', possible loss of data
     1>Source\WaterSim.cpp(1479): warning C4244: 'initializing' : conversion from 'double' to 'float', possible loss of data
     1>Source\WaterSim.cpp(1482): warning C4244: '=' : conversion from 'double' to 'float', possible loss of data
     1>Source\WaterSim.cpp(1488): warning C4244: 'return' : conversion from 'double' to 'float', possible loss of data
     1>Source\WaterSim.cpp(1496): warning C4018: '<' : signed/unsigned mismatch
         All outputs are up-to-date.
       Link:
         C:\Program Files (x86)\Microsoft Visual Studio 10.0\VC\bin\link.exe /ERRORREPORT:PROMPT /OUT:"C:\Users\Samantha\Documents\CIS 497 DMD Senior Project\GranularMatSim_Version14\Release\WaterSim.exe" /INCREMENTAL:NO /NOLOGO /LIBPATH:../glew/lib /LIBPATH:../glfw/lib /LIBPATH:../tinyxml tinyxml_STL.lib glew32.lib glu32.lib opengl32.lib glfw.lib glfwdll.lib kernel32.lib user32.lib gdi32.lib winspool.lib comdlg32.lib advapi32.lib shell32.lib ole32.lib oleaut32.lib uuid.lib odbc32.lib odbccp32.lib /MANIFEST /ManifestFile:"Release\WaterSim.exe.intermediate.manifest" /MANIFESTUAC:"level='asInvoker' uiAccess='false'" /DEBUG /PDB:"C:\Users\Samantha\Documents\CIS 497 DMD Senior Project\GranularMatSim_Version14\Release\WaterSim.pdb" /SUBSYSTEM:CONSOLE /OPT:REF /OPT:ICF /LTCG /TLBID:1 /DYNAMICBASE /NXCOMPAT /IMPLIB:"C:\Users\Samantha\Documents\CIS 497 DMD Senior Project\GranularMatSim_Version14\Release\WaterSim.lib" /MACHINE:X86 Release\constraint.obj
         Release\main.obj
         Release\point.obj
         Release\scene.obj
         Release\sphere.obj
         Release\stb_image.obj
         Release\stb_image_write.obj
         Release\triangle.obj
         Release\vec.obj
         Release\WaterSim.obj
         Generating code
         Finished generating code
     1>tinyxml_STL.lib(tinyxml.obj) : warning LNK4099: PDB 'vc100.pdb' was not found with 'tinyxml_STL.lib(tinyxml.obj)' or at 'C:\Users\Samantha\Documents\CIS 497 DMD Senior Project\GranularMatSim_Version14\Release\vc100.pdb'; linking object as if no debug info
     1>tinyxml_STL.lib(tinyxmlerror.obj) : warning LNK4099: PDB 'vc100.pdb' was not found with 'tinyxml_STL.lib(tinyxmlerror.obj)' or at 'C:\Users\Samantha\Documents\CIS 497 DMD Senior Project\GranularMatSim_Version14\Release\vc100.pdb'; linking object as if no debug info
     1>tinyxml_STL.lib(tinyxmlparser.obj) : warning LNK4099: PDB 'vc100.pdb' was not found with 'tinyxml_STL.lib(tinyxmlparser.obj)' or at 'C:\Users\Samantha\Documents\CIS 497 DMD Senior Project\GranularMatSim_Version14\Release\vc100.pdb'; linking object as if no debug info
         PositionBasedDynamics.vcxproj -> C:\Users\Samantha\Documents\CIS 497 DMD Senior Project\GranularMatSim_Version14\Release\WaterSim.exe
       Manifest:
         C:\Program Files (x86)\Microsoft SDKs\Windows\v7.0A\bin\mt.exe /nologo /verbose /outputresource:"C:\Users\Samantha\Documents\CIS 497 DMD Senior Project\GranularMatSim_Version14\Release\WaterSim.exe;#1" /manifest Release\WaterSim.exe.intermediate.manifest
       FinalizeBuildStatus:
         Deleting file "Release\WaterSim.unsuccessfulbuild".
         Touching "Release\WaterSim.lastbuildstate".
     1>Done Building Project "C:\Users\Samantha\Documents\CIS 497 DMD Senior Project\GranularMatSim_Version14\PositionBasedDynamics\PositionBasedDynamics.vcxproj" (build target(s)).

Build succeeded.

Time Elapsed 00:00:06.07
