Build started 2/26/2015 2:40:35 PM.
     1>Project "C:\Users\Samantha\Documents\CIS 497 DMD Senior Project\GranularMatSim_Version6\PositionBasedDynamics\PositionBasedDynamics.vcxproj" on node 2 (build target(s)).
     1>InitializeBuildStatus:
         Creating "Release\WaterSim.unsuccessfulbuild" because "AlwaysCreate" was specified.
       ClCompile:
         C:\Program Files (x86)\Microsoft Visual Studio 10.0\VC\bin\CL.exe /c /I../tinyxml /I../glm /I../glew/include /I../glfw/include /Zi /nologo /W3 /WX- /O2 /Oi /Oy- /GL /D WIN32 /D NDEBUG /D _CONSOLE /D _UNICODE /D UNICODE /Gm- /EHsc /MD /GS /Gy /fp:precise /Zc:wchar_t /Zc:forScope /Fo"Release\\" /Fd"Release\vc100.pdb" /Gd /TP /analyze- /errorReport:prompt Source\WaterSim.cpp
         WaterSim.cpp
     1>Source\WaterSim.cpp(80): warning C4244: '=' : conversion from 'float' to 'int', possible loss of data
     1>Source\WaterSim.cpp(81): warning C4244: '=' : conversion from 'float' to 'int', possible loss of data
     1>Source\WaterSim.cpp(82): warning C4244: '=' : conversion from 'float' to 'int', possible loss of data
     1>Source\WaterSim.cpp(571): warning C4244: 'argument' : conversion from 'double' to 'float', possible loss of data
     1>Source\WaterSim.cpp(611): warning C4244: 'argument' : conversion from 'double' to 'float', possible loss of data
     1>Source\WaterSim.cpp(681): warning C4018: '<' : signed/unsigned mismatch
     1>Source\WaterSim.cpp(711): warning C4018: '<' : signed/unsigned mismatch
     1>Source\WaterSim.cpp(927): warning C4018: '<' : signed/unsigned mismatch
     1>Source\WaterSim.cpp(1064): warning C4018: '<' : signed/unsigned mismatch
     1>Source\WaterSim.cpp(1067): warning C4018: '<' : signed/unsigned mismatch
     1>Source\WaterSim.cpp(1079): warning C4018: '<' : signed/unsigned mismatch
     1>Source\WaterSim.cpp(1176): warning C4018: '<' : signed/unsigned mismatch
     1>Source\WaterSim.cpp(1265): warning C4018: '<' : signed/unsigned mismatch
     1>Source\WaterSim.cpp(1305): warning C4018: '<' : signed/unsigned mismatch
     1>Source\WaterSim.cpp(1312): warning C4244: '=' : conversion from 'double' to 'float', possible loss of data
     1>Source\WaterSim.cpp(1322): warning C4018: '<' : signed/unsigned mismatch
     1>Source\WaterSim.cpp(1334): warning C4244: 'return' : conversion from 'double' to 'float', possible loss of data
     1>Source\WaterSim.cpp(1342): warning C4244: 'return' : conversion from 'double' to 'float', possible loss of data
     1>Source\WaterSim.cpp(1350): warning C4244: 'return' : conversion from 'double' to 'float', possible loss of data
     1>Source\WaterSim.cpp(1360): warning C4018: '<' : signed/unsigned mismatch
     1>Source\WaterSim.cpp(1374): warning C4018: '<' : signed/unsigned mismatch
     1>Source\WaterSim.cpp(1395): warning C4018: '<' : signed/unsigned mismatch
     1>Source\WaterSim.cpp(1415): warning C4305: 'initializing' : truncation from 'double' to 'float'
     1>Source\WaterSim.cpp(1417): warning C4018: '<' : signed/unsigned mismatch
     1>Source\WaterSim.cpp(1430): warning C4244: '=' : conversion from 'double' to 'float', possible loss of data
     1>Source\WaterSim.cpp(1445): warning C4018: '<' : signed/unsigned mismatch
     1>Source\WaterSim.cpp(1461): warning C4018: '<' : signed/unsigned mismatch
     1>Source\WaterSim.cpp(1497): warning C4018: '<' : signed/unsigned mismatch
     1>Source\WaterSim.cpp(1529): warning C4018: '<' : signed/unsigned mismatch
     1>Source\WaterSim.cpp(1542): warning C4018: '<' : signed/unsigned mismatch
     1>Source\WaterSim.cpp(1559): warning C4018: '<' : signed/unsigned mismatch
     1>Source\WaterSim.cpp(1595): warning C4305: 'initializing' : truncation from 'double' to 'float'
     1>Source\WaterSim.cpp(1597): warning C4018: '<' : signed/unsigned mismatch
     1>Source\WaterSim.cpp(1607): warning C4305: 'initializing' : truncation from 'double' to 'float'
     1>Source\WaterSim.cpp(1608): warning C4018: '<' : signed/unsigned mismatch
     1>Source\WaterSim.cpp(1616): warning C4018: '<' : signed/unsigned mismatch
     1>Source\WaterSim.cpp(1639): warning C4018: '<' : signed/unsigned mismatch
     1>Source\WaterSim.cpp(1653): warning C4018: '<' : signed/unsigned mismatch
     1>Source\WaterSim.cpp(1666): warning C4018: '<' : signed/unsigned mismatch
     1>Source\WaterSim.cpp(1678): warning C4018: '<' : signed/unsigned mismatch
     1>Source\WaterSim.cpp(1705): warning C4244: 'return' : conversion from 'double' to 'float', possible loss of data
     1>Source\WaterSim.cpp(1710): warning C4018: '<' : signed/unsigned mismatch
     1>Source\WaterSim.cpp(1728): warning C4018: '<' : signed/unsigned mismatch
     1>Source\WaterSim.cpp(1747): warning C4244: 'return' : conversion from 'double' to 'float', possible loss of data
     1>Source\WaterSim.cpp(1759): warning C4018: '<' : signed/unsigned mismatch
     1>Source\WaterSim.cpp(1780): warning C4018: '<' : signed/unsigned mismatch
     1>Source\WaterSim.cpp(1811): warning C4018: '<' : signed/unsigned mismatch
     1>Source\WaterSim.cpp(1816): warning C4018: '<' : signed/unsigned mismatch
     1>Source\WaterSim.cpp(1831): warning C4018: '<' : signed/unsigned mismatch
     1>Source\WaterSim.cpp(1841): warning C4018: '<' : signed/unsigned mismatch
     1>Source\WaterSim.cpp(1880): warning C4018: '<' : signed/unsigned mismatch
     1>Source\WaterSim.cpp(1900): warning C4018: '<' : signed/unsigned mismatch
     1>Source\WaterSim.cpp(1915): warning C4018: '<' : signed/unsigned mismatch
     1>Source\WaterSim.cpp(1941): warning C4018: '<' : signed/unsigned mismatch
     1>Source\WaterSim.cpp(1969): warning C4018: '<' : signed/unsigned mismatch
     1>Source\WaterSim.cpp(1977): warning C4018: '<' : signed/unsigned mismatch
     1>Source\WaterSim.cpp(2010): warning C4244: 'return' : conversion from 'double' to 'float', possible loss of data
     1>Source\WaterSim.cpp(2015): warning C4244: 'initializing' : conversion from 'double' to 'float', possible loss of data
     1>Source\WaterSim.cpp(2028): warning C4244: 'initializing' : conversion from 'double' to 'float', possible loss of data
     1>Source\WaterSim.cpp(2031): warning C4244: '=' : conversion from 'double' to 'float', possible loss of data
     1>Source\WaterSim.cpp(2037): warning C4244: 'return' : conversion from 'double' to 'float', possible loss of data
     1>Source\WaterSim.cpp(2044): warning C4305: 'initializing' : truncation from 'double' to 'float'
     1>Source\WaterSim.cpp(2045): warning C4018: '<' : signed/unsigned mismatch
     1>Source\WaterSim.cpp(2137): warning C4018: '<' : signed/unsigned mismatch
     1>Source\WaterSim.cpp(2173): warning C4018: '<' : signed/unsigned mismatch
     1>Source\WaterSim.cpp(2206): warning C4244: 'argument' : conversion from 'float' to 'const int', possible loss of data
     1>Source\WaterSim.cpp(2207): warning C4018: '<' : signed/unsigned mismatch
     1>Source\WaterSim.cpp(2210): warning C4244: '/=' : conversion from 'double' to 'float', possible loss of data
     1>Source\WaterSim.cpp(2282): warning C4244: 'initializing' : conversion from 'double' to 'float', possible loss of data
     1>Source\WaterSim.cpp(2331): warning C4305: 'initializing' : truncation from 'double' to 'float'
         All outputs are up-to-date.
       Link:
         C:\Program Files (x86)\Microsoft Visual Studio 10.0\VC\bin\link.exe /ERRORREPORT:PROMPT /OUT:"C:\Users\Samantha\Documents\CIS 497 DMD Senior Project\GranularMatSim_Version6\Release\WaterSim.exe" /INCREMENTAL:NO /NOLOGO /LIBPATH:../glew/lib /LIBPATH:../glfw/lib /LIBPATH:../tinyxml tinyxml_STL.lib glew32.lib glu32.lib opengl32.lib glfw.lib glfwdll.lib kernel32.lib user32.lib gdi32.lib winspool.lib comdlg32.lib advapi32.lib shell32.lib ole32.lib oleaut32.lib uuid.lib odbc32.lib odbccp32.lib /MANIFEST /ManifestFile:"Release\WaterSim.exe.intermediate.manifest" /MANIFESTUAC:"level='asInvoker' uiAccess='false'" /DEBUG /PDB:"C:\Users\Samantha\Documents\CIS 497 DMD Senior Project\GranularMatSim_Version6\Release\WaterSim.pdb" /SUBSYSTEM:CONSOLE /OPT:REF /OPT:ICF /LTCG /TLBID:1 /DYNAMICBASE /NXCOMPAT /IMPLIB:"C:\Users\Samantha\Documents\CIS 497 DMD Senior Project\GranularMatSim_Version6\Release\WaterSim.lib" /MACHINE:X86 Release\constraint.obj
         Release\main.obj
         Release\point.obj
         Release\scene.obj
         Release\sphere.obj
         Release\stb_image.obj
         Release\stb_image_write.obj
         Release\triangle.obj
         Release\vec.obj
         Release\WaterSim.obj
         Generating code
         Finished generating code
     1>tinyxml_STL.lib(tinyxml.obj) : warning LNK4099: PDB 'vc100.pdb' was not found with 'tinyxml_STL.lib(tinyxml.obj)' or at 'C:\Users\Samantha\Documents\CIS 497 DMD Senior Project\GranularMatSim_Version6\Release\vc100.pdb'; linking object as if no debug info
     1>tinyxml_STL.lib(tinyxmlerror.obj) : warning LNK4099: PDB 'vc100.pdb' was not found with 'tinyxml_STL.lib(tinyxmlerror.obj)' or at 'C:\Users\Samantha\Documents\CIS 497 DMD Senior Project\GranularMatSim_Version6\Release\vc100.pdb'; linking object as if no debug info
     1>tinyxml_STL.lib(tinyxmlparser.obj) : warning LNK4099: PDB 'vc100.pdb' was not found with 'tinyxml_STL.lib(tinyxmlparser.obj)' or at 'C:\Users\Samantha\Documents\CIS 497 DMD Senior Project\GranularMatSim_Version6\Release\vc100.pdb'; linking object as if no debug info
         PositionBasedDynamics.vcxproj -> C:\Users\Samantha\Documents\CIS 497 DMD Senior Project\GranularMatSim_Version6\Release\WaterSim.exe
       Manifest:
         C:\Program Files (x86)\Microsoft SDKs\Windows\v7.0A\bin\mt.exe /nologo /verbose /outputresource:"C:\Users\Samantha\Documents\CIS 497 DMD Senior Project\GranularMatSim_Version6\Release\WaterSim.exe;#1" /manifest Release\WaterSim.exe.intermediate.manifest
       FinalizeBuildStatus:
         Deleting file "Release\WaterSim.unsuccessfulbuild".
         Touching "Release\WaterSim.lastbuildstate".
     1>Done Building Project "C:\Users\Samantha\Documents\CIS 497 DMD Senior Project\GranularMatSim_Version6\PositionBasedDynamics\PositionBasedDynamics.vcxproj" (build target(s)).

Build succeeded.

Time Elapsed 00:00:05.04
