Build started 4/13/2014 5:21:44 PM.
     1>Project "C:\Users\User\Dropbox\CIS 563 Final Project\FinalProject\PBD_starterkit\cohensam_PBD_starterkit\PBD_starterkit\PositionBasedDynamics\PositionBasedDynamics.vcxproj" on node 2 (build target(s)).
     1>InitializeBuildStatus:
         Creating "Release\WaterSim.unsuccessfulbuild" because "AlwaysCreate" was specified.
       ClCompile:
         c:\Program Files (x86)\Microsoft Visual Studio 10.0\VC\bin\CL.exe /c /I../tinyxml /I../glm /I../glew/include /I../glfw/include /Zi /nologo /W3 /WX- /O2 /Oi /Oy- /GL /D WIN32 /D NDEBUG /D _CONSOLE /D _UNICODE /D UNICODE /Gm- /EHsc /MD /GS /Gy /fp:precise /Zc:wchar_t /Zc:forScope /Fo"Release\\" /Fd"Release\vc100.pdb" /Gd /TP /analyze- /errorReport:prompt Source\WaterSim.cpp
         WaterSim.cpp
     1>Source\WaterSim.cpp(7): warning C4305: '=' : truncation from 'double' to 'float'
     1>Source\WaterSim.cpp(14): warning C4244: '=' : conversion from 'double' to 'int', possible loss of data
     1>Source\WaterSim.cpp(50): warning C4018: '<' : signed/unsigned mismatch
     1>Source\WaterSim.cpp(64): warning C4018: '<' : signed/unsigned mismatch
     1>Source\WaterSim.cpp(120): warning C4018: '<' : signed/unsigned mismatch
     1>Source\WaterSim.cpp(123): warning C4018: '<' : signed/unsigned mismatch
     1>Source\WaterSim.cpp(137): warning C4018: '<' : signed/unsigned mismatch
     1>Source\WaterSim.cpp(333): warning C4018: '<' : signed/unsigned mismatch
     1>Source\WaterSim.cpp(339): warning C4244: 'argument' : conversion from 'int' to 'float', possible loss of data
     1>Source\WaterSim.cpp(345): warning C4018: '<' : signed/unsigned mismatch
     1>Source\WaterSim.cpp(360): warning C4018: '<' : signed/unsigned mismatch
     1>Source\WaterSim.cpp(365): warning C4244: 'argument' : conversion from 'int' to 'float', possible loss of data
     1>Source\WaterSim.cpp(373): warning C4018: '<' : signed/unsigned mismatch
     1>Source\WaterSim.cpp(402): warning C4018: '<' : signed/unsigned mismatch
     1>Source\WaterSim.cpp(408): warning C4244: 'argument' : conversion from 'int' to 'float', possible loss of data
     1>Source\WaterSim.cpp(423): warning C4018: '<' : signed/unsigned mismatch
     1>Source\WaterSim.cpp(426): warning C4244: 'argument' : conversion from 'int' to 'float', possible loss of data
     1>Source\WaterSim.cpp(433): warning C4018: '<' : signed/unsigned mismatch
     1>Source\WaterSim.cpp(394): warning C4101: 'delWj' : unreferenced local variable
     1>Source\WaterSim.cpp(444): warning C4244: 'return' : conversion from 'double' to 'float', possible loss of data
     1>Source\WaterSim.cpp(452): warning C4244: 'return' : conversion from 'double' to 'float', possible loss of data
     1>Source\WaterSim.cpp(460): warning C4244: 'return' : conversion from 'double' to 'float', possible loss of data
     1>Source\WaterSim.cpp(470): warning C4018: '<' : signed/unsigned mismatch
     1>Source\WaterSim.cpp(481): warning C4018: '<' : signed/unsigned mismatch
     1>Source\WaterSim.cpp(491): warning C4018: '<' : signed/unsigned mismatch
     1>Source\WaterSim.cpp(509): warning C4305: 'initializing' : truncation from 'double' to 'float'
     1>Source\WaterSim.cpp(510): warning C4018: '<' : signed/unsigned mismatch
     1>Source\WaterSim.cpp(526): warning C4018: '<' : signed/unsigned mismatch
     1>Source\WaterSim.cpp(535): warning C4018: '<' : signed/unsigned mismatch
     1>Source\WaterSim.cpp(540): warning C4018: '<' : signed/unsigned mismatch
     1>Source\WaterSim.cpp(557): warning C4018: '<' : signed/unsigned mismatch
     1>Source\WaterSim.cpp(563): warning C4018: '<' : signed/unsigned mismatch
     1>Source\WaterSim.cpp(565): warning C4018: '<' : signed/unsigned mismatch
     1>Source\WaterSim.cpp(570): warning C4018: '<' : signed/unsigned mismatch
     1>Source\WaterSim.cpp(579): warning C4018: '<' : signed/unsigned mismatch
     1>Source\WaterSim.cpp(588): warning C4244: 'return' : conversion from 'double' to 'float', possible loss of data
     1>Source\WaterSim.cpp(593): warning C4244: 'initializing' : conversion from 'double' to 'float', possible loss of data
     1>Source\WaterSim.cpp(604): warning C4244: 'initializing' : conversion from 'double' to 'float', possible loss of data
     1>Source\WaterSim.cpp(610): warning C4244: 'return' : conversion from 'double' to 'float', possible loss of data
     1>Source\WaterSim.cpp(617): warning C4305: 'initializing' : truncation from 'double' to 'float'
     1>Source\WaterSim.cpp(618): warning C4018: '<' : signed/unsigned mismatch
         All outputs are up-to-date.
       Link:
         c:\Program Files (x86)\Microsoft Visual Studio 10.0\VC\bin\link.exe /ERRORREPORT:PROMPT /OUT:"C:\Users\User\Dropbox\CIS 563 Final Project\FinalProject\PBD_starterkit\cohensam_PBD_starterkit\PBD_starterkit\Release\WaterSim.exe" /INCREMENTAL:NO /NOLOGO /LIBPATH:../glew/lib /LIBPATH:../glfw/lib /LIBPATH:../tinyxml tinyxml_STL.lib glew32.lib glu32.lib opengl32.lib glfw.lib glfwdll.lib kernel32.lib user32.lib gdi32.lib winspool.lib comdlg32.lib advapi32.lib shell32.lib ole32.lib oleaut32.lib uuid.lib odbc32.lib odbccp32.lib /MANIFEST /ManifestFile:"Release\WaterSim.exe.intermediate.manifest" /MANIFESTUAC:"level='asInvoker' uiAccess='false'" /DEBUG /PDB:"C:\Users\User\Dropbox\CIS 563 Final Project\FinalProject\PBD_starterkit\cohensam_PBD_starterkit\PBD_starterkit\Release\WaterSim.pdb" /SUBSYSTEM:CONSOLE /OPT:REF /OPT:ICF /LTCG /TLBID:1 /DYNAMICBASE /NXCOMPAT /IMPLIB:"C:\Users\User\Dropbox\CIS 563 Final Project\FinalProject\PBD_starterkit\cohensam_PBD_starterkit\PBD_starterkit\Release\WaterSim.lib" /MACHINE:X86 Release\constraint.obj
         Release\main.obj
         Release\point.obj
         Release\scene.obj
         Release\sphere.obj
         Release\stb_image.obj
         Release\stb_image_write.obj
         Release\triangle.obj
         Release\vec.obj
         Release\WaterSim.obj
         Generating code
         Finished generating code
         PositionBasedDynamics.vcxproj -> C:\Users\User\Dropbox\CIS 563 Final Project\FinalProject\PBD_starterkit\cohensam_PBD_starterkit\PBD_starterkit\Release\WaterSim.exe
       Manifest:
         C:\Program Files (x86)\Microsoft SDKs\Windows\v7.0A\bin\mt.exe /nologo /verbose /outputresource:"C:\Users\User\Dropbox\CIS 563 Final Project\FinalProject\PBD_starterkit\cohensam_PBD_starterkit\PBD_starterkit\Release\WaterSim.exe;#1" /manifest Release\WaterSim.exe.intermediate.manifest
       FinalizeBuildStatus:
         Deleting file "Release\WaterSim.unsuccessfulbuild".
         Touching "Release\WaterSim.lastbuildstate".
     1>Done Building Project "C:\Users\User\Dropbox\CIS 563 Final Project\FinalProject\PBD_starterkit\cohensam_PBD_starterkit\PBD_starterkit\PositionBasedDynamics\PositionBasedDynamics.vcxproj" (build target(s)).

Build succeeded.

Time Elapsed 00:00:06.74
