Build started 4/22/2014 5:55:22 PM.
     1>Project "C:\Users\User\Dropbox\CIS 563 Final Project\FinalProject\PBD_starterkit\cohensam_PBD_starterkit\PBD_starterkit\PositionBasedDynamics\PositionBasedDynamics.vcxproj" on node 2 (build target(s)).
     1>InitializeBuildStatus:
         Creating "Release\WaterSim.unsuccessfulbuild" because "AlwaysCreate" was specified.
       ClCompile:
         c:\Program Files (x86)\Microsoft Visual Studio 10.0\VC\bin\CL.exe /c /I../tinyxml /I../glm /I../glew/include /I../glfw/include /Zi /nologo /W3 /WX- /O2 /Oi /Oy- /GL /D WIN32 /D NDEBUG /D _CONSOLE /D _UNICODE /D UNICODE /Gm- /EHsc /MD /GS /Gy /fp:precise /Zc:wchar_t /Zc:forScope /Fo"Release\\" /Fd"Release\vc100.pdb" /Gd /TP /analyze- /errorReport:prompt Source\WaterSim.cpp
         WaterSim.cpp
     1>Source\WaterSim.cpp(56): warning C4244: 'argument' : conversion from 'double' to 'float', possible loss of data
     1>Source\WaterSim.cpp(81): warning C4018: '<' : signed/unsigned mismatch
     1>Source\WaterSim.cpp(297): warning C4018: '<' : signed/unsigned mismatch
     1>Source\WaterSim.cpp(300): warning C4018: '<' : signed/unsigned mismatch
     1>Source\WaterSim.cpp(312): warning C4018: '<' : signed/unsigned mismatch
     1>Source\WaterSim.cpp(317): warning C4018: '<' : signed/unsigned mismatch
     1>Source\WaterSim.cpp(387): warning C4018: '<' : signed/unsigned mismatch
     1>Source\WaterSim.cpp(453): warning C4018: '<' : signed/unsigned mismatch
     1>Source\WaterSim.cpp(476): warning C4018: '<' : signed/unsigned mismatch
     1>Source\WaterSim.cpp(486): warning C4018: '<' : signed/unsigned mismatch
     1>Source\WaterSim.cpp(534): warning C4018: '<' : signed/unsigned mismatch
     1>Source\WaterSim.cpp(562): warning C4018: '<' : signed/unsigned mismatch
     1>Source\WaterSim.cpp(574): warning C4244: 'return' : conversion from 'double' to 'float', possible loss of data
     1>Source\WaterSim.cpp(582): warning C4244: 'return' : conversion from 'double' to 'float', possible loss of data
     1>Source\WaterSim.cpp(590): warning C4244: 'return' : conversion from 'double' to 'float', possible loss of data
     1>Source\WaterSim.cpp(600): warning C4018: '<' : signed/unsigned mismatch
     1>Source\WaterSim.cpp(611): warning C4018: '<' : signed/unsigned mismatch
     1>Source\WaterSim.cpp(622): warning C4018: '<' : signed/unsigned mismatch
     1>Source\WaterSim.cpp(640): warning C4305: 'initializing' : truncation from 'double' to 'float'
     1>Source\WaterSim.cpp(642): warning C4018: '<' : signed/unsigned mismatch
     1>Source\WaterSim.cpp(654): warning C4244: '=' : conversion from 'double' to 'float', possible loss of data
     1>Source\WaterSim.cpp(666): warning C4018: '<' : signed/unsigned mismatch
     1>Source\WaterSim.cpp(676): warning C4018: '<' : signed/unsigned mismatch
     1>Source\WaterSim.cpp(681): warning C4018: '<' : signed/unsigned mismatch
     1>Source\WaterSim.cpp(702): warning C4018: '<' : signed/unsigned mismatch
     1>Source\WaterSim.cpp(708): warning C4018: '<' : signed/unsigned mismatch
     1>Source\WaterSim.cpp(710): warning C4018: '<' : signed/unsigned mismatch
     1>Source\WaterSim.cpp(715): warning C4018: '<' : signed/unsigned mismatch
     1>Source\WaterSim.cpp(731): warning C4018: '<' : signed/unsigned mismatch
     1>Source\WaterSim.cpp(735): warning C4018: '<' : signed/unsigned mismatch
     1>Source\WaterSim.cpp(743): warning C4244: 'return' : conversion from 'double' to 'float', possible loss of data
     1>Source\WaterSim.cpp(748): warning C4244: 'initializing' : conversion from 'double' to 'float', possible loss of data
     1>Source\WaterSim.cpp(759): warning C4244: 'initializing' : conversion from 'double' to 'float', possible loss of data
     1>Source\WaterSim.cpp(765): warning C4244: 'return' : conversion from 'double' to 'float', possible loss of data
     1>Source\WaterSim.cpp(772): warning C4305: 'initializing' : truncation from 'double' to 'float'
     1>Source\WaterSim.cpp(773): warning C4018: '<' : signed/unsigned mismatch
         All outputs are up-to-date.
       Link:
         c:\Program Files (x86)\Microsoft Visual Studio 10.0\VC\bin\link.exe /ERRORREPORT:PROMPT /OUT:"C:\Users\User\Dropbox\CIS 563 Final Project\FinalProject\PBD_starterkit\cohensam_PBD_starterkit\PBD_starterkit\Release\WaterSim.exe" /INCREMENTAL:NO /NOLOGO /LIBPATH:../glew/lib /LIBPATH:../glfw/lib /LIBPATH:../tinyxml tinyxml_STL.lib glew32.lib glu32.lib opengl32.lib glfw.lib glfwdll.lib kernel32.lib user32.lib gdi32.lib winspool.lib comdlg32.lib advapi32.lib shell32.lib ole32.lib oleaut32.lib uuid.lib odbc32.lib odbccp32.lib /MANIFEST /ManifestFile:"Release\WaterSim.exe.intermediate.manifest" /MANIFESTUAC:"level='asInvoker' uiAccess='false'" /DEBUG /PDB:"C:\Users\User\Dropbox\CIS 563 Final Project\FinalProject\PBD_starterkit\cohensam_PBD_starterkit\PBD_starterkit\Release\WaterSim.pdb" /SUBSYSTEM:CONSOLE /OPT:REF /OPT:ICF /LTCG /TLBID:1 /DYNAMICBASE /NXCOMPAT /IMPLIB:"C:\Users\User\Dropbox\CIS 563 Final Project\FinalProject\PBD_starterkit\cohensam_PBD_starterkit\PBD_starterkit\Release\WaterSim.lib" /MACHINE:X86 Release\makelevelset3.obj
         Release\constraint.obj
         Release\main.obj
         Release\point.obj
         Release\scene.obj
         Release\sphere.obj
         Release\stb_image.obj
         Release\stb_image_write.obj
         Release\triangle.obj
         Release\vec.obj
         Release\WaterSim.obj
         Generating code
         Finished generating code
     1>main.obj : warning LNK4099: PDB 'vc100.pdb' was not found with 'main.obj' or at 'C:\Users\User\Dropbox\CIS 563 Final Project\FinalProject\PBD_starterkit\cohensam_PBD_starterkit\PBD_starterkit\Release\vc100.pdb'; linking object as if no debug info
     1>tinyxml_STL.lib(tinyxml.obj) : warning LNK4099: PDB 'vc100.pdb' was not found with 'tinyxml_STL.lib(tinyxml.obj)' or at 'C:\Users\User\Dropbox\CIS 563 Final Project\FinalProject\PBD_starterkit\cohensam_PBD_starterkit\PBD_starterkit\Release\vc100.pdb'; linking object as if no debug info
     1>tinyxml_STL.lib(tinyxmlerror.obj) : warning LNK4099: PDB 'vc100.pdb' was not found with 'tinyxml_STL.lib(tinyxmlerror.obj)' or at 'C:\Users\User\Dropbox\CIS 563 Final Project\FinalProject\PBD_starterkit\cohensam_PBD_starterkit\PBD_starterkit\Release\vc100.pdb'; linking object as if no debug info
     1>tinyxml_STL.lib(tinyxmlparser.obj) : warning LNK4099: PDB 'vc100.pdb' was not found with 'tinyxml_STL.lib(tinyxmlparser.obj)' or at 'C:\Users\User\Dropbox\CIS 563 Final Project\FinalProject\PBD_starterkit\cohensam_PBD_starterkit\PBD_starterkit\Release\vc100.pdb'; linking object as if no debug info
         PositionBasedDynamics.vcxproj -> C:\Users\User\Dropbox\CIS 563 Final Project\FinalProject\PBD_starterkit\cohensam_PBD_starterkit\PBD_starterkit\Release\WaterSim.exe
       Manifest:
         C:\Program Files (x86)\Microsoft SDKs\Windows\v7.0A\bin\mt.exe /nologo /verbose /outputresource:"C:\Users\User\Dropbox\CIS 563 Final Project\FinalProject\PBD_starterkit\cohensam_PBD_starterkit\PBD_starterkit\Release\WaterSim.exe;#1" /manifest Release\WaterSim.exe.intermediate.manifest
       FinalizeBuildStatus:
         Deleting file "Release\WaterSim.unsuccessfulbuild".
         Touching "Release\WaterSim.lastbuildstate".
     1>Done Building Project "C:\Users\User\Dropbox\CIS 563 Final Project\FinalProject\PBD_starterkit\cohensam_PBD_starterkit\PBD_starterkit\PositionBasedDynamics\PositionBasedDynamics.vcxproj" (build target(s)).

Build succeeded.

Time Elapsed 00:00:05.77
