Build started 5/4/2014 1:58:46 AM.
     1>Project "C:\Users\User\Dropbox\CIS 563 Final Project\FinalProject\PBD_starterkit\cohensam_PBD_starterkit\PBD_starterkit\PositionBasedDynamics\PositionBasedDynamics.vcxproj" on node 3 (build target(s)).
     1>InitializeBuildStatus:
         Touching "Release\WaterSim.unsuccessfulbuild".
       ClCompile:
         c:\Program Files (x86)\Microsoft Visual Studio 10.0\VC\bin\CL.exe /c /I../tinyxml /I../glm /I../glew/include /I../glfw/include /Zi /nologo /W3 /WX- /O2 /Oi /Oy- /GL /D WIN32 /D NDEBUG /D _CONSOLE /D _UNICODE /D UNICODE /Gm- /EHsc /MD /GS /Gy /fp:precise /Zc:wchar_t /Zc:forScope /Fo"Release\\" /Fd"Release\vc100.pdb" /Gd /TP /analyze- /errorReport:prompt Source\WaterSim.cpp
         WaterSim.cpp
     1>Source\WaterSim.cpp(527): warning C4244: 'argument' : conversion from 'double' to 'float', possible loss of data
     1>Source\WaterSim.cpp(537): warning C4305: '=' : truncation from 'double' to 'float'
     1>Source\WaterSim.cpp(556): warning C4018: '<' : signed/unsigned mismatch
     1>Source\WaterSim.cpp(762): warning C4018: '<' : signed/unsigned mismatch
     1>Source\WaterSim.cpp(793): warning C4244: '=' : conversion from 'double' to 'float', possible loss of data
     1>Source\WaterSim.cpp(851): warning C4018: '<' : signed/unsigned mismatch
     1>Source\WaterSim.cpp(854): warning C4018: '<' : signed/unsigned mismatch
     1>Source\WaterSim.cpp(866): warning C4018: '<' : signed/unsigned mismatch
     1>Source\WaterSim.cpp(873): warning C4018: '<' : signed/unsigned mismatch
     1>Source\WaterSim.cpp(959): warning C4018: '<' : signed/unsigned mismatch
     1>Source\WaterSim.cpp(1048): warning C4018: '<' : signed/unsigned mismatch
     1>Source\WaterSim.cpp(1088): warning C4018: '<' : signed/unsigned mismatch
     1>Source\WaterSim.cpp(1095): warning C4244: '=' : conversion from 'double' to 'float', possible loss of data
     1>Source\WaterSim.cpp(1105): warning C4018: '<' : signed/unsigned mismatch
     1>Source\WaterSim.cpp(1117): warning C4244: 'return' : conversion from 'double' to 'float', possible loss of data
     1>Source\WaterSim.cpp(1125): warning C4244: 'return' : conversion from 'double' to 'float', possible loss of data
     1>Source\WaterSim.cpp(1133): warning C4244: 'return' : conversion from 'double' to 'float', possible loss of data
     1>Source\WaterSim.cpp(1143): warning C4018: '<' : signed/unsigned mismatch
     1>Source\WaterSim.cpp(1155): warning C4018: '<' : signed/unsigned mismatch
     1>Source\WaterSim.cpp(1166): warning C4018: '<' : signed/unsigned mismatch
     1>Source\WaterSim.cpp(1184): warning C4305: 'initializing' : truncation from 'double' to 'float'
     1>Source\WaterSim.cpp(1186): warning C4018: '<' : signed/unsigned mismatch
     1>Source\WaterSim.cpp(1198): warning C4244: '=' : conversion from 'double' to 'float', possible loss of data
     1>Source\WaterSim.cpp(1210): warning C4018: '<' : signed/unsigned mismatch
     1>Source\WaterSim.cpp(1220): warning C4018: '<' : signed/unsigned mismatch
     1>Source\WaterSim.cpp(1225): warning C4018: '<' : signed/unsigned mismatch
     1>Source\WaterSim.cpp(1248): warning C4018: '<' : signed/unsigned mismatch
     1>Source\WaterSim.cpp(1256): warning C4018: '<' : signed/unsigned mismatch
     1>Source\WaterSim.cpp(1258): warning C4018: '<' : signed/unsigned mismatch
     1>Source\WaterSim.cpp(1264): warning C4018: '<' : signed/unsigned mismatch
     1>Source\WaterSim.cpp(1279): warning C4018: '<' : signed/unsigned mismatch
     1>Source\WaterSim.cpp(1289): warning C4244: 'return' : conversion from 'double' to 'float', possible loss of data
     1>Source\WaterSim.cpp(1294): warning C4244: 'initializing' : conversion from 'double' to 'float', possible loss of data
     1>Source\WaterSim.cpp(1305): warning C4244: 'initializing' : conversion from 'double' to 'float', possible loss of data
     1>Source\WaterSim.cpp(1311): warning C4244: 'return' : conversion from 'double' to 'float', possible loss of data
     1>Source\WaterSim.cpp(1318): warning C4305: 'initializing' : truncation from 'double' to 'float'
     1>Source\WaterSim.cpp(1319): warning C4018: '<' : signed/unsigned mismatch
     1>Source\WaterSim.cpp(1409): warning C4018: '<' : signed/unsigned mismatch
     1>Source\WaterSim.cpp(1445): warning C4018: '<' : signed/unsigned mismatch
     1>Source\WaterSim.cpp(1478): warning C4244: 'argument' : conversion from 'float' to 'const int', possible loss of data
     1>Source\WaterSim.cpp(1479): warning C4018: '<' : signed/unsigned mismatch
     1>Source\WaterSim.cpp(1482): warning C4244: '/=' : conversion from 'double' to 'float', possible loss of data
     1>Source\WaterSim.cpp(1554): warning C4244: 'initializing' : conversion from 'double' to 'float', possible loss of data
     1>Source\WaterSim.cpp(1603): warning C4305: 'initializing' : truncation from 'double' to 'float'
         All outputs are up-to-date.
       Link:
         c:\Program Files (x86)\Microsoft Visual Studio 10.0\VC\bin\link.exe /ERRORREPORT:PROMPT /OUT:"C:\Users\User\Dropbox\CIS 563 Final Project\FinalProject\PBD_starterkit\cohensam_PBD_starterkit\PBD_starterkit\Release\WaterSim.exe" /INCREMENTAL:NO /NOLOGO /LIBPATH:../glew/lib /LIBPATH:../glfw/lib /LIBPATH:../tinyxml tinyxml_STL.lib glew32.lib glu32.lib opengl32.lib glfw.lib glfwdll.lib kernel32.lib user32.lib gdi32.lib winspool.lib comdlg32.lib advapi32.lib shell32.lib ole32.lib oleaut32.lib uuid.lib odbc32.lib odbccp32.lib /MANIFEST /ManifestFile:"Release\WaterSim.exe.intermediate.manifest" /MANIFESTUAC:"level='asInvoker' uiAccess='false'" /DEBUG /PDB:"C:\Users\User\Dropbox\CIS 563 Final Project\FinalProject\PBD_starterkit\cohensam_PBD_starterkit\PBD_starterkit\Release\WaterSim.pdb" /SUBSYSTEM:CONSOLE /OPT:REF /OPT:ICF /LTCG /TLBID:1 /DYNAMICBASE /NXCOMPAT /IMPLIB:"C:\Users\User\Dropbox\CIS 563 Final Project\FinalProject\PBD_starterkit\cohensam_PBD_starterkit\PBD_starterkit\Release\WaterSim.lib" /MACHINE:X86 Release\constraint.obj
         Release\main.obj
         Release\point.obj
         Release\scene.obj
         Release\sphere.obj
         Release\stb_image.obj
         Release\stb_image_write.obj
         Release\triangle.obj
         Release\vec.obj
         Release\WaterSim.obj
         Generating code
         Finished generating code
     1>tinyxml_STL.lib(tinyxml.obj) : warning LNK4099: PDB 'vc100.pdb' was not found with 'tinyxml_STL.lib(tinyxml.obj)' or at 'C:\Users\User\Dropbox\CIS 563 Final Project\FinalProject\PBD_starterkit\cohensam_PBD_starterkit\PBD_starterkit\Release\vc100.pdb'; linking object as if no debug info
     1>tinyxml_STL.lib(tinyxmlerror.obj) : warning LNK4099: PDB 'vc100.pdb' was not found with 'tinyxml_STL.lib(tinyxmlerror.obj)' or at 'C:\Users\User\Dropbox\CIS 563 Final Project\FinalProject\PBD_starterkit\cohensam_PBD_starterkit\PBD_starterkit\Release\vc100.pdb'; linking object as if no debug info
     1>tinyxml_STL.lib(tinyxmlparser.obj) : warning LNK4099: PDB 'vc100.pdb' was not found with 'tinyxml_STL.lib(tinyxmlparser.obj)' or at 'C:\Users\User\Dropbox\CIS 563 Final Project\FinalProject\PBD_starterkit\cohensam_PBD_starterkit\PBD_starterkit\Release\vc100.pdb'; linking object as if no debug info
         PositionBasedDynamics.vcxproj -> C:\Users\User\Dropbox\CIS 563 Final Project\FinalProject\PBD_starterkit\cohensam_PBD_starterkit\PBD_starterkit\Release\WaterSim.exe
       Manifest:
         C:\Program Files (x86)\Microsoft SDKs\Windows\v7.0A\bin\mt.exe /nologo /verbose /outputresource:"C:\Users\User\Dropbox\CIS 563 Final Project\FinalProject\PBD_starterkit\cohensam_PBD_starterkit\PBD_starterkit\Release\WaterSim.exe;#1" /manifest Release\WaterSim.exe.intermediate.manifest
       FinalizeBuildStatus:
         Touching "Release\WaterSim.lastbuildstate".
     1>Done Building Project "C:\Users\User\Dropbox\CIS 563 Final Project\FinalProject\PBD_starterkit\cohensam_PBD_starterkit\PBD_starterkit\PositionBasedDynamics\PositionBasedDynamics.vcxproj" (build target(s)).

Build succeeded.

Time Elapsed 00:00:05.94
