Build started 4/3/2015 4:42:24 AM.
     1>Project "C:\Users\Samantha\Documents\CIS 497 DMD Senior Project\GranularMatSim_Version12\PositionBasedDynamics\PositionBasedDynamics.vcxproj" on node 2 (build target(s)).
     1>InitializeBuildStatus:
         Creating "Release\WaterSim.unsuccessfulbuild" because "AlwaysCreate" was specified.
       ClCompile:
         C:\Program Files (x86)\Microsoft Visual Studio 10.0\VC\bin\CL.exe /c /I../tinyxml /I../glm /I../glew/include /I../glfw/include /Zi /nologo /W3 /WX- /O2 /Oi /Oy- /GL /D WIN32 /D NDEBUG /D _CONSOLE /D _UNICODE /D UNICODE /Gm- /EHsc /MD /GS /Gy /fp:precise /Zc:wchar_t /Zc:forScope /Fo"Release\\" /Fd"Release\vc100.pdb" /Gd /TP /analyze- /errorReport:prompt Source\WaterSim.cpp
         WaterSim.cpp
     1>Source\WaterSim.cpp(85): warning C4244: '=' : conversion from 'float' to 'int', possible loss of data
     1>Source\WaterSim.cpp(86): warning C4244: '=' : conversion from 'float' to 'int', possible loss of data
     1>Source\WaterSim.cpp(87): warning C4244: '=' : conversion from 'float' to 'int', possible loss of data
     1>Source\WaterSim.cpp(116): warning C4244: 'argument' : conversion from 'double' to 'float', possible loss of data
     1>Source\WaterSim.cpp(120): warning C4244: 'argument' : conversion from 'double' to 'float', possible loss of data
     1>Source\WaterSim.cpp(222): warning C4018: '<' : signed/unsigned mismatch
     1>Source\WaterSim.cpp(252): warning C4018: '<' : signed/unsigned mismatch
     1>Source\WaterSim.cpp(468): warning C4018: '<' : signed/unsigned mismatch
     1>Source\WaterSim.cpp(605): warning C4018: '<' : signed/unsigned mismatch
     1>Source\WaterSim.cpp(608): warning C4018: '<' : signed/unsigned mismatch
     1>Source\WaterSim.cpp(620): warning C4018: '<' : signed/unsigned mismatch
     1>Source\WaterSim.cpp(719): warning C4018: '<' : signed/unsigned mismatch
     1>Source\WaterSim.cpp(814): warning C4018: '<' : signed/unsigned mismatch
     1>Source\WaterSim.cpp(859): warning C4018: '<' : signed/unsigned mismatch
     1>Source\WaterSim.cpp(866): warning C4244: '=' : conversion from 'double' to 'float', possible loss of data
     1>Source\WaterSim.cpp(876): warning C4018: '<' : signed/unsigned mismatch
     1>Source\WaterSim.cpp(888): warning C4244: 'return' : conversion from 'double' to 'float', possible loss of data
     1>Source\WaterSim.cpp(896): warning C4244: 'return' : conversion from 'double' to 'float', possible loss of data
     1>Source\WaterSim.cpp(904): warning C4244: 'return' : conversion from 'double' to 'float', possible loss of data
     1>Source\WaterSim.cpp(914): warning C4018: '<' : signed/unsigned mismatch
     1>Source\WaterSim.cpp(928): warning C4018: '<' : signed/unsigned mismatch
     1>Source\WaterSim.cpp(965): warning C4018: '<' : signed/unsigned mismatch
     1>Source\WaterSim.cpp(993): warning C4305: 'initializing' : truncation from 'double' to 'float'
     1>Source\WaterSim.cpp(995): warning C4018: '<' : signed/unsigned mismatch
     1>Source\WaterSim.cpp(1008): warning C4244: '=' : conversion from 'double' to 'float', possible loss of data
     1>Source\WaterSim.cpp(1023): warning C4018: '<' : signed/unsigned mismatch
     1>Source\WaterSim.cpp(1044): warning C4018: '<' : signed/unsigned mismatch
     1>Source\WaterSim.cpp(1089): warning C4018: '<' : signed/unsigned mismatch
     1>Source\WaterSim.cpp(1103): warning C4138: '*/' found outside of comment
     1>Source\WaterSim.cpp(1104): warning C4138: '*/' found outside of comment
     1>Source\WaterSim.cpp(1138): warning C4018: '<' : signed/unsigned mismatch
     1>Source\WaterSim.cpp(1151): warning C4018: '<' : signed/unsigned mismatch
     1>Source\WaterSim.cpp(1168): warning C4018: '<' : signed/unsigned mismatch
     1>Source\WaterSim.cpp(1217): warning C4018: '<' : signed/unsigned mismatch
     1>Source\WaterSim.cpp(1222): warning C4018: '<' : signed/unsigned mismatch
     1>Source\WaterSim.cpp(1225): warning C4244: 'argument' : conversion from 'float' to 'const int', possible loss of data
     1>Source\WaterSim.cpp(1230): warning C4018: '<' : signed/unsigned mismatch
     1>Source\WaterSim.cpp(1239): warning C4244: '=' : conversion from 'unsigned int' to 'float', possible loss of data
     1>Source\WaterSim.cpp(1241): warning C4244: '=' : conversion from 'int' to 'float', possible loss of data
     1>Source\WaterSim.cpp(1244): warning C4018: '<' : signed/unsigned mismatch
     1>Source\WaterSim.cpp(1247): warning C4018: '<' : signed/unsigned mismatch
     1>Source\WaterSim.cpp(1249): warning C4244: '=' : conversion from 'unsigned int' to 'float', possible loss of data
     1>Source\WaterSim.cpp(1251): warning C4244: '=' : conversion from 'int' to 'float', possible loss of data
     1>Source\WaterSim.cpp(1268): warning C4018: '<' : signed/unsigned mismatch
     1>Source\WaterSim.cpp(1277): warning C4244: '=' : conversion from 'unsigned int' to 'float', possible loss of data
     1>Source\WaterSim.cpp(1279): warning C4244: '=' : conversion from 'int' to 'float', possible loss of data
     1>Source\WaterSim.cpp(1282): warning C4018: '<' : signed/unsigned mismatch
     1>Source\WaterSim.cpp(1286): warning C4244: '=' : conversion from 'unsigned int' to 'float', possible loss of data
     1>Source\WaterSim.cpp(1288): warning C4244: '=' : conversion from 'int' to 'float', possible loss of data
     1>Source\WaterSim.cpp(1303): warning C4018: '<' : signed/unsigned mismatch
     1>Source\WaterSim.cpp(1307): warning C4244: 'argument' : conversion from 'float' to 'const int', possible loss of data
     1>Source\WaterSim.cpp(1312): warning C4018: '<' : signed/unsigned mismatch
     1>Source\WaterSim.cpp(1321): warning C4244: '=' : conversion from 'unsigned int' to 'float', possible loss of data
     1>Source\WaterSim.cpp(1323): warning C4244: '=' : conversion from 'int' to 'float', possible loss of data
     1>Source\WaterSim.cpp(1325): warning C4018: '<' : signed/unsigned mismatch
     1>Source\WaterSim.cpp(1328): warning C4018: '<' : signed/unsigned mismatch
     1>Source\WaterSim.cpp(1330): warning C4244: '=' : conversion from 'unsigned int' to 'float', possible loss of data
     1>Source\WaterSim.cpp(1332): warning C4244: '=' : conversion from 'int' to 'float', possible loss of data
     1>Source\WaterSim.cpp(1358): warning C4018: '<' : signed/unsigned mismatch
     1>Source\WaterSim.cpp(1366): warning C4018: '<' : signed/unsigned mismatch
     1>Source\WaterSim.cpp(1381): warning C4244: 'argument' : conversion from 'int' to 'const float', possible loss of data
     1>Source\WaterSim.cpp(1383): warning C4018: '<' : signed/unsigned mismatch
     1>Source\WaterSim.cpp(1384): warning C4018: '<' : signed/unsigned mismatch
     1>Source\WaterSim.cpp(1398): warning C4018: '<' : signed/unsigned mismatch
     1>Source\WaterSim.cpp(1410): warning C4018: '<' : signed/unsigned mismatch
     1>Source\WaterSim.cpp(1415): warning C4018: '<' : signed/unsigned mismatch
     1>Source\WaterSim.cpp(1434): warning C4018: '<' : signed/unsigned mismatch
     1>Source\WaterSim.cpp(1439): warning C4018: '<' : signed/unsigned mismatch
     1>Source\WaterSim.cpp(1449): warning C4305: 'initializing' : truncation from 'double' to 'float'
     1>Source\WaterSim.cpp(1451): warning C4018: '<' : signed/unsigned mismatch
     1>Source\WaterSim.cpp(1461): warning C4305: 'initializing' : truncation from 'double' to 'float'
     1>Source\WaterSim.cpp(1462): warning C4018: '<' : signed/unsigned mismatch
     1>Source\WaterSim.cpp(1470): warning C4018: '<' : signed/unsigned mismatch
     1>Source\WaterSim.cpp(1493): warning C4018: '<' : signed/unsigned mismatch
     1>Source\WaterSim.cpp(1507): warning C4018: '<' : signed/unsigned mismatch
     1>Source\WaterSim.cpp(1520): warning C4018: '<' : signed/unsigned mismatch
     1>Source\WaterSim.cpp(1532): warning C4018: '<' : signed/unsigned mismatch
     1>Source\WaterSim.cpp(1559): warning C4244: 'return' : conversion from 'double' to 'float', possible loss of data
     1>Source\WaterSim.cpp(1564): warning C4018: '<' : signed/unsigned mismatch
     1>Source\WaterSim.cpp(1582): warning C4018: '<' : signed/unsigned mismatch
     1>Source\WaterSim.cpp(1601): warning C4244: 'return' : conversion from 'double' to 'float', possible loss of data
     1>Source\WaterSim.cpp(1609): warning C4018: '<' : signed/unsigned mismatch
     1>Source\WaterSim.cpp(1615): warning C4018: '<' : signed/unsigned mismatch
     1>Source\WaterSim.cpp(1633): warning C4018: '<' : signed/unsigned mismatch
     1>Source\WaterSim.cpp(1649): warning C4018: '<' : signed/unsigned mismatch
     1>Source\WaterSim.cpp(1692): warning C4018: '<' : signed/unsigned mismatch
     1>Source\WaterSim.cpp(1733): warning C4018: '<' : signed/unsigned mismatch
     1>Source\WaterSim.cpp(1761): warning C4018: '<' : signed/unsigned mismatch
     1>Source\WaterSim.cpp(1769): warning C4018: '<' : signed/unsigned mismatch
     1>Source\WaterSim.cpp(1802): warning C4244: 'return' : conversion from 'double' to 'float', possible loss of data
     1>Source\WaterSim.cpp(1807): warning C4244: 'initializing' : conversion from 'double' to 'float', possible loss of data
     1>Source\WaterSim.cpp(1820): warning C4244: 'initializing' : conversion from 'double' to 'float', possible loss of data
     1>Source\WaterSim.cpp(1823): warning C4244: '=' : conversion from 'double' to 'float', possible loss of data
     1>Source\WaterSim.cpp(1829): warning C4244: 'return' : conversion from 'double' to 'float', possible loss of data
     1>Source\WaterSim.cpp(1837): warning C4018: '<' : signed/unsigned mismatch
     1>Source\WaterSim.cpp(1937): warning C4018: '<' : signed/unsigned mismatch
     1>Source\WaterSim.cpp(1973): warning C4018: '<' : signed/unsigned mismatch
     1>Source\WaterSim.cpp(2006): warning C4244: 'argument' : conversion from 'float' to 'const int', possible loss of data
     1>Source\WaterSim.cpp(2007): warning C4018: '<' : signed/unsigned mismatch
     1>Source\WaterSim.cpp(2010): warning C4244: '/=' : conversion from 'double' to 'float', possible loss of data
     1>Source\WaterSim.cpp(2082): warning C4244: 'initializing' : conversion from 'double' to 'float', possible loss of data
     1>Source\WaterSim.cpp(2131): warning C4305: 'initializing' : truncation from 'double' to 'float'
         All outputs are up-to-date.
       Link:
         C:\Program Files (x86)\Microsoft Visual Studio 10.0\VC\bin\link.exe /ERRORREPORT:PROMPT /OUT:"C:\Users\Samantha\Documents\CIS 497 DMD Senior Project\GranularMatSim_Version12\Release\WaterSim.exe" /INCREMENTAL:NO /NOLOGO /LIBPATH:../glew/lib /LIBPATH:../glfw/lib /LIBPATH:../tinyxml tinyxml_STL.lib glew32.lib glu32.lib opengl32.lib glfw.lib glfwdll.lib kernel32.lib user32.lib gdi32.lib winspool.lib comdlg32.lib advapi32.lib shell32.lib ole32.lib oleaut32.lib uuid.lib odbc32.lib odbccp32.lib /MANIFEST /ManifestFile:"Release\WaterSim.exe.intermediate.manifest" /MANIFESTUAC:"level='asInvoker' uiAccess='false'" /DEBUG /PDB:"C:\Users\Samantha\Documents\CIS 497 DMD Senior Project\GranularMatSim_Version12\Release\WaterSim.pdb" /SUBSYSTEM:CONSOLE /OPT:REF /OPT:ICF /LTCG /TLBID:1 /DYNAMICBASE /NXCOMPAT /IMPLIB:"C:\Users\Samantha\Documents\CIS 497 DMD Senior Project\GranularMatSim_Version12\Release\WaterSim.lib" /MACHINE:X86 Release\constraint.obj
         Release\main.obj
         Release\point.obj
         Release\scene.obj
         Release\sphere.obj
         Release\stb_image.obj
         Release\stb_image_write.obj
         Release\triangle.obj
         Release\vec.obj
         Release\WaterSim.obj
         Generating code
         Finished generating code
     1>tinyxml_STL.lib(tinyxml.obj) : warning LNK4099: PDB 'vc100.pdb' was not found with 'tinyxml_STL.lib(tinyxml.obj)' or at 'C:\Users\Samantha\Documents\CIS 497 DMD Senior Project\GranularMatSim_Version12\Release\vc100.pdb'; linking object as if no debug info
     1>tinyxml_STL.lib(tinyxmlerror.obj) : warning LNK4099: PDB 'vc100.pdb' was not found with 'tinyxml_STL.lib(tinyxmlerror.obj)' or at 'C:\Users\Samantha\Documents\CIS 497 DMD Senior Project\GranularMatSim_Version12\Release\vc100.pdb'; linking object as if no debug info
     1>tinyxml_STL.lib(tinyxmlparser.obj) : warning LNK4099: PDB 'vc100.pdb' was not found with 'tinyxml_STL.lib(tinyxmlparser.obj)' or at 'C:\Users\Samantha\Documents\CIS 497 DMD Senior Project\GranularMatSim_Version12\Release\vc100.pdb'; linking object as if no debug info
         PositionBasedDynamics.vcxproj -> C:\Users\Samantha\Documents\CIS 497 DMD Senior Project\GranularMatSim_Version12\Release\WaterSim.exe
       Manifest:
         C:\Program Files (x86)\Microsoft SDKs\Windows\v7.0A\bin\mt.exe /nologo /verbose /outputresource:"C:\Users\Samantha\Documents\CIS 497 DMD Senior Project\GranularMatSim_Version12\Release\WaterSim.exe;#1" /manifest Release\WaterSim.exe.intermediate.manifest
       FinalizeBuildStatus:
         Deleting file "Release\WaterSim.unsuccessfulbuild".
         Touching "Release\WaterSim.lastbuildstate".
     1>Done Building Project "C:\Users\Samantha\Documents\CIS 497 DMD Senior Project\GranularMatSim_Version12\PositionBasedDynamics\PositionBasedDynamics.vcxproj" (build target(s)).

Build succeeded.

Time Elapsed 00:00:04.82
