Build started 4/6/2015 1:31:16 PM.
     1>Project "C:\Users\Samantha\Documents\CIS 497 DMD Senior Project\GranularMatSim_Version14\PositionBasedDynamics\PositionBasedDynamics.vcxproj" on node 2 (build target(s)).
     1>InitializeBuildStatus:
         Creating "Debug\WaterSim.unsuccessfulbuild" because "AlwaysCreate" was specified.
       ClCompile:
         C:\Program Files (x86)\Microsoft Visual Studio 10.0\VC\bin\CL.exe /c /I../tinyxml /I../glm /I../glew/include /I../glfw/include /ZI /nologo /W3 /WX- /Od /Oy- /D WIN32 /D _DEBUG /D _CONSOLE /D _UNICODE /D UNICODE /Gm /EHsc /RTC1 /MDd /GS /fp:precise /Zc:wchar_t /Zc:forScope /Fo"Debug\\" /Fd"Debug\vc100.pdb" /Gd /TP /analyze- /errorReport:prompt Source\WaterSim.cpp
         WaterSim.cpp
     1>c:\users\samantha\documents\cis 497 dmd senior project\granularmatsim_version14\positionbaseddynamics\source\watersim.cpp(103): warning C4244: 'argument' : conversion from 'double' to 'float', possible loss of data
     1>c:\users\samantha\documents\cis 497 dmd senior project\granularmatsim_version14\positionbaseddynamics\source\watersim.cpp(107): warning C4244: 'argument' : conversion from 'double' to 'float', possible loss of data
     1>c:\users\samantha\documents\cis 497 dmd senior project\granularmatsim_version14\positionbaseddynamics\source\watersim.cpp(211): warning C4018: '<' : signed/unsigned mismatch
     1>c:\users\samantha\documents\cis 497 dmd senior project\granularmatsim_version14\positionbaseddynamics\source\watersim.cpp(404): warning C4018: '<' : signed/unsigned mismatch
     1>c:\users\samantha\documents\cis 497 dmd senior project\granularmatsim_version14\positionbaseddynamics\source\watersim.cpp(541): warning C4018: '<' : signed/unsigned mismatch
     1>c:\users\samantha\documents\cis 497 dmd senior project\granularmatsim_version14\positionbaseddynamics\source\watersim.cpp(544): warning C4018: '<' : signed/unsigned mismatch
     1>c:\users\samantha\documents\cis 497 dmd senior project\granularmatsim_version14\positionbaseddynamics\source\watersim.cpp(556): warning C4018: '<' : signed/unsigned mismatch
     1>c:\users\samantha\documents\cis 497 dmd senior project\granularmatsim_version14\positionbaseddynamics\source\watersim.cpp(648): warning C4018: '<' : signed/unsigned mismatch
     1>c:\users\samantha\documents\cis 497 dmd senior project\granularmatsim_version14\positionbaseddynamics\source\watersim.cpp(721): warning C4018: '<' : signed/unsigned mismatch
     1>c:\users\samantha\documents\cis 497 dmd senior project\granularmatsim_version14\positionbaseddynamics\source\watersim.cpp(766): warning C4018: '<' : signed/unsigned mismatch
     1>c:\users\samantha\documents\cis 497 dmd senior project\granularmatsim_version14\positionbaseddynamics\source\watersim.cpp(773): warning C4244: '=' : conversion from 'double' to 'float', possible loss of data
     1>c:\users\samantha\documents\cis 497 dmd senior project\granularmatsim_version14\positionbaseddynamics\source\watersim.cpp(783): warning C4018: '<' : signed/unsigned mismatch
     1>c:\users\samantha\documents\cis 497 dmd senior project\granularmatsim_version14\positionbaseddynamics\source\watersim.cpp(795): warning C4244: 'return' : conversion from 'double' to 'float', possible loss of data
     1>c:\users\samantha\documents\cis 497 dmd senior project\granularmatsim_version14\positionbaseddynamics\source\watersim.cpp(803): warning C4244: 'return' : conversion from 'double' to 'float', possible loss of data
     1>c:\users\samantha\documents\cis 497 dmd senior project\granularmatsim_version14\positionbaseddynamics\source\watersim.cpp(811): warning C4244: 'return' : conversion from 'double' to 'float', possible loss of data
     1>c:\users\samantha\documents\cis 497 dmd senior project\granularmatsim_version14\positionbaseddynamics\source\watersim.cpp(821): warning C4018: '<' : signed/unsigned mismatch
     1>c:\users\samantha\documents\cis 497 dmd senior project\granularmatsim_version14\positionbaseddynamics\source\watersim.cpp(835): warning C4018: '<' : signed/unsigned mismatch
     1>c:\users\samantha\documents\cis 497 dmd senior project\granularmatsim_version14\positionbaseddynamics\source\watersim.cpp(872): warning C4018: '<' : signed/unsigned mismatch
     1>c:\users\samantha\documents\cis 497 dmd senior project\granularmatsim_version14\positionbaseddynamics\source\watersim.cpp(894): warning C4018: '<' : signed/unsigned mismatch
     1>c:\users\samantha\documents\cis 497 dmd senior project\granularmatsim_version14\positionbaseddynamics\source\watersim.cpp(915): warning C4018: '<' : signed/unsigned mismatch
     1>c:\users\samantha\documents\cis 497 dmd senior project\granularmatsim_version14\positionbaseddynamics\source\watersim.cpp(960): warning C4018: '<' : signed/unsigned mismatch
     1>c:\users\samantha\documents\cis 497 dmd senior project\granularmatsim_version14\positionbaseddynamics\source\watersim.cpp(1009): warning C4018: '<' : signed/unsigned mismatch
     1>c:\users\samantha\documents\cis 497 dmd senior project\granularmatsim_version14\positionbaseddynamics\source\watersim.cpp(1015): warning C4018: '<' : signed/unsigned mismatch
     1>c:\users\samantha\documents\cis 497 dmd senior project\granularmatsim_version14\positionbaseddynamics\source\watersim.cpp(1032): warning C4018: '<' : signed/unsigned mismatch
     1>c:\users\samantha\documents\cis 497 dmd senior project\granularmatsim_version14\positionbaseddynamics\source\watersim.cpp(1081): warning C4018: '<' : signed/unsigned mismatch
     1>c:\users\samantha\documents\cis 497 dmd senior project\granularmatsim_version14\positionbaseddynamics\source\watersim.cpp(1086): warning C4018: '<' : signed/unsigned mismatch
     1>c:\users\samantha\documents\cis 497 dmd senior project\granularmatsim_version14\positionbaseddynamics\source\watersim.cpp(1089): warning C4244: 'argument' : conversion from 'float' to 'const int', possible loss of data
     1>c:\users\samantha\documents\cis 497 dmd senior project\granularmatsim_version14\positionbaseddynamics\source\watersim.cpp(1094): warning C4018: '<' : signed/unsigned mismatch
     1>c:\users\samantha\documents\cis 497 dmd senior project\granularmatsim_version14\positionbaseddynamics\source\watersim.cpp(1103): warning C4244: '=' : conversion from 'unsigned int' to 'float', possible loss of data
     1>c:\users\samantha\documents\cis 497 dmd senior project\granularmatsim_version14\positionbaseddynamics\source\watersim.cpp(1105): warning C4244: '=' : conversion from 'int' to 'float', possible loss of data
     1>c:\users\samantha\documents\cis 497 dmd senior project\granularmatsim_version14\positionbaseddynamics\source\watersim.cpp(1108): warning C4018: '<' : signed/unsigned mismatch
     1>c:\users\samantha\documents\cis 497 dmd senior project\granularmatsim_version14\positionbaseddynamics\source\watersim.cpp(1111): warning C4018: '<' : signed/unsigned mismatch
     1>c:\users\samantha\documents\cis 497 dmd senior project\granularmatsim_version14\positionbaseddynamics\source\watersim.cpp(1113): warning C4244: '=' : conversion from 'unsigned int' to 'float', possible loss of data
     1>c:\users\samantha\documents\cis 497 dmd senior project\granularmatsim_version14\positionbaseddynamics\source\watersim.cpp(1115): warning C4244: '=' : conversion from 'int' to 'float', possible loss of data
     1>c:\users\samantha\documents\cis 497 dmd senior project\granularmatsim_version14\positionbaseddynamics\source\watersim.cpp(1132): warning C4018: '<' : signed/unsigned mismatch
     1>c:\users\samantha\documents\cis 497 dmd senior project\granularmatsim_version14\positionbaseddynamics\source\watersim.cpp(1141): warning C4244: '=' : conversion from 'unsigned int' to 'float', possible loss of data
     1>c:\users\samantha\documents\cis 497 dmd senior project\granularmatsim_version14\positionbaseddynamics\source\watersim.cpp(1143): warning C4244: '=' : conversion from 'int' to 'float', possible loss of data
     1>c:\users\samantha\documents\cis 497 dmd senior project\granularmatsim_version14\positionbaseddynamics\source\watersim.cpp(1146): warning C4018: '<' : signed/unsigned mismatch
     1>c:\users\samantha\documents\cis 497 dmd senior project\granularmatsim_version14\positionbaseddynamics\source\watersim.cpp(1150): warning C4244: '=' : conversion from 'unsigned int' to 'float', possible loss of data
     1>c:\users\samantha\documents\cis 497 dmd senior project\granularmatsim_version14\positionbaseddynamics\source\watersim.cpp(1152): warning C4244: '=' : conversion from 'int' to 'float', possible loss of data
     1>c:\users\samantha\documents\cis 497 dmd senior project\granularmatsim_version14\positionbaseddynamics\source\watersim.cpp(1167): warning C4018: '<' : signed/unsigned mismatch
     1>c:\users\samantha\documents\cis 497 dmd senior project\granularmatsim_version14\positionbaseddynamics\source\watersim.cpp(1171): warning C4244: 'argument' : conversion from 'float' to 'const int', possible loss of data
     1>c:\users\samantha\documents\cis 497 dmd senior project\granularmatsim_version14\positionbaseddynamics\source\watersim.cpp(1176): warning C4018: '<' : signed/unsigned mismatch
     1>c:\users\samantha\documents\cis 497 dmd senior project\granularmatsim_version14\positionbaseddynamics\source\watersim.cpp(1185): warning C4244: '=' : conversion from 'unsigned int' to 'float', possible loss of data
     1>c:\users\samantha\documents\cis 497 dmd senior project\granularmatsim_version14\positionbaseddynamics\source\watersim.cpp(1187): warning C4244: '=' : conversion from 'int' to 'float', possible loss of data
     1>c:\users\samantha\documents\cis 497 dmd senior project\granularmatsim_version14\positionbaseddynamics\source\watersim.cpp(1189): warning C4018: '<' : signed/unsigned mismatch
     1>c:\users\samantha\documents\cis 497 dmd senior project\granularmatsim_version14\positionbaseddynamics\source\watersim.cpp(1192): warning C4018: '<' : signed/unsigned mismatch
     1>c:\users\samantha\documents\cis 497 dmd senior project\granularmatsim_version14\positionbaseddynamics\source\watersim.cpp(1194): warning C4244: '=' : conversion from 'unsigned int' to 'float', possible loss of data
     1>c:\users\samantha\documents\cis 497 dmd senior project\granularmatsim_version14\positionbaseddynamics\source\watersim.cpp(1196): warning C4244: '=' : conversion from 'int' to 'float', possible loss of data
     1>c:\users\samantha\documents\cis 497 dmd senior project\granularmatsim_version14\positionbaseddynamics\source\watersim.cpp(1222): warning C4018: '<' : signed/unsigned mismatch
     1>c:\users\samantha\documents\cis 497 dmd senior project\granularmatsim_version14\positionbaseddynamics\source\watersim.cpp(1230): warning C4018: '<' : signed/unsigned mismatch
     1>c:\users\samantha\documents\cis 497 dmd senior project\granularmatsim_version14\positionbaseddynamics\source\watersim.cpp(1245): warning C4244: 'argument' : conversion from 'int' to 'const float', possible loss of data
     1>c:\users\samantha\documents\cis 497 dmd senior project\granularmatsim_version14\positionbaseddynamics\source\watersim.cpp(1247): warning C4018: '<' : signed/unsigned mismatch
     1>c:\users\samantha\documents\cis 497 dmd senior project\granularmatsim_version14\positionbaseddynamics\source\watersim.cpp(1248): warning C4018: '<' : signed/unsigned mismatch
     1>c:\users\samantha\documents\cis 497 dmd senior project\granularmatsim_version14\positionbaseddynamics\source\watersim.cpp(1262): warning C4018: '<' : signed/unsigned mismatch
     1>c:\users\samantha\documents\cis 497 dmd senior project\granularmatsim_version14\positionbaseddynamics\source\watersim.cpp(1274): warning C4018: '<' : signed/unsigned mismatch
     1>c:\users\samantha\documents\cis 497 dmd senior project\granularmatsim_version14\positionbaseddynamics\source\watersim.cpp(1279): warning C4018: '<' : signed/unsigned mismatch
     1>c:\users\samantha\documents\cis 497 dmd senior project\granularmatsim_version14\positionbaseddynamics\source\watersim.cpp(1298): warning C4018: '<' : signed/unsigned mismatch
     1>c:\users\samantha\documents\cis 497 dmd senior project\granularmatsim_version14\positionbaseddynamics\source\watersim.cpp(1303): warning C4018: '<' : signed/unsigned mismatch
     1>c:\users\samantha\documents\cis 497 dmd senior project\granularmatsim_version14\positionbaseddynamics\source\watersim.cpp(1317): warning C4018: '<' : signed/unsigned mismatch
     1>c:\users\samantha\documents\cis 497 dmd senior project\granularmatsim_version14\positionbaseddynamics\source\watersim.cpp(1323): warning C4018: '<' : signed/unsigned mismatch
     1>c:\users\samantha\documents\cis 497 dmd senior project\granularmatsim_version14\positionbaseddynamics\source\watersim.cpp(1341): warning C4018: '<' : signed/unsigned mismatch
     1>c:\users\samantha\documents\cis 497 dmd senior project\granularmatsim_version14\positionbaseddynamics\source\watersim.cpp(1355): warning C4018: '<' : signed/unsigned mismatch
     1>c:\users\samantha\documents\cis 497 dmd senior project\granularmatsim_version14\positionbaseddynamics\source\watersim.cpp(1423): warning C4018: '<' : signed/unsigned mismatch
     1>c:\users\samantha\documents\cis 497 dmd senior project\granularmatsim_version14\positionbaseddynamics\source\watersim.cpp(1436): warning C4018: '<' : signed/unsigned mismatch
     1>c:\users\samantha\documents\cis 497 dmd senior project\granularmatsim_version14\positionbaseddynamics\source\watersim.cpp(1469): warning C4244: 'return' : conversion from 'double' to 'float', possible loss of data
     1>c:\users\samantha\documents\cis 497 dmd senior project\granularmatsim_version14\positionbaseddynamics\source\watersim.cpp(1474): warning C4244: 'initializing' : conversion from 'double' to 'float', possible loss of data
     1>c:\users\samantha\documents\cis 497 dmd senior project\granularmatsim_version14\positionbaseddynamics\source\watersim.cpp(1483): warning C4244: 'initializing' : conversion from 'double' to 'float', possible loss of data
     1>c:\users\samantha\documents\cis 497 dmd senior project\granularmatsim_version14\positionbaseddynamics\source\watersim.cpp(1486): warning C4244: '=' : conversion from 'double' to 'float', possible loss of data
     1>c:\users\samantha\documents\cis 497 dmd senior project\granularmatsim_version14\positionbaseddynamics\source\watersim.cpp(1492): warning C4244: 'return' : conversion from 'double' to 'float', possible loss of data
     1>c:\users\samantha\documents\cis 497 dmd senior project\granularmatsim_version14\positionbaseddynamics\source\watersim.cpp(1500): warning C4018: '<' : signed/unsigned mismatch
         All outputs are up-to-date.
       ManifestResourceCompile:
         All outputs are up-to-date.
       Link:
         C:\Program Files (x86)\Microsoft Visual Studio 10.0\VC\bin\link.exe /ERRORREPORT:PROMPT /OUT:"C:\Users\Samantha\Documents\CIS 497 DMD Senior Project\GranularMatSim_Version14\Debug\WaterSim.exe" /INCREMENTAL /NOLOGO /LIBPATH:../glew/lib /LIBPATH:../glfw/lib /LIBPATH:../tinyxml tinyxmld_STL.lib glew32.lib glu32.lib opengl32.lib glfw.lib glfwdll.lib kernel32.lib user32.lib gdi32.lib winspool.lib comdlg32.lib advapi32.lib shell32.lib ole32.lib oleaut32.lib uuid.lib odbc32.lib odbccp32.lib /MANIFEST /ManifestFile:"Debug\WaterSim.exe.intermediate.manifest" /MANIFESTUAC:"level='asInvoker' uiAccess='false'" /DEBUG /PDB:"C:\Users\Samantha\Documents\CIS 497 DMD Senior Project\GranularMatSim_Version14\Debug\WaterSim.pdb" /SUBSYSTEM:CONSOLE /TLBID:1 /DYNAMICBASE /NXCOMPAT /IMPLIB:"C:\Users\Samantha\Documents\CIS 497 DMD Senior Project\GranularMatSim_Version14\Debug\WaterSim.lib" /MACHINE:X86 Debug\WaterSim.exe.embed.manifest.res
         Debug\constraint.obj
         Debug\main.obj
         Debug\point.obj
         Debug\scene.obj
         Debug\sphere.obj
         Debug\stb_image.obj
         Debug\stb_image_write.obj
         Debug\triangle.obj
         Debug\vec.obj
         Debug\WaterSim.obj
       Manifest:
         C:\Program Files (x86)\Microsoft SDKs\Windows\v7.0A\bin\mt.exe /nologo /verbose /out:"Debug\WaterSim.exe.embed.manifest" /manifest Debug\WaterSim.exe.intermediate.manifest
         All outputs are up-to-date.
       LinkEmbedManifest:
         All outputs are up-to-date.
         PositionBasedDynamics.vcxproj -> C:\Users\Samantha\Documents\CIS 497 DMD Senior Project\GranularMatSim_Version14\Debug\WaterSim.exe
       FinalizeBuildStatus:
         Deleting file "Debug\WaterSim.unsuccessfulbuild".
         Touching "Debug\WaterSim.lastbuildstate".
     1>Done Building Project "C:\Users\Samantha\Documents\CIS 497 DMD Senior Project\GranularMatSim_Version14\PositionBasedDynamics\PositionBasedDynamics.vcxproj" (build target(s)).

Build succeeded.

Time Elapsed 00:00:02.84
