Build started 3/20/2015 2:25:27 AM.
     1>Project "C:\Users\Samantha\Documents\CIS 497 DMD Senior Project\GranularMatSim_Version9\PositionBasedDynamics\PositionBasedDynamics.vcxproj" on node 2 (build target(s)).
     1>InitializeBuildStatus:
         Creating "Release\WaterSim.unsuccessfulbuild" because "AlwaysCreate" was specified.
       ClCompile:
         C:\Program Files (x86)\Microsoft Visual Studio 10.0\VC\bin\CL.exe /c /I../tinyxml /I../glm /I../glew/include /I../glfw/include /Zi /nologo /W3 /WX- /O2 /Oi /Oy- /GL /D WIN32 /D NDEBUG /D _CONSOLE /D _UNICODE /D UNICODE /Gm- /EHsc /MD /GS /Gy /fp:precise /Zc:wchar_t /Zc:forScope /Fo"Release\\" /Fd"Release\vc100.pdb" /Gd /TP /analyze- /errorReport:prompt Source\WaterSim.cpp Source\main.cpp
         WaterSim.cpp
     1>Source\WaterSim.cpp(82): warning C4244: '=' : conversion from 'float' to 'int', possible loss of data
     1>Source\WaterSim.cpp(83): warning C4244: '=' : conversion from 'float' to 'int', possible loss of data
     1>Source\WaterSim.cpp(84): warning C4244: '=' : conversion from 'float' to 'int', possible loss of data
     1>Source\WaterSim.cpp(573): warning C4244: 'argument' : conversion from 'double' to 'float', possible loss of data
     1>Source\WaterSim.cpp(610): warning C4244: 'initializing' : conversion from 'float' to 'int', possible loss of data
     1>Source\WaterSim.cpp(611): warning C4244: 'initializing' : conversion from 'float' to 'int', possible loss of data
     1>Source\WaterSim.cpp(623): warning C4244: 'initializing' : conversion from 'float' to 'int', possible loss of data
     1>Source\WaterSim.cpp(624): warning C4244: 'initializing' : conversion from 'float' to 'int', possible loss of data
     1>Source\WaterSim.cpp(636): warning C4244: 'initializing' : conversion from 'float' to 'int', possible loss of data
     1>Source\WaterSim.cpp(637): warning C4244: 'initializing' : conversion from 'float' to 'int', possible loss of data
     1>Source\WaterSim.cpp(664): warning C4018: '<' : signed/unsigned mismatch
     1>Source\WaterSim.cpp(694): warning C4018: '<' : signed/unsigned mismatch
     1>Source\WaterSim.cpp(910): warning C4018: '<' : signed/unsigned mismatch
     1>Source\WaterSim.cpp(1047): warning C4018: '<' : signed/unsigned mismatch
     1>Source\WaterSim.cpp(1050): warning C4018: '<' : signed/unsigned mismatch
     1>Source\WaterSim.cpp(1062): warning C4018: '<' : signed/unsigned mismatch
     1>Source\WaterSim.cpp(1155): warning C4018: '<' : signed/unsigned mismatch
     1>Source\WaterSim.cpp(1244): warning C4018: '<' : signed/unsigned mismatch
     1>Source\WaterSim.cpp(1284): warning C4018: '<' : signed/unsigned mismatch
     1>Source\WaterSim.cpp(1291): warning C4244: '=' : conversion from 'double' to 'float', possible loss of data
     1>Source\WaterSim.cpp(1301): warning C4018: '<' : signed/unsigned mismatch
     1>Source\WaterSim.cpp(1313): warning C4244: 'return' : conversion from 'double' to 'float', possible loss of data
     1>Source\WaterSim.cpp(1321): warning C4244: 'return' : conversion from 'double' to 'float', possible loss of data
     1>Source\WaterSim.cpp(1329): warning C4244: 'return' : conversion from 'double' to 'float', possible loss of data
     1>Source\WaterSim.cpp(1339): warning C4018: '<' : signed/unsigned mismatch
     1>Source\WaterSim.cpp(1353): warning C4018: '<' : signed/unsigned mismatch
     1>Source\WaterSim.cpp(1374): warning C4018: '<' : signed/unsigned mismatch
     1>Source\WaterSim.cpp(1394): warning C4305: 'initializing' : truncation from 'double' to 'float'
     1>Source\WaterSim.cpp(1396): warning C4018: '<' : signed/unsigned mismatch
     1>Source\WaterSim.cpp(1409): warning C4244: '=' : conversion from 'double' to 'float', possible loss of data
     1>Source\WaterSim.cpp(1424): warning C4018: '<' : signed/unsigned mismatch
     1>Source\WaterSim.cpp(1440): warning C4018: '<' : signed/unsigned mismatch
     1>Source\WaterSim.cpp(1476): warning C4018: '<' : signed/unsigned mismatch
     1>Source\WaterSim.cpp(1508): warning C4018: '<' : signed/unsigned mismatch
     1>Source\WaterSim.cpp(1521): warning C4018: '<' : signed/unsigned mismatch
     1>Source\WaterSim.cpp(1538): warning C4018: '<' : signed/unsigned mismatch
     1>Source\WaterSim.cpp(1582): warning C4018: '<' : signed/unsigned mismatch
     1>Source\WaterSim.cpp(1586): warning C4018: '<' : signed/unsigned mismatch
     1>Source\WaterSim.cpp(1588): warning C4244: 'argument' : conversion from 'float' to 'const int', possible loss of data
     1>Source\WaterSim.cpp(1594): warning C4244: '=' : conversion from 'unsigned int' to 'float', possible loss of data
     1>Source\WaterSim.cpp(1596): warning C4018: '<' : signed/unsigned mismatch
     1>Source\WaterSim.cpp(1598): warning C4018: '<' : signed/unsigned mismatch
     1>Source\WaterSim.cpp(1599): warning C4244: '=' : conversion from 'unsigned int' to 'float', possible loss of data
     1>Source\WaterSim.cpp(1610): warning C4244: '=' : conversion from 'unsigned int' to 'float', possible loss of data
     1>Source\WaterSim.cpp(1612): warning C4018: '<' : signed/unsigned mismatch
     1>Source\WaterSim.cpp(1615): warning C4244: '=' : conversion from 'unsigned int' to 'float', possible loss of data
     1>Source\WaterSim.cpp(1624): warning C4018: '<' : signed/unsigned mismatch
     1>Source\WaterSim.cpp(1626): warning C4244: 'argument' : conversion from 'float' to 'const int', possible loss of data
     1>Source\WaterSim.cpp(1632): warning C4244: '=' : conversion from 'unsigned int' to 'float', possible loss of data
     1>Source\WaterSim.cpp(1634): warning C4018: '<' : signed/unsigned mismatch
     1>Source\WaterSim.cpp(1636): warning C4018: '<' : signed/unsigned mismatch
     1>Source\WaterSim.cpp(1637): warning C4244: '=' : conversion from 'unsigned int' to 'float', possible loss of data
     1>Source\WaterSim.cpp(1653): warning C4018: '<' : signed/unsigned mismatch
     1>Source\WaterSim.cpp(1657): warning C4018: '<' : signed/unsigned mismatch
     1>Source\WaterSim.cpp(1664): warning C4244: 'argument' : conversion from 'int' to 'const float', possible loss of data
     1>Source\WaterSim.cpp(1666): warning C4018: '<' : signed/unsigned mismatch
     1>Source\WaterSim.cpp(1667): warning C4018: '<' : signed/unsigned mismatch
     1>Source\WaterSim.cpp(1677): warning C4305: 'initializing' : truncation from 'double' to 'float'
     1>Source\WaterSim.cpp(1679): warning C4018: '<' : signed/unsigned mismatch
     1>Source\WaterSim.cpp(1689): warning C4305: 'initializing' : truncation from 'double' to 'float'
     1>Source\WaterSim.cpp(1690): warning C4018: '<' : signed/unsigned mismatch
     1>Source\WaterSim.cpp(1698): warning C4018: '<' : signed/unsigned mismatch
     1>Source\WaterSim.cpp(1721): warning C4018: '<' : signed/unsigned mismatch
     1>Source\WaterSim.cpp(1735): warning C4018: '<' : signed/unsigned mismatch
     1>Source\WaterSim.cpp(1748): warning C4018: '<' : signed/unsigned mismatch
     1>Source\WaterSim.cpp(1760): warning C4018: '<' : signed/unsigned mismatch
     1>Source\WaterSim.cpp(1787): warning C4244: 'return' : conversion from 'double' to 'float', possible loss of data
     1>Source\WaterSim.cpp(1792): warning C4018: '<' : signed/unsigned mismatch
     1>Source\WaterSim.cpp(1810): warning C4018: '<' : signed/unsigned mismatch
     1>Source\WaterSim.cpp(1829): warning C4244: 'return' : conversion from 'double' to 'float', possible loss of data
     1>Source\WaterSim.cpp(1837): warning C4018: '<' : signed/unsigned mismatch
     1>Source\WaterSim.cpp(1966): warning C4018: '<' : signed/unsigned mismatch
     1>Source\WaterSim.cpp(1994): warning C4018: '<' : signed/unsigned mismatch
     1>Source\WaterSim.cpp(2002): warning C4018: '<' : signed/unsigned mismatch
     1>Source\WaterSim.cpp(2035): warning C4244: 'return' : conversion from 'double' to 'float', possible loss of data
     1>Source\WaterSim.cpp(2040): warning C4244: 'initializing' : conversion from 'double' to 'float', possible loss of data
     1>Source\WaterSim.cpp(2053): warning C4244: 'initializing' : conversion from 'double' to 'float', possible loss of data
     1>Source\WaterSim.cpp(2056): warning C4244: '=' : conversion from 'double' to 'float', possible loss of data
     1>Source\WaterSim.cpp(2062): warning C4244: 'return' : conversion from 'double' to 'float', possible loss of data
     1>Source\WaterSim.cpp(2069): warning C4305: 'initializing' : truncation from 'double' to 'float'
     1>Source\WaterSim.cpp(2070): warning C4018: '<' : signed/unsigned mismatch
     1>Source\WaterSim.cpp(2162): warning C4018: '<' : signed/unsigned mismatch
     1>Source\WaterSim.cpp(2198): warning C4018: '<' : signed/unsigned mismatch
     1>Source\WaterSim.cpp(2231): warning C4244: 'argument' : conversion from 'float' to 'const int', possible loss of data
     1>Source\WaterSim.cpp(2232): warning C4018: '<' : signed/unsigned mismatch
     1>Source\WaterSim.cpp(2235): warning C4244: '/=' : conversion from 'double' to 'float', possible loss of data
     1>Source\WaterSim.cpp(2307): warning C4244: 'initializing' : conversion from 'double' to 'float', possible loss of data
     1>Source\WaterSim.cpp(2356): warning C4305: 'initializing' : truncation from 'double' to 'float'
         main.cpp
     1>Source\main.cpp(381): warning C4018: '<' : signed/unsigned mismatch
     1>Source\main.cpp(384): warning C4018: '<' : signed/unsigned mismatch
     1>Source\main.cpp(397): warning C4018: '<' : signed/unsigned mismatch
     1>Source\main.cpp(432): warning C4018: '<' : signed/unsigned mismatch
     1>Source\main.cpp(447): warning C4996: 'sprintf': This function or variable may be unsafe. Consider using sprintf_s instead. To disable deprecation, use _CRT_SECURE_NO_WARNINGS. See online help for details.
                 C:\Program Files (x86)\Microsoft Visual Studio 10.0\VC\include\stdio.h(371) : see declaration of 'sprintf'
     1>Source\main.cpp(468): warning C4996: 'fopen': This function or variable may be unsafe. Consider using fopen_s instead. To disable deprecation, use _CRT_SECURE_NO_WARNINGS. See online help for details.
                 C:\Program Files (x86)\Microsoft Visual Studio 10.0\VC\include\stdio.h(234) : see declaration of 'fopen'
         All outputs are up-to-date.
       Link:
         C:\Program Files (x86)\Microsoft Visual Studio 10.0\VC\bin\link.exe /ERRORREPORT:PROMPT /OUT:"C:\Users\Samantha\Documents\CIS 497 DMD Senior Project\GranularMatSim_Version9\Release\WaterSim.exe" /INCREMENTAL:NO /NOLOGO /LIBPATH:../glew/lib /LIBPATH:../glfw/lib /LIBPATH:../tinyxml tinyxml_STL.lib glew32.lib glu32.lib opengl32.lib glfw.lib glfwdll.lib kernel32.lib user32.lib gdi32.lib winspool.lib comdlg32.lib advapi32.lib shell32.lib ole32.lib oleaut32.lib uuid.lib odbc32.lib odbccp32.lib /MANIFEST /ManifestFile:"Release\WaterSim.exe.intermediate.manifest" /MANIFESTUAC:"level='asInvoker' uiAccess='false'" /DEBUG /PDB:"C:\Users\Samantha\Documents\CIS 497 DMD Senior Project\GranularMatSim_Version9\Release\WaterSim.pdb" /SUBSYSTEM:CONSOLE /OPT:REF /OPT:ICF /LTCG /TLBID:1 /DYNAMICBASE /NXCOMPAT /IMPLIB:"C:\Users\Samantha\Documents\CIS 497 DMD Senior Project\GranularMatSim_Version9\Release\WaterSim.lib" /MACHINE:X86 Release\constraint.obj
         Release\main.obj
         Release\point.obj
         Release\scene.obj
         Release\sphere.obj
         Release\stb_image.obj
         Release\stb_image_write.obj
         Release\triangle.obj
         Release\vec.obj
         Release\WaterSim.obj
         Generating code
     1>c:\users\samantha\documents\cis 497 dmd senior project\granularmatsim_version9\positionbaseddynamics\source\watersim.cpp(1660): warning C4700: uninitialized local variable 'num' used
     1>c:\users\samantha\documents\cis 497 dmd senior project\granularmatsim_version9\positionbaseddynamics\source\watersim.cpp(1586): warning C4700: uninitialized local variable 'j' used
     1>c:\users\samantha\documents\cis 497 dmd senior project\granularmatsim_version9\positionbaseddynamics\source\watersim.cpp(1612): warning C4700: uninitialized local variable 'j' used
     1>c:\users\samantha\documents\cis 497 dmd senior project\granularmatsim_version9\positionbaseddynamics\source\watersim.cpp(1624): warning C4700: uninitialized local variable 'j' used
         Finished generating code
     1>tinyxml_STL.lib(tinyxml.obj) : warning LNK4099: PDB 'vc100.pdb' was not found with 'tinyxml_STL.lib(tinyxml.obj)' or at 'C:\Users\Samantha\Documents\CIS 497 DMD Senior Project\GranularMatSim_Version9\Release\vc100.pdb'; linking object as if no debug info
     1>tinyxml_STL.lib(tinyxmlerror.obj) : warning LNK4099: PDB 'vc100.pdb' was not found with 'tinyxml_STL.lib(tinyxmlerror.obj)' or at 'C:\Users\Samantha\Documents\CIS 497 DMD Senior Project\GranularMatSim_Version9\Release\vc100.pdb'; linking object as if no debug info
     1>tinyxml_STL.lib(tinyxmlparser.obj) : warning LNK4099: PDB 'vc100.pdb' was not found with 'tinyxml_STL.lib(tinyxmlparser.obj)' or at 'C:\Users\Samantha\Documents\CIS 497 DMD Senior Project\GranularMatSim_Version9\Release\vc100.pdb'; linking object as if no debug info
         PositionBasedDynamics.vcxproj -> C:\Users\Samantha\Documents\CIS 497 DMD Senior Project\GranularMatSim_Version9\Release\WaterSim.exe
       Manifest:
         C:\Program Files (x86)\Microsoft SDKs\Windows\v7.0A\bin\mt.exe /nologo /verbose /outputresource:"C:\Users\Samantha\Documents\CIS 497 DMD Senior Project\GranularMatSim_Version9\Release\WaterSim.exe;#1" /manifest Release\WaterSim.exe.intermediate.manifest
       FinalizeBuildStatus:
         Deleting file "Release\WaterSim.unsuccessfulbuild".
         Touching "Release\WaterSim.lastbuildstate".
     1>Done Building Project "C:\Users\Samantha\Documents\CIS 497 DMD Senior Project\GranularMatSim_Version9\PositionBasedDynamics\PositionBasedDynamics.vcxproj" (build target(s)).

Build succeeded.

Time Elapsed 00:00:04.95
