Build started 3/20/2015 1:41:45 AM.
     1>Project "C:\Users\Samantha\Documents\CIS 497 DMD Senior Project\GranularMatSim_Version7\PositionBasedDynamics\PositionBasedDynamics.vcxproj" on node 2 (build target(s)).
     1>InitializeBuildStatus:
         Creating "Release\WaterSim.unsuccessfulbuild" because "AlwaysCreate" was specified.
       ClCompile:
         C:\Program Files (x86)\Microsoft Visual Studio 10.0\VC\bin\CL.exe /c /I../tinyxml /I../glm /I../glew/include /I../glfw/include /Zi /nologo /W3 /WX- /O2 /Oi /Oy- /GL /D WIN32 /D NDEBUG /D _CONSOLE /D _UNICODE /D UNICODE /Gm- /EHsc /MD /GS /Gy /fp:precise /Zc:wchar_t /Zc:forScope /Fo"Release\\" /Fd"Release\vc100.pdb" /Gd /TP /analyze- /errorReport:prompt Source\WaterSim.cpp
         WaterSim.cpp
     1>Source\WaterSim.cpp(80): warning C4244: '=' : conversion from 'float' to 'int', possible loss of data
     1>Source\WaterSim.cpp(81): warning C4244: '=' : conversion from 'float' to 'int', possible loss of data
     1>Source\WaterSim.cpp(82): warning C4244: '=' : conversion from 'float' to 'int', possible loss of data
     1>Source\WaterSim.cpp(105): warning C4244: 'argument' : conversion from 'double' to 'float', possible loss of data
     1>Source\WaterSim.cpp(146): warning C4244: 'argument' : conversion from 'double' to 'float', possible loss of data
     1>Source\WaterSim.cpp(166): warning C4244: 'argument' : conversion from 'double' to 'float', possible loss of data
     1>Source\WaterSim.cpp(168): warning C4244: '=' : conversion from 'int' to 'float', possible loss of data
     1>Source\WaterSim.cpp(183): warning C4244: 'argument' : conversion from 'double' to 'float', possible loss of data
     1>Source\WaterSim.cpp(251): warning C4018: '<' : signed/unsigned mismatch
     1>Source\WaterSim.cpp(281): warning C4018: '<' : signed/unsigned mismatch
     1>Source\WaterSim.cpp(497): warning C4018: '<' : signed/unsigned mismatch
     1>Source\WaterSim.cpp(634): warning C4018: '<' : signed/unsigned mismatch
     1>Source\WaterSim.cpp(637): warning C4018: '<' : signed/unsigned mismatch
     1>Source\WaterSim.cpp(649): warning C4018: '<' : signed/unsigned mismatch
     1>Source\WaterSim.cpp(748): warning C4018: '<' : signed/unsigned mismatch
     1>Source\WaterSim.cpp(837): warning C4018: '<' : signed/unsigned mismatch
     1>Source\WaterSim.cpp(877): warning C4018: '<' : signed/unsigned mismatch
     1>Source\WaterSim.cpp(884): warning C4244: '=' : conversion from 'double' to 'float', possible loss of data
     1>Source\WaterSim.cpp(894): warning C4018: '<' : signed/unsigned mismatch
     1>Source\WaterSim.cpp(906): warning C4244: 'return' : conversion from 'double' to 'float', possible loss of data
     1>Source\WaterSim.cpp(914): warning C4244: 'return' : conversion from 'double' to 'float', possible loss of data
     1>Source\WaterSim.cpp(922): warning C4244: 'return' : conversion from 'double' to 'float', possible loss of data
     1>Source\WaterSim.cpp(932): warning C4018: '<' : signed/unsigned mismatch
     1>Source\WaterSim.cpp(952): warning C4018: '<' : signed/unsigned mismatch
     1>Source\WaterSim.cpp(981): warning C4018: '<' : signed/unsigned mismatch
     1>Source\WaterSim.cpp(1007): warning C4305: 'initializing' : truncation from 'double' to 'float'
     1>Source\WaterSim.cpp(1009): warning C4018: '<' : signed/unsigned mismatch
     1>Source\WaterSim.cpp(1022): warning C4244: '=' : conversion from 'double' to 'float', possible loss of data
     1>Source\WaterSim.cpp(1037): warning C4018: '<' : signed/unsigned mismatch
     1>Source\WaterSim.cpp(1059): warning C4018: '<' : signed/unsigned mismatch
     1>Source\WaterSim.cpp(1103): warning C4018: '<' : signed/unsigned mismatch
     1>Source\WaterSim.cpp(1135): warning C4018: '<' : signed/unsigned mismatch
     1>Source\WaterSim.cpp(1148): warning C4018: '<' : signed/unsigned mismatch
     1>Source\WaterSim.cpp(1171): warning C4018: '<' : signed/unsigned mismatch
     1>Source\WaterSim.cpp(1213): warning C4305: 'initializing' : truncation from 'double' to 'float'
     1>Source\WaterSim.cpp(1215): warning C4018: '<' : signed/unsigned mismatch
     1>Source\WaterSim.cpp(1225): warning C4305: 'initializing' : truncation from 'double' to 'float'
     1>Source\WaterSim.cpp(1226): warning C4018: '<' : signed/unsigned mismatch
     1>Source\WaterSim.cpp(1234): warning C4018: '<' : signed/unsigned mismatch
     1>Source\WaterSim.cpp(1257): warning C4018: '<' : signed/unsigned mismatch
     1>Source\WaterSim.cpp(1285): warning C4018: '<' : signed/unsigned mismatch
     1>Source\WaterSim.cpp(1298): warning C4018: '<' : signed/unsigned mismatch
     1>Source\WaterSim.cpp(1310): warning C4018: '<' : signed/unsigned mismatch
     1>Source\WaterSim.cpp(1337): warning C4244: 'return' : conversion from 'double' to 'float', possible loss of data
     1>Source\WaterSim.cpp(1342): warning C4018: '<' : signed/unsigned mismatch
     1>Source\WaterSim.cpp(1360): warning C4018: '<' : signed/unsigned mismatch
     1>Source\WaterSim.cpp(1379): warning C4244: 'return' : conversion from 'double' to 'float', possible loss of data
     1>Source\WaterSim.cpp(1391): warning C4018: '<' : signed/unsigned mismatch
     1>Source\WaterSim.cpp(1412): warning C4018: '<' : signed/unsigned mismatch
     1>Source\WaterSim.cpp(1443): warning C4018: '<' : signed/unsigned mismatch
     1>Source\WaterSim.cpp(1448): warning C4018: '<' : signed/unsigned mismatch
     1>Source\WaterSim.cpp(1463): warning C4018: '<' : signed/unsigned mismatch
     1>Source\WaterSim.cpp(1473): warning C4018: '<' : signed/unsigned mismatch
     1>Source\WaterSim.cpp(1512): warning C4018: '<' : signed/unsigned mismatch
     1>Source\WaterSim.cpp(1532): warning C4018: '<' : signed/unsigned mismatch
     1>Source\WaterSim.cpp(1547): warning C4018: '<' : signed/unsigned mismatch
     1>Source\WaterSim.cpp(1602): warning C4018: '<' : signed/unsigned mismatch
     1>Source\WaterSim.cpp(1630): warning C4018: '<' : signed/unsigned mismatch
     1>Source\WaterSim.cpp(1638): warning C4018: '<' : signed/unsigned mismatch
     1>Source\WaterSim.cpp(1671): warning C4244: 'return' : conversion from 'double' to 'float', possible loss of data
     1>Source\WaterSim.cpp(1676): warning C4244: 'initializing' : conversion from 'double' to 'float', possible loss of data
     1>Source\WaterSim.cpp(1689): warning C4244: 'initializing' : conversion from 'double' to 'float', possible loss of data
     1>Source\WaterSim.cpp(1692): warning C4244: '=' : conversion from 'double' to 'float', possible loss of data
     1>Source\WaterSim.cpp(1698): warning C4244: 'return' : conversion from 'double' to 'float', possible loss of data
     1>Source\WaterSim.cpp(1705): warning C4305: 'initializing' : truncation from 'double' to 'float'
     1>Source\WaterSim.cpp(1706): warning C4018: '<' : signed/unsigned mismatch
     1>Source\WaterSim.cpp(1798): warning C4018: '<' : signed/unsigned mismatch
     1>Source\WaterSim.cpp(1834): warning C4018: '<' : signed/unsigned mismatch
     1>Source\WaterSim.cpp(1867): warning C4244: 'argument' : conversion from 'float' to 'const int', possible loss of data
     1>Source\WaterSim.cpp(1868): warning C4018: '<' : signed/unsigned mismatch
     1>Source\WaterSim.cpp(1871): warning C4244: '/=' : conversion from 'double' to 'float', possible loss of data
     1>Source\WaterSim.cpp(1943): warning C4244: 'initializing' : conversion from 'double' to 'float', possible loss of data
     1>Source\WaterSim.cpp(1992): warning C4305: 'initializing' : truncation from 'double' to 'float'
         All outputs are up-to-date.
       Link:
         C:\Program Files (x86)\Microsoft Visual Studio 10.0\VC\bin\link.exe /ERRORREPORT:PROMPT /OUT:"C:\Users\Samantha\Documents\CIS 497 DMD Senior Project\GranularMatSim_Version7\Release\WaterSim.exe" /INCREMENTAL:NO /NOLOGO /LIBPATH:../glew/lib /LIBPATH:../glfw/lib /LIBPATH:../tinyxml tinyxml_STL.lib glew32.lib glu32.lib opengl32.lib glfw.lib glfwdll.lib kernel32.lib user32.lib gdi32.lib winspool.lib comdlg32.lib advapi32.lib shell32.lib ole32.lib oleaut32.lib uuid.lib odbc32.lib odbccp32.lib /MANIFEST /ManifestFile:"Release\WaterSim.exe.intermediate.manifest" /MANIFESTUAC:"level='asInvoker' uiAccess='false'" /DEBUG /PDB:"C:\Users\Samantha\Documents\CIS 497 DMD Senior Project\GranularMatSim_Version7\Release\WaterSim.pdb" /SUBSYSTEM:CONSOLE /OPT:REF /OPT:ICF /LTCG /TLBID:1 /DYNAMICBASE /NXCOMPAT /IMPLIB:"C:\Users\Samantha\Documents\CIS 497 DMD Senior Project\GranularMatSim_Version7\Release\WaterSim.lib" /MACHINE:X86 Release\constraint.obj
         Release\main.obj
         Release\point.obj
         Release\scene.obj
         Release\sphere.obj
         Release\stb_image.obj
         Release\stb_image_write.obj
         Release\triangle.obj
         Release\vec.obj
         Release\WaterSim.obj
         Generating code
         Finished generating code
     1>tinyxml_STL.lib(tinyxml.obj) : warning LNK4099: PDB 'vc100.pdb' was not found with 'tinyxml_STL.lib(tinyxml.obj)' or at 'C:\Users\Samantha\Documents\CIS 497 DMD Senior Project\GranularMatSim_Version7\Release\vc100.pdb'; linking object as if no debug info
     1>tinyxml_STL.lib(tinyxmlerror.obj) : warning LNK4099: PDB 'vc100.pdb' was not found with 'tinyxml_STL.lib(tinyxmlerror.obj)' or at 'C:\Users\Samantha\Documents\CIS 497 DMD Senior Project\GranularMatSim_Version7\Release\vc100.pdb'; linking object as if no debug info
     1>tinyxml_STL.lib(tinyxmlparser.obj) : warning LNK4099: PDB 'vc100.pdb' was not found with 'tinyxml_STL.lib(tinyxmlparser.obj)' or at 'C:\Users\Samantha\Documents\CIS 497 DMD Senior Project\GranularMatSim_Version7\Release\vc100.pdb'; linking object as if no debug info
         PositionBasedDynamics.vcxproj -> C:\Users\Samantha\Documents\CIS 497 DMD Senior Project\GranularMatSim_Version7\Release\WaterSim.exe
       Manifest:
         C:\Program Files (x86)\Microsoft SDKs\Windows\v7.0A\bin\mt.exe /nologo /verbose /outputresource:"C:\Users\Samantha\Documents\CIS 497 DMD Senior Project\GranularMatSim_Version7\Release\WaterSim.exe;#1" /manifest Release\WaterSim.exe.intermediate.manifest
       FinalizeBuildStatus:
         Deleting file "Release\WaterSim.unsuccessfulbuild".
         Touching "Release\WaterSim.lastbuildstate".
     1>Done Building Project "C:\Users\Samantha\Documents\CIS 497 DMD Senior Project\GranularMatSim_Version7\PositionBasedDynamics\PositionBasedDynamics.vcxproj" (build target(s)).

Build succeeded.

Time Elapsed 00:00:04.97
