Build started 1/6/2015 2:17:04 AM.
     1>Project "C:\Users\Samantha\Documents\CIS 497 DMD Senior Project\GranularMatSim_Version3\PositionBasedDynamics\PositionBasedDynamics.vcxproj" on node 2 (build target(s)).
     1>InitializeBuildStatus:
         Creating "Debug\WaterSim.unsuccessfulbuild" because "AlwaysCreate" was specified.
       ClCompile:
         C:\Program Files (x86)\Microsoft Visual Studio 10.0\VC\bin\CL.exe /c /I../tinyxml /I../glm /I../glew/include /I../glfw/include /ZI /nologo /W3 /WX- /Od /Oy- /D WIN32 /D _DEBUG /D _CONSOLE /D _UNICODE /D UNICODE /Gm /EHsc /RTC1 /MDd /GS /fp:precise /Zc:wchar_t /Zc:forScope /Fo"Debug\\" /Fd"Debug\vc100.pdb" /Gd /TP /analyze- /errorReport:prompt Source\WaterSim.cpp
         WaterSim.cpp
     1>c:\users\samantha\documents\cis 497 dmd senior project\granularmatsim_version3\positionbaseddynamics\source\watersim.cpp(82): warning C4244: '=' : conversion from 'float' to 'int', possible loss of data
     1>c:\users\samantha\documents\cis 497 dmd senior project\granularmatsim_version3\positionbaseddynamics\source\watersim.cpp(83): warning C4244: '=' : conversion from 'float' to 'int', possible loss of data
     1>c:\users\samantha\documents\cis 497 dmd senior project\granularmatsim_version3\positionbaseddynamics\source\watersim.cpp(84): warning C4244: '=' : conversion from 'float' to 'int', possible loss of data
     1>c:\users\samantha\documents\cis 497 dmd senior project\granularmatsim_version3\positionbaseddynamics\source\watersim.cpp(573): warning C4244: 'argument' : conversion from 'double' to 'float', possible loss of data
     1>c:\users\samantha\documents\cis 497 dmd senior project\granularmatsim_version3\positionbaseddynamics\source\watersim.cpp(609): warning C4244: 'initializing' : conversion from 'float' to 'int', possible loss of data
     1>c:\users\samantha\documents\cis 497 dmd senior project\granularmatsim_version3\positionbaseddynamics\source\watersim.cpp(610): warning C4244: 'initializing' : conversion from 'float' to 'int', possible loss of data
     1>c:\users\samantha\documents\cis 497 dmd senior project\granularmatsim_version3\positionbaseddynamics\source\watersim.cpp(622): warning C4244: 'initializing' : conversion from 'float' to 'int', possible loss of data
     1>c:\users\samantha\documents\cis 497 dmd senior project\granularmatsim_version3\positionbaseddynamics\source\watersim.cpp(623): warning C4244: 'initializing' : conversion from 'float' to 'int', possible loss of data
     1>c:\users\samantha\documents\cis 497 dmd senior project\granularmatsim_version3\positionbaseddynamics\source\watersim.cpp(635): warning C4244: 'initializing' : conversion from 'float' to 'int', possible loss of data
     1>c:\users\samantha\documents\cis 497 dmd senior project\granularmatsim_version3\positionbaseddynamics\source\watersim.cpp(636): warning C4244: 'initializing' : conversion from 'float' to 'int', possible loss of data
     1>c:\users\samantha\documents\cis 497 dmd senior project\granularmatsim_version3\positionbaseddynamics\source\watersim.cpp(663): warning C4018: '<' : signed/unsigned mismatch
     1>c:\users\samantha\documents\cis 497 dmd senior project\granularmatsim_version3\positionbaseddynamics\source\watersim.cpp(693): warning C4018: '<' : signed/unsigned mismatch
     1>c:\users\samantha\documents\cis 497 dmd senior project\granularmatsim_version3\positionbaseddynamics\source\watersim.cpp(909): warning C4018: '<' : signed/unsigned mismatch
     1>c:\users\samantha\documents\cis 497 dmd senior project\granularmatsim_version3\positionbaseddynamics\source\watersim.cpp(1046): warning C4018: '<' : signed/unsigned mismatch
     1>c:\users\samantha\documents\cis 497 dmd senior project\granularmatsim_version3\positionbaseddynamics\source\watersim.cpp(1049): warning C4018: '<' : signed/unsigned mismatch
     1>c:\users\samantha\documents\cis 497 dmd senior project\granularmatsim_version3\positionbaseddynamics\source\watersim.cpp(1061): warning C4018: '<' : signed/unsigned mismatch
     1>c:\users\samantha\documents\cis 497 dmd senior project\granularmatsim_version3\positionbaseddynamics\source\watersim.cpp(1154): warning C4018: '<' : signed/unsigned mismatch
     1>c:\users\samantha\documents\cis 497 dmd senior project\granularmatsim_version3\positionbaseddynamics\source\watersim.cpp(1243): warning C4018: '<' : signed/unsigned mismatch
     1>c:\users\samantha\documents\cis 497 dmd senior project\granularmatsim_version3\positionbaseddynamics\source\watersim.cpp(1283): warning C4018: '<' : signed/unsigned mismatch
     1>c:\users\samantha\documents\cis 497 dmd senior project\granularmatsim_version3\positionbaseddynamics\source\watersim.cpp(1290): warning C4244: '=' : conversion from 'double' to 'float', possible loss of data
     1>c:\users\samantha\documents\cis 497 dmd senior project\granularmatsim_version3\positionbaseddynamics\source\watersim.cpp(1300): warning C4018: '<' : signed/unsigned mismatch
     1>c:\users\samantha\documents\cis 497 dmd senior project\granularmatsim_version3\positionbaseddynamics\source\watersim.cpp(1312): warning C4244: 'return' : conversion from 'double' to 'float', possible loss of data
     1>c:\users\samantha\documents\cis 497 dmd senior project\granularmatsim_version3\positionbaseddynamics\source\watersim.cpp(1320): warning C4244: 'return' : conversion from 'double' to 'float', possible loss of data
     1>c:\users\samantha\documents\cis 497 dmd senior project\granularmatsim_version3\positionbaseddynamics\source\watersim.cpp(1328): warning C4244: 'return' : conversion from 'double' to 'float', possible loss of data
     1>c:\users\samantha\documents\cis 497 dmd senior project\granularmatsim_version3\positionbaseddynamics\source\watersim.cpp(1338): warning C4018: '<' : signed/unsigned mismatch
     1>c:\users\samantha\documents\cis 497 dmd senior project\granularmatsim_version3\positionbaseddynamics\source\watersim.cpp(1352): warning C4018: '<' : signed/unsigned mismatch
     1>c:\users\samantha\documents\cis 497 dmd senior project\granularmatsim_version3\positionbaseddynamics\source\watersim.cpp(1370): warning C4018: '<' : signed/unsigned mismatch
     1>c:\users\samantha\documents\cis 497 dmd senior project\granularmatsim_version3\positionbaseddynamics\source\watersim.cpp(1390): warning C4305: 'initializing' : truncation from 'double' to 'float'
     1>c:\users\samantha\documents\cis 497 dmd senior project\granularmatsim_version3\positionbaseddynamics\source\watersim.cpp(1392): warning C4018: '<' : signed/unsigned mismatch
     1>c:\users\samantha\documents\cis 497 dmd senior project\granularmatsim_version3\positionbaseddynamics\source\watersim.cpp(1405): warning C4244: '=' : conversion from 'double' to 'float', possible loss of data
     1>c:\users\samantha\documents\cis 497 dmd senior project\granularmatsim_version3\positionbaseddynamics\source\watersim.cpp(1420): warning C4018: '<' : signed/unsigned mismatch
     1>c:\users\samantha\documents\cis 497 dmd senior project\granularmatsim_version3\positionbaseddynamics\source\watersim.cpp(1435): warning C4018: '<' : signed/unsigned mismatch
     1>c:\users\samantha\documents\cis 497 dmd senior project\granularmatsim_version3\positionbaseddynamics\source\watersim.cpp(1471): warning C4018: '<' : signed/unsigned mismatch
     1>c:\users\samantha\documents\cis 497 dmd senior project\granularmatsim_version3\positionbaseddynamics\source\watersim.cpp(1511): warning C4018: '<' : signed/unsigned mismatch
     1>c:\users\samantha\documents\cis 497 dmd senior project\granularmatsim_version3\positionbaseddynamics\source\watersim.cpp(1524): warning C4018: '<' : signed/unsigned mismatch
     1>c:\users\samantha\documents\cis 497 dmd senior project\granularmatsim_version3\positionbaseddynamics\source\watersim.cpp(1539): warning C4018: '<' : signed/unsigned mismatch
     1>c:\users\samantha\documents\cis 497 dmd senior project\granularmatsim_version3\positionbaseddynamics\source\watersim.cpp(1574): warning C4305: 'initializing' : truncation from 'double' to 'float'
     1>c:\users\samantha\documents\cis 497 dmd senior project\granularmatsim_version3\positionbaseddynamics\source\watersim.cpp(1576): warning C4018: '<' : signed/unsigned mismatch
     1>c:\users\samantha\documents\cis 497 dmd senior project\granularmatsim_version3\positionbaseddynamics\source\watersim.cpp(1586): warning C4305: 'initializing' : truncation from 'double' to 'float'
     1>c:\users\samantha\documents\cis 497 dmd senior project\granularmatsim_version3\positionbaseddynamics\source\watersim.cpp(1587): warning C4018: '<' : signed/unsigned mismatch
     1>c:\users\samantha\documents\cis 497 dmd senior project\granularmatsim_version3\positionbaseddynamics\source\watersim.cpp(1595): warning C4018: '<' : signed/unsigned mismatch
     1>c:\users\samantha\documents\cis 497 dmd senior project\granularmatsim_version3\positionbaseddynamics\source\watersim.cpp(1618): warning C4018: '<' : signed/unsigned mismatch
     1>c:\users\samantha\documents\cis 497 dmd senior project\granularmatsim_version3\positionbaseddynamics\source\watersim.cpp(1632): warning C4018: '<' : signed/unsigned mismatch
     1>c:\users\samantha\documents\cis 497 dmd senior project\granularmatsim_version3\positionbaseddynamics\source\watersim.cpp(1645): warning C4018: '<' : signed/unsigned mismatch
     1>c:\users\samantha\documents\cis 497 dmd senior project\granularmatsim_version3\positionbaseddynamics\source\watersim.cpp(1657): warning C4018: '<' : signed/unsigned mismatch
     1>c:\users\samantha\documents\cis 497 dmd senior project\granularmatsim_version3\positionbaseddynamics\source\watersim.cpp(1684): warning C4244: 'return' : conversion from 'double' to 'float', possible loss of data
     1>c:\users\samantha\documents\cis 497 dmd senior project\granularmatsim_version3\positionbaseddynamics\source\watersim.cpp(1689): warning C4018: '<' : signed/unsigned mismatch
     1>c:\users\samantha\documents\cis 497 dmd senior project\granularmatsim_version3\positionbaseddynamics\source\watersim.cpp(1708): warning C4018: '<' : signed/unsigned mismatch
     1>c:\users\samantha\documents\cis 497 dmd senior project\granularmatsim_version3\positionbaseddynamics\source\watersim.cpp(1802): warning C4018: '<' : signed/unsigned mismatch
     1>c:\users\samantha\documents\cis 497 dmd senior project\granularmatsim_version3\positionbaseddynamics\source\watersim.cpp(1807): warning C4018: '<' : signed/unsigned mismatch
     1>c:\users\samantha\documents\cis 497 dmd senior project\granularmatsim_version3\positionbaseddynamics\source\watersim.cpp(1821): warning C4018: '<' : signed/unsigned mismatch
     1>c:\users\samantha\documents\cis 497 dmd senior project\granularmatsim_version3\positionbaseddynamics\source\watersim.cpp(1856): warning C4018: '<' : signed/unsigned mismatch
     1>c:\users\samantha\documents\cis 497 dmd senior project\granularmatsim_version3\positionbaseddynamics\source\watersim.cpp(1874): warning C4018: '<' : signed/unsigned mismatch
     1>c:\users\samantha\documents\cis 497 dmd senior project\granularmatsim_version3\positionbaseddynamics\source\watersim.cpp(1899): warning C4018: '<' : signed/unsigned mismatch
     1>c:\users\samantha\documents\cis 497 dmd senior project\granularmatsim_version3\positionbaseddynamics\source\watersim.cpp(1927): warning C4018: '<' : signed/unsigned mismatch
     1>c:\users\samantha\documents\cis 497 dmd senior project\granularmatsim_version3\positionbaseddynamics\source\watersim.cpp(1935): warning C4018: '<' : signed/unsigned mismatch
     1>c:\users\samantha\documents\cis 497 dmd senior project\granularmatsim_version3\positionbaseddynamics\source\watersim.cpp(1968): warning C4244: 'return' : conversion from 'double' to 'float', possible loss of data
     1>c:\users\samantha\documents\cis 497 dmd senior project\granularmatsim_version3\positionbaseddynamics\source\watersim.cpp(1973): warning C4244: 'initializing' : conversion from 'double' to 'float', possible loss of data
     1>c:\users\samantha\documents\cis 497 dmd senior project\granularmatsim_version3\positionbaseddynamics\source\watersim.cpp(1985): warning C4244: 'initializing' : conversion from 'double' to 'float', possible loss of data
     1>c:\users\samantha\documents\cis 497 dmd senior project\granularmatsim_version3\positionbaseddynamics\source\watersim.cpp(1991): warning C4244: 'return' : conversion from 'double' to 'float', possible loss of data
     1>c:\users\samantha\documents\cis 497 dmd senior project\granularmatsim_version3\positionbaseddynamics\source\watersim.cpp(1998): warning C4305: 'initializing' : truncation from 'double' to 'float'
     1>c:\users\samantha\documents\cis 497 dmd senior project\granularmatsim_version3\positionbaseddynamics\source\watersim.cpp(1999): warning C4018: '<' : signed/unsigned mismatch
     1>c:\users\samantha\documents\cis 497 dmd senior project\granularmatsim_version3\positionbaseddynamics\source\watersim.cpp(2091): warning C4018: '<' : signed/unsigned mismatch
     1>c:\users\samantha\documents\cis 497 dmd senior project\granularmatsim_version3\positionbaseddynamics\source\watersim.cpp(2127): warning C4018: '<' : signed/unsigned mismatch
     1>c:\users\samantha\documents\cis 497 dmd senior project\granularmatsim_version3\positionbaseddynamics\source\watersim.cpp(2160): warning C4244: 'argument' : conversion from 'float' to 'const int', possible loss of data
     1>c:\users\samantha\documents\cis 497 dmd senior project\granularmatsim_version3\positionbaseddynamics\source\watersim.cpp(2161): warning C4018: '<' : signed/unsigned mismatch
     1>c:\users\samantha\documents\cis 497 dmd senior project\granularmatsim_version3\positionbaseddynamics\source\watersim.cpp(2164): warning C4244: '/=' : conversion from 'double' to 'float', possible loss of data
     1>c:\users\samantha\documents\cis 497 dmd senior project\granularmatsim_version3\positionbaseddynamics\source\watersim.cpp(2236): warning C4244: 'initializing' : conversion from 'double' to 'float', possible loss of data
     1>c:\users\samantha\documents\cis 497 dmd senior project\granularmatsim_version3\positionbaseddynamics\source\watersim.cpp(2285): warning C4305: 'initializing' : truncation from 'double' to 'float'
     1>c:\users\samantha\documents\cis 497 dmd senior project\granularmatsim_version3\positionbaseddynamics\source\watersim.cpp(1622): warning C4700: uninitialized local variable 'As' used
     1>c:\users\samantha\documents\cis 497 dmd senior project\granularmatsim_version3\positionbaseddynamics\source\watersim.cpp(1636): warning C4700: uninitialized local variable 'As' used
         All outputs are up-to-date.
       ManifestResourceCompile:
         All outputs are up-to-date.
       Link:
         C:\Program Files (x86)\Microsoft Visual Studio 10.0\VC\bin\link.exe /ERRORREPORT:PROMPT /OUT:"C:\Users\Samantha\Documents\CIS 497 DMD Senior Project\GranularMatSim_Version3\Debug\WaterSim.exe" /INCREMENTAL /NOLOGO /LIBPATH:../glew/lib /LIBPATH:../glfw/lib /LIBPATH:../tinyxml tinyxmld_STL.lib glew32.lib glu32.lib opengl32.lib glfw.lib glfwdll.lib kernel32.lib user32.lib gdi32.lib winspool.lib comdlg32.lib advapi32.lib shell32.lib ole32.lib oleaut32.lib uuid.lib odbc32.lib odbccp32.lib /MANIFEST /ManifestFile:"Debug\WaterSim.exe.intermediate.manifest" /MANIFESTUAC:"level='asInvoker' uiAccess='false'" /DEBUG /PDB:"C:\Users\Samantha\Documents\CIS 497 DMD Senior Project\GranularMatSim_Version3\Debug\WaterSim.pdb" /SUBSYSTEM:CONSOLE /TLBID:1 /DYNAMICBASE /NXCOMPAT /IMPLIB:"C:\Users\Samantha\Documents\CIS 497 DMD Senior Project\GranularMatSim_Version3\Debug\WaterSim.lib" /MACHINE:X86 Debug\WaterSim.exe.embed.manifest.res
         Debug\constraint.obj
         Debug\main.obj
         Debug\point.obj
         Debug\scene.obj
         Debug\sphere.obj
         Debug\stb_image.obj
         Debug\stb_image_write.obj
         Debug\triangle.obj
         Debug\vec.obj
         Debug\WaterSim.obj
       Manifest:
         C:\Program Files (x86)\Microsoft SDKs\Windows\v7.0A\bin\mt.exe /nologo /verbose /out:"Debug\WaterSim.exe.embed.manifest" /manifest Debug\WaterSim.exe.intermediate.manifest
         All outputs are up-to-date.
       LinkEmbedManifest:
         All outputs are up-to-date.
         PositionBasedDynamics.vcxproj -> C:\Users\Samantha\Documents\CIS 497 DMD Senior Project\GranularMatSim_Version3\Debug\WaterSim.exe
       FinalizeBuildStatus:
         Deleting file "Debug\WaterSim.unsuccessfulbuild".
         Touching "Debug\WaterSim.lastbuildstate".
     1>Done Building Project "C:\Users\Samantha\Documents\CIS 497 DMD Senior Project\GranularMatSim_Version3\PositionBasedDynamics\PositionBasedDynamics.vcxproj" (build target(s)).

Build succeeded.

Time Elapsed 00:00:02.46
